<?xml version="1.0" encoding="UTF-8"?>
<coverage generated="1674686717415" clover="3.2.0">
  <project timestamp="1674686717415" name="All files">
    <metrics statements="148" coveredstatements="120" conditionals="80" coveredconditionals="69" methods="39" coveredmethods="16" elements="267" coveredelements="205" complexity="0" loc="148" ncloc="148" packages="2" files="3" classes="3"/>
    <package name="assets.img">
      <metrics statements="1" coveredstatements="1" conditionals="0" coveredconditionals="0" methods="0" coveredmethods="0"/>
      <file name="RiskLogo.png" path="C:\Users\mauze\Documents\GitHub\progetto-risiko-1-risikiamo\frontend\progetto-risiko-risikiamo-frontend\src\assets\img\RiskLogo.png">
        <metrics statements="1" coveredstatements="1" conditionals="0" coveredconditionals="0" methods="0" coveredmethods="0"/>
        <line num="1" count="1" type="stmt"/>
      </file>
    </package>
    <package name="components">
      <metrics statements="147" coveredstatements="119" conditionals="80" coveredconditionals="69" methods="39" coveredmethods="16"/>
      <file name="HomeComponent.vue" path="C:\Users\mauze\Documents\GitHub\progetto-risiko-1-risikiamo\frontend\progetto-risiko-risikiamo-frontend\src\components\HomeComponent.vue">
        <metrics statements="92" coveredstatements="74" conditionals="52" coveredconditionals="47" methods="26" coveredmethods="13"/>
        <line num="4" count="1" type="stmt"/>
        <line num="5" count="1" type="stmt"/>
        <line num="8" count="1" type="stmt"/>
        <line num="9" count="1" type="stmt"/>
        <line num="289" count="1" type="stmt"/>
        <line num="296" count="1" type="stmt"/>
        <line num="302" count="1" type="cond" truecount="3" falsecount="1"/>
        <line num="303" count="0" type="stmt"/>
        <line num="304" count="0" type="stmt"/>
        <line num="305" count="0" type="cond" truecount="0" falsecount="2"/>
        <line num="306" count="0" type="stmt"/>
        <line num="307" count="0" type="stmt"/>
        <line num="310" count="1" type="stmt"/>
        <line num="311" count="1" type="stmt"/>
        <line num="315" count="1" type="stmt"/>
        <line num="317" count="1" type="stmt"/>
        <line num="318" count="2" type="stmt"/>
        <line num="319" count="2" type="stmt"/>
        <line num="320" count="3" type="cond" truecount="2" falsecount="0"/>
        <line num="321" count="1" type="stmt"/>
        <line num="325" count="1" type="stmt"/>
        <line num="328" count="3" type="stmt"/>
        <line num="329" count="3" type="stmt"/>
        <line num="330" count="3" type="stmt"/>
        <line num="334" count="2" type="cond" truecount="2" falsecount="0"/>
        <line num="337" count="1" type="stmt"/>
        <line num="338" count="1" type="stmt"/>
        <line num="341" count="23" type="stmt"/>
        <line num="342" count="23" type="cond" truecount="2" falsecount="2"/>
        <line num="343" count="0" type="stmt"/>
        <line num="345" count="23" type="stmt"/>
        <line num="348" count="1" type="stmt"/>
        <line num="350" count="1" type="stmt"/>
        <line num="351" count="1" type="stmt"/>
        <line num="354" count="1" type="stmt"/>
        <line num="355" count="1" type="stmt"/>
        <line num="356" count="1" type="stmt"/>
        <line num="357" count="1" type="stmt"/>
        <line num="358" count="1" type="stmt"/>
        <line num="359" count="1" type="stmt"/>
        <line num="364" count="1" type="stmt"/>
        <line num="365" count="1" type="stmt"/>
        <line num="366" count="1" type="stmt"/>
        <line num="367" count="1" type="stmt"/>
        <line num="368" count="1" type="stmt"/>
        <line num="369" count="1" type="stmt"/>
        <line num="370" count="1" type="stmt"/>
        <line num="373" count="1" type="stmt"/>
        <line num="374" count="1" type="stmt"/>
        <line num="377" count="1" type="stmt"/>
        <line num="380" count="1" type="stmt"/>
        <line num="383" count="1" type="stmt"/>
        <line num="384" count="1" type="stmt"/>
        <line num="385" count="1" type="stmt"/>
        <line num="386" count="1" type="stmt"/>
        <line num="387" count="1" type="stmt"/>
        <line num="390" count="1" type="stmt"/>
        <line num="391" count="1" type="stmt"/>
        <line num="392" count="1" type="stmt"/>
        <line num="393" count="1" type="stmt"/>
        <line num="396" count="1" type="stmt"/>
        <line num="397" count="1" type="stmt"/>
        <line num="400" count="1" type="stmt"/>
        <line num="403" count="1" type="stmt"/>
        <line num="408" count="1" type="stmt"/>
        <line num="411" count="1" type="stmt"/>
        <line num="414" count="1" type="stmt"/>
        <line num="415" count="1" type="stmt"/>
        <line num="416" count="1" type="stmt"/>
        <line num="419" count="1" type="stmt"/>
        <line num="420" count="1" type="stmt"/>
        <line num="421" count="1" type="stmt"/>
        <line num="422" count="1" type="stmt"/>
        <line num="425" count="22" type="stmt"/>
        <line num="432" count="1" type="cond" truecount="2" falsecount="0"/>
        <line num="437" count="1" type="cond" truecount="2" falsecount="0"/>
        <line num="442" count="1" type="cond" truecount="2" falsecount="0"/>
        <line num="448" count="0" type="cond" truecount="2" falsecount="0"/>
        <line num="454" count="0" type="cond" truecount="2" falsecount="0"/>
        <line num="460" count="0" type="cond" truecount="2" falsecount="0"/>
        <line num="465" count="0" type="cond" truecount="2" falsecount="0"/>
        <line num="469" count="0" type="cond" truecount="2" falsecount="0"/>
        <line num="474" count="0" type="cond" truecount="2" falsecount="0"/>
        <line num="478" count="3" type="cond" truecount="2" falsecount="0"/>
        <line num="484" count="0" type="stmt"/>
        <line num="487" count="0" type="stmt"/>
        <line num="496" count="0" type="stmt"/>
        <line num="508" count="0" type="cond" truecount="2" falsecount="0"/>
        <line num="512" count="0" type="cond" truecount="2" falsecount="0"/>
        <line num="516" count="0" type="cond" truecount="2" falsecount="0"/>
        <line num="520" count="1" type="cond" truecount="2" falsecount="0"/>
        <line num="523" count="1" type="stmt"/>
      </file>
      <file name="MainMenu.vue" path="C:\Users\mauze\Documents\GitHub\progetto-risiko-1-risikiamo\frontend\progetto-risiko-risikiamo-frontend\src\components\MainMenu.vue">
        <metrics statements="55" coveredstatements="45" conditionals="28" coveredconditionals="22" methods="13" coveredmethods="3"/>
        <line num="4" count="1" type="stmt"/>
        <line num="5" count="1" type="stmt"/>
        <line num="8" count="1" type="stmt"/>
        <line num="102" count="2" type="cond" truecount="2" falsecount="0"/>
        <line num="105" count="1" type="stmt"/>
        <line num="106" count="1" type="stmt"/>
        <line num="107" count="1" type="stmt"/>
        <line num="109" count="1" type="stmt"/>
        <line num="111" count="1" type="stmt"/>
        <line num="114" count="1" type="stmt"/>
        <line num="115" count="1" type="stmt"/>
        <line num="116" count="1" type="stmt"/>
        <line num="124" count="1" type="stmt"/>
        <line num="125" count="1" type="stmt"/>
        <line num="126" count="1" type="stmt"/>
        <line num="127" count="1" type="stmt"/>
        <line num="128" count="1" type="stmt"/>
        <line num="129" count="1" type="stmt"/>
        <line num="130" count="1" type="stmt"/>
        <line num="131" count="1" type="stmt"/>
        <line num="132" count="1" type="stmt"/>
        <line num="133" count="1" type="stmt"/>
        <line num="134" count="1" type="stmt"/>
        <line num="135" count="1" type="stmt"/>
        <line num="136" count="1" type="stmt"/>
        <line num="137" count="1" type="stmt"/>
        <line num="138" count="1" type="stmt"/>
        <line num="139" count="1" type="stmt"/>
        <line num="140" count="1" type="stmt"/>
        <line num="141" count="1" type="stmt"/>
        <line num="142" count="1" type="stmt"/>
        <line num="143" count="1" type="stmt"/>
        <line num="144" count="1" type="stmt"/>
        <line num="145" count="1" type="stmt"/>
        <line num="146" count="1" type="stmt"/>
        <line num="147" count="1" type="stmt"/>
        <line num="148" count="1" type="stmt"/>
        <line num="149" count="1" type="stmt"/>
        <line num="150" count="1" type="stmt"/>
        <line num="151" count="1" type="stmt"/>
        <line num="152" count="1" type="stmt"/>
        <line num="153" count="1" type="stmt"/>
        <line num="156" count="1" type="stmt"/>
        <line num="162" count="15" type="stmt"/>
        <line num="166" count="0" type="cond" truecount="0" falsecount="2"/>
        <line num="171" count="0" type="cond" truecount="2" falsecount="0"/>
        <line num="173" count="0" type="cond" truecount="2" falsecount="0"/>
        <line num="177" count="0" type="cond" truecount="0" falsecount="2"/>
        <line num="183" count="0" type="cond" truecount="2" falsecount="0"/>
        <line num="185" count="0" type="cond" truecount="2" falsecount="0"/>
        <line num="188" count="0" type="cond" truecount="2" falsecount="0"/>
        <line num="192" count="0" type="cond" truecount="0" falsecount="2"/>
        <line num="198" count="0" type="cond" truecount="2" falsecount="0"/>
        <line num="204" count="0" type="cond" truecount="2" falsecount="0"/>
        <line num="207" count="1" type="stmt"/>
      </file>
    </package>
  </project>
</coverage>
