{"C:\\Users\\mauze\\Documents\\GitHub\\progetto-risiko-1-risikiamo\\frontend\\progetto-risiko-risikiamo-frontend\\src\\assets\\img\\RiskLogo.png": {"path":"C:\\Users\\mauze\\Documents\\GitHub\\progetto-risiko-1-risikiamo\\frontend\\progetto-risiko-risikiamo-frontend\\src\\assets\\img\\RiskLogo.png","statementMap":{"0":{"start":{"line":1,"column":0},"end":{"line":1,"column":19}}},"fnMap":{},"branchMap":{},"s":{"0":1},"f":{},"b":{},"_coverageSchema":"1a1c01bbd47fc00a2c39e90264f33305004495a9","hash":"942be58281eaa17987c7d9f72577dcb83667e2a8"}
,"C:\\Users\\mauze\\Documents\\GitHub\\progetto-risiko-1-risikiamo\\frontend\\progetto-risiko-risikiamo-frontend\\src\\components\\HomeComponent.vue": {"path":"C:\\Users\\mauze\\Documents\\GitHub\\progetto-risiko-1-risikiamo\\frontend\\progetto-risiko-risikiamo-frontend\\src\\components\\HomeComponent.vue","statementMap":{"0":{"start":{"line":4,"column":29},"end":{"line":4,"column":212}},"1":{"start":{"line":5,"column":0},"end":{"line":7,"column":3}},"2":{"start":{"line":8,"column":0},"end":{"line":8,"column":25}},"3":{"start":{"line":9,"column":0},"end":{"line":9,"column":44}},"4":{"start":{"line":307,"column":0},"end":{"line":311,"column":39}},"5":{"start":{"line":314,"column":0},"end":{"line":318,"column":8}},"6":{"start":{"line":320,"column":2},"end":{"line":330,"column":3}},"7":{"start":{"line":321,"column":16},"end":{"line":321,"column":45}},"8":{"start":{"line":322,"column":20},"end":{"line":322,"column":79}},"9":{"start":{"line":323,"column":4},"end":{"line":326,"column":5}},"10":{"start":{"line":324,"column":6},"end":{"line":324,"column":31}},"11":{"start":{"line":325,"column":6},"end":{"line":325,"column":29}},"12":{"start":{"line":328,"column":4},"end":{"line":328,"column":51}},"13":{"start":{"line":329,"column":4},"end":{"line":329,"column":20}},"14":{"start":{"line":333,"column":19},"end":{"line":333,"column":24}},"15":{"start":{"line":335,"column":2},"end":{"line":342,"column":3}},"16":{"start":{"line":335,"column":15},"end":{"line":335,"column":16}},"17":{"start":{"line":336,"column":20},"end":{"line":336,"column":43}},"18":{"start":{"line":337,"column":4},"end":{"line":341,"column":5}},"19":{"start":{"line":337,"column":17},"end":{"line":337,"column":18}},"20":{"start":{"line":338,"column":6},"end":{"line":340,"column":7}},"21":{"start":{"line":339,"column":8},"end":{"line":339,"column":33}},"22":{"start":{"line":343,"column":2},"end":{"line":343,"column":30}},"23":{"start":{"line":346,"column":22},"end":{"line":346,"column":71}},"24":{"start":{"line":347,"column":2},"end":{"line":349,"column":5}},"25":{"start":{"line":348,"column":4},"end":{"line":348,"column":50}},"26":{"start":{"line":352,"column":2},"end":{"line":352,"column":100}},"27":{"start":{"line":352,"column":36},"end":{"line":352,"column":63}},"28":{"start":{"line":352,"column":68},"end":{"line":352,"column":100}},"29":{"start":{"line":355,"column":22},"end":{"line":355,"column":71}},"30":{"start":{"line":356,"column":2},"end":{"line":356,"column":48}},"31":{"start":{"line":359,"column":14},"end":{"line":359,"column":69}},"32":{"start":{"line":359,"column":46},"end":{"line":359,"column":68}},"33":{"start":{"line":360,"column":2},"end":{"line":364,"column":3}},"34":{"start":{"line":361,"column":4},"end":{"line":361,"column":23}},"35":{"start":{"line":363,"column":4},"end":{"line":363,"column":19}},"36":{"start":{"line":366,"column":0},"end":{"line":366,"column":13}},"37":{"start":{"line":368,"column":29},"end":{"line":368,"column":212}},"38":{"start":{"line":369,"column":0},"end":{"line":371,"column":3}},"39":{"start":{"line":372,"column":0},"end":{"line":372,"column":24}},"40":{"start":{"line":373,"column":11},"end":{"line":373,"column":25}},"41":{"start":{"line":374,"column":16},"end":{"line":374,"column":77}},"42":{"start":{"line":375,"column":32},"end":{"line":375,"column":96}},"43":{"start":{"line":376,"column":32},"end":{"line":376,"column":96}},"44":{"start":{"line":377,"column":32},"end":{"line":381,"column":103}},"45":{"start":{"line":382,"column":32},"end":{"line":382,"column":96}},"46":{"start":{"line":383,"column":32},"end":{"line":383,"column":96}},"47":{"start":{"line":384,"column":32},"end":{"line":384,"column":96}},"48":{"start":{"line":385,"column":32},"end":{"line":385,"column":96}},"49":{"start":{"line":386,"column":32},"end":{"line":386,"column":96}},"50":{"start":{"line":387,"column":32},"end":{"line":387,"column":96}},"51":{"start":{"line":388,"column":20},"end":{"line":390,"column":1}},"52":{"start":{"line":391,"column":33},"end":{"line":391,"column":197}},"53":{"start":{"line":392,"column":33},"end":{"line":394,"column":30}},"54":{"start":{"line":395,"column":33},"end":{"line":397,"column":31}},"55":{"start":{"line":398,"column":33},"end":{"line":400,"column":30}},"56":{"start":{"line":401,"column":33},"end":{"line":401,"column":167}},"57":{"start":{"line":402,"column":33},"end":{"line":402,"column":167}},"58":{"start":{"line":403,"column":33},"end":{"line":403,"column":159}},"59":{"start":{"line":404,"column":33},"end":{"line":404,"column":97}},"60":{"start":{"line":405,"column":20},"end":{"line":407,"column":1}},"61":{"start":{"line":408,"column":33},"end":{"line":408,"column":97}},"62":{"start":{"line":409,"column":20},"end":{"line":409,"column":33}},"63":{"start":{"line":410,"column":33},"end":{"line":410,"column":97}},"64":{"start":{"line":411,"column":20},"end":{"line":413,"column":1}},"65":{"start":{"line":414,"column":33},"end":{"line":414,"column":97}},"66":{"start":{"line":415,"column":20},"end":{"line":417,"column":1}},"67":{"start":{"line":418,"column":20},"end":{"line":420,"column":1}},"68":{"start":{"line":421,"column":33},"end":{"line":425,"column":26}},"69":{"start":{"line":426,"column":20},"end":{"line":428,"column":1}},"70":{"start":{"line":429,"column":20},"end":{"line":431,"column":1}},"71":{"start":{"line":432,"column":20},"end":{"line":432,"column":27}},"72":{"start":{"line":433,"column":33},"end":{"line":433,"column":97}},"73":{"start":{"line":434,"column":20},"end":{"line":436,"column":1}},"74":{"start":{"line":437,"column":33},"end":{"line":437,"column":132}},"75":{"start":{"line":438,"column":33},"end":{"line":438,"column":96}},"76":{"start":{"line":439,"column":33},"end":{"line":439,"column":96}},"77":{"start":{"line":440,"column":33},"end":{"line":440,"column":96}},"78":{"start":{"line":443,"column":2},"end":{"line":540,"column":41}},"79":{"start":{"line":450,"column":6},"end":{"line":450,"column":62}},"80":{"start":{"line":455,"column":6},"end":{"line":455,"column":56}},"81":{"start":{"line":460,"column":6},"end":{"line":460,"column":50}},"82":{"start":{"line":466,"column":63},"end":{"line":466,"column":91}},"83":{"start":{"line":472,"column":63},"end":{"line":472,"column":91}},"84":{"start":{"line":478,"column":63},"end":{"line":478,"column":91}},"85":{"start":{"line":483,"column":63},"end":{"line":483,"column":90}},"86":{"start":{"line":487,"column":63},"end":{"line":487,"column":88}},"87":{"start":{"line":492,"column":63},"end":{"line":492,"column":87}},"88":{"start":{"line":496,"column":6},"end":{"line":496,"column":62}},"89":{"start":{"line":502,"column":4},"end":{"line":512,"column":39}},"90":{"start":{"line":505,"column":6},"end":{"line":511,"column":127}},"91":{"start":{"line":514,"column":4},"end":{"line":522,"column":62}},"92":{"start":{"line":526,"column":65},"end":{"line":526,"column":84}},"93":{"start":{"line":530,"column":65},"end":{"line":530,"column":84}},"94":{"start":{"line":534,"column":65},"end":{"line":534,"column":84}},"95":{"start":{"line":538,"column":6},"end":{"line":538,"column":64}},"96":{"start":{"line":541,"column":2},"end":{"line":541,"column":49}}},"fnMap":{"0":{"name":"changeHoverValue","decl":{"start":{"line":319,"column":9},"end":{"line":319,"column":25}},"loc":{"start":{"line":319,"column":33},"end":{"line":331,"column":1}},"line":319},"1":{"name":"findNameTerritory","decl":{"start":{"line":332,"column":9},"end":{"line":332,"column":26}},"loc":{"start":{"line":332,"column":40},"end":{"line":344,"column":1}},"line":332},"2":{"name":"showWindow","decl":{"start":{"line":345,"column":9},"end":{"line":345,"column":19}},"loc":{"start":{"line":345,"column":29},"end":{"line":350,"column":1}},"line":345},"3":{"name":"(anonymous_3)","decl":{"start":{"line":347,"column":15},"end":{"line":347,"column":16}},"loc":{"start":{"line":347,"column":26},"end":{"line":349,"column":3}},"line":347},"4":{"name":"returnError","decl":{"start":{"line":351,"column":9},"end":{"line":351,"column":20}},"loc":{"start":{"line":351,"column":28},"end":{"line":353,"column":1}},"line":351},"5":{"name":"showMessage","decl":{"start":{"line":354,"column":9},"end":{"line":354,"column":20}},"loc":{"start":{"line":354,"column":30},"end":{"line":357,"column":1}},"line":354},"6":{"name":"colorSet","decl":{"start":{"line":358,"column":9},"end":{"line":358,"column":17}},"loc":{"start":{"line":358,"column":25},"end":{"line":365,"column":1}},"line":358},"7":{"name":"(anonymous_7)","decl":{"start":{"line":359,"column":35},"end":{"line":359,"column":36}},"loc":{"start":{"line":359,"column":46},"end":{"line":359,"column":68}},"line":359},"8":{"name":"render","decl":{"start":{"line":442,"column":9},"end":{"line":442,"column":15}},"loc":{"start":{"line":442,"column":30},"end":{"line":541,"column":1}},"line":442},"9":{"name":"(anonymous_9)","decl":{"start":{"line":449,"column":39},"end":{"line":449,"column":40}},"loc":{"start":{"line":449,"column":51},"end":{"line":451,"column":5}},"line":449},"10":{"name":"(anonymous_10)","decl":{"start":{"line":454,"column":39},"end":{"line":454,"column":40}},"loc":{"start":{"line":454,"column":51},"end":{"line":456,"column":5}},"line":454},"11":{"name":"(anonymous_11)","decl":{"start":{"line":459,"column":39},"end":{"line":459,"column":40}},"loc":{"start":{"line":459,"column":51},"end":{"line":461,"column":5}},"line":459},"12":{"name":"(anonymous_12)","decl":{"start":{"line":466,"column":53},"end":{"line":466,"column":54}},"loc":{"start":{"line":466,"column":63},"end":{"line":466,"column":91}},"line":466},"13":{"name":"(anonymous_13)","decl":{"start":{"line":472,"column":53},"end":{"line":472,"column":54}},"loc":{"start":{"line":472,"column":63},"end":{"line":472,"column":91}},"line":472},"14":{"name":"(anonymous_14)","decl":{"start":{"line":478,"column":53},"end":{"line":478,"column":54}},"loc":{"start":{"line":478,"column":63},"end":{"line":478,"column":91}},"line":478},"15":{"name":"(anonymous_15)","decl":{"start":{"line":483,"column":53},"end":{"line":483,"column":54}},"loc":{"start":{"line":483,"column":63},"end":{"line":483,"column":90}},"line":483},"16":{"name":"(anonymous_16)","decl":{"start":{"line":487,"column":53},"end":{"line":487,"column":54}},"loc":{"start":{"line":487,"column":63},"end":{"line":487,"column":88}},"line":487},"17":{"name":"(anonymous_17)","decl":{"start":{"line":492,"column":53},"end":{"line":492,"column":54}},"loc":{"start":{"line":492,"column":63},"end":{"line":492,"column":87}},"line":492},"18":{"name":"(anonymous_18)","decl":{"start":{"line":495,"column":39},"end":{"line":495,"column":40}},"loc":{"start":{"line":495,"column":51},"end":{"line":497,"column":5}},"line":495},"19":{"name":"(anonymous_19)","decl":{"start":{"line":501,"column":263},"end":{"line":501,"column":264}},"loc":{"start":{"line":501,"column":276},"end":{"line":513,"column":3}},"line":501},"20":{"name":"(anonymous_20)","decl":{"start":{"line":504,"column":270},"end":{"line":504,"column":271}},"loc":{"start":{"line":504,"column":283},"end":{"line":512,"column":5}},"line":504},"21":{"name":"(anonymous_21)","decl":{"start":{"line":513,"column":215},"end":{"line":513,"column":216}},"loc":{"start":{"line":513,"column":223},"end":{"line":523,"column":3}},"line":513},"22":{"name":"(anonymous_22)","decl":{"start":{"line":526,"column":55},"end":{"line":526,"column":56}},"loc":{"start":{"line":526,"column":65},"end":{"line":526,"column":84}},"line":526},"23":{"name":"(anonymous_23)","decl":{"start":{"line":530,"column":55},"end":{"line":530,"column":56}},"loc":{"start":{"line":530,"column":65},"end":{"line":530,"column":84}},"line":530},"24":{"name":"(anonymous_24)","decl":{"start":{"line":534,"column":55},"end":{"line":534,"column":56}},"loc":{"start":{"line":534,"column":65},"end":{"line":534,"column":84}},"line":534},"25":{"name":"(anonymous_25)","decl":{"start":{"line":537,"column":41},"end":{"line":537,"column":42}},"loc":{"start":{"line":537,"column":53},"end":{"line":539,"column":5}},"line":537}},"branchMap":{"0":{"loc":{"start":{"line":320,"column":2},"end":{"line":330,"column":3}},"type":"if","locations":[{"start":{"line":320,"column":2},"end":{"line":330,"column":3}},{"start":{"line":327,"column":9},"end":{"line":330,"column":3}}],"line":320},"1":{"loc":{"start":{"line":320,"column":6},"end":{"line":320,"column":43}},"type":"binary-expr","locations":[{"start":{"line":320,"column":6},"end":{"line":320,"column":19}},{"start":{"line":320,"column":23},"end":{"line":320,"column":43}}],"line":320},"2":{"loc":{"start":{"line":323,"column":4},"end":{"line":326,"column":5}},"type":"if","locations":[{"start":{"line":323,"column":4},"end":{"line":326,"column":5}},{"start":{},"end":{}}],"line":323},"3":{"loc":{"start":{"line":338,"column":6},"end":{"line":340,"column":7}},"type":"if","locations":[{"start":{"line":338,"column":6},"end":{"line":340,"column":7}},{"start":{},"end":{}}],"line":338},"4":{"loc":{"start":{"line":352,"column":2},"end":{"line":352,"column":100}},"type":"if","locations":[{"start":{"line":352,"column":2},"end":{"line":352,"column":100}},{"start":{"line":352,"column":68},"end":{"line":352,"column":100}}],"line":352},"5":{"loc":{"start":{"line":360,"column":2},"end":{"line":364,"column":3}},"type":"if","locations":[{"start":{"line":360,"column":2},"end":{"line":364,"column":3}},{"start":{"line":362,"column":9},"end":{"line":364,"column":3}}],"line":360},"6":{"loc":{"start":{"line":360,"column":6},"end":{"line":360,"column":41}},"type":"binary-expr","locations":[{"start":{"line":360,"column":6},"end":{"line":360,"column":19}},{"start":{"line":360,"column":23},"end":{"line":360,"column":41}}],"line":360},"7":{"loc":{"start":{"line":449,"column":13},"end":{"line":451,"column":6}},"type":"binary-expr","locations":[{"start":{"line":449,"column":13},"end":{"line":449,"column":22}},{"start":{"line":449,"column":27},"end":{"line":451,"column":5}}],"line":449},"8":{"loc":{"start":{"line":450,"column":13},"end":{"line":450,"column":61}},"type":"binary-expr","locations":[{"start":{"line":450,"column":13},"end":{"line":450,"column":28}},{"start":{"line":450,"column":32},"end":{"line":450,"column":61}}],"line":450},"9":{"loc":{"start":{"line":454,"column":13},"end":{"line":456,"column":6}},"type":"binary-expr","locations":[{"start":{"line":454,"column":13},"end":{"line":454,"column":22}},{"start":{"line":454,"column":27},"end":{"line":456,"column":5}}],"line":454},"10":{"loc":{"start":{"line":455,"column":13},"end":{"line":455,"column":55}},"type":"binary-expr","locations":[{"start":{"line":455,"column":13},"end":{"line":455,"column":25}},{"start":{"line":455,"column":29},"end":{"line":455,"column":55}}],"line":455},"11":{"loc":{"start":{"line":459,"column":13},"end":{"line":461,"column":6}},"type":"binary-expr","locations":[{"start":{"line":459,"column":13},"end":{"line":459,"column":22}},{"start":{"line":459,"column":27},"end":{"line":461,"column":5}}],"line":459},"12":{"loc":{"start":{"line":460,"column":13},"end":{"line":460,"column":49}},"type":"binary-expr","locations":[{"start":{"line":460,"column":13},"end":{"line":460,"column":22}},{"start":{"line":460,"column":26},"end":{"line":460,"column":49}}],"line":460},"13":{"loc":{"start":{"line":466,"column":27},"end":{"line":466,"column":92}},"type":"binary-expr","locations":[{"start":{"line":466,"column":27},"end":{"line":466,"column":36}},{"start":{"line":466,"column":41},"end":{"line":466,"column":91}}],"line":466},"14":{"loc":{"start":{"line":472,"column":27},"end":{"line":472,"column":92}},"type":"binary-expr","locations":[{"start":{"line":472,"column":27},"end":{"line":472,"column":36}},{"start":{"line":472,"column":41},"end":{"line":472,"column":91}}],"line":472},"15":{"loc":{"start":{"line":478,"column":27},"end":{"line":478,"column":92}},"type":"binary-expr","locations":[{"start":{"line":478,"column":27},"end":{"line":478,"column":36}},{"start":{"line":478,"column":41},"end":{"line":478,"column":91}}],"line":478},"16":{"loc":{"start":{"line":483,"column":27},"end":{"line":483,"column":91}},"type":"binary-expr","locations":[{"start":{"line":483,"column":27},"end":{"line":483,"column":36}},{"start":{"line":483,"column":41},"end":{"line":483,"column":90}}],"line":483},"17":{"loc":{"start":{"line":487,"column":27},"end":{"line":487,"column":89}},"type":"binary-expr","locations":[{"start":{"line":487,"column":27},"end":{"line":487,"column":36}},{"start":{"line":487,"column":41},"end":{"line":487,"column":88}}],"line":487},"18":{"loc":{"start":{"line":492,"column":27},"end":{"line":492,"column":88}},"type":"binary-expr","locations":[{"start":{"line":492,"column":27},"end":{"line":492,"column":36}},{"start":{"line":492,"column":41},"end":{"line":492,"column":87}}],"line":492},"19":{"loc":{"start":{"line":495,"column":13},"end":{"line":497,"column":6}},"type":"binary-expr","locations":[{"start":{"line":495,"column":13},"end":{"line":495,"column":22}},{"start":{"line":495,"column":27},"end":{"line":497,"column":5}}],"line":495},"20":{"loc":{"start":{"line":496,"column":13},"end":{"line":496,"column":61}},"type":"binary-expr","locations":[{"start":{"line":496,"column":13},"end":{"line":496,"column":28}},{"start":{"line":496,"column":32},"end":{"line":496,"column":61}}],"line":496},"21":{"loc":{"start":{"line":526,"column":27},"end":{"line":526,"column":85}},"type":"binary-expr","locations":[{"start":{"line":526,"column":27},"end":{"line":526,"column":37}},{"start":{"line":526,"column":42},"end":{"line":526,"column":84}}],"line":526},"22":{"loc":{"start":{"line":530,"column":27},"end":{"line":530,"column":85}},"type":"binary-expr","locations":[{"start":{"line":530,"column":27},"end":{"line":530,"column":37}},{"start":{"line":530,"column":42},"end":{"line":530,"column":84}}],"line":530},"23":{"loc":{"start":{"line":534,"column":27},"end":{"line":534,"column":85}},"type":"binary-expr","locations":[{"start":{"line":534,"column":27},"end":{"line":534,"column":37}},{"start":{"line":534,"column":42},"end":{"line":534,"column":84}}],"line":534},"24":{"loc":{"start":{"line":537,"column":13},"end":{"line":539,"column":6}},"type":"binary-expr","locations":[{"start":{"line":537,"column":13},"end":{"line":537,"column":23}},{"start":{"line":537,"column":28},"end":{"line":539,"column":5}}],"line":537},"25":{"loc":{"start":{"line":538,"column":13},"end":{"line":538,"column":63}},"type":"binary-expr","locations":[{"start":{"line":538,"column":13},"end":{"line":538,"column":29}},{"start":{"line":538,"column":33},"end":{"line":538,"column":63}}],"line":538}},"s":{"0":1,"1":1,"2":1,"3":1,"4":1,"5":1,"6":1,"7":0,"8":0,"9":0,"10":0,"11":0,"12":1,"13":1,"14":1,"15":1,"16":1,"17":2,"18":2,"19":2,"20":3,"21":1,"22":1,"23":3,"24":3,"25":3,"26":2,"27":1,"28":1,"29":1,"30":1,"31":23,"32":0,"33":23,"34":0,"35":23,"36":1,"37":1,"38":1,"39":1,"40":1,"41":1,"42":1,"43":1,"44":1,"45":1,"46":1,"47":1,"48":1,"49":1,"50":1,"51":1,"52":1,"53":1,"54":1,"55":1,"56":1,"57":1,"58":1,"59":1,"60":1,"61":1,"62":1,"63":1,"64":1,"65":1,"66":1,"67":1,"68":1,"69":1,"70":1,"71":1,"72":1,"73":1,"74":1,"75":1,"76":1,"77":1,"78":22,"79":1,"80":1,"81":1,"82":0,"83":0,"84":0,"85":0,"86":0,"87":0,"88":3,"89":0,"90":0,"91":0,"92":0,"93":0,"94":0,"95":1,"96":1},"f":{"0":1,"1":1,"2":3,"3":3,"4":2,"5":1,"6":23,"7":0,"8":22,"9":1,"10":1,"11":1,"12":0,"13":0,"14":0,"15":0,"16":0,"17":0,"18":3,"19":0,"20":0,"21":0,"22":0,"23":0,"24":0,"25":1},"b":{"0":[0,1],"1":[1,1],"2":[0,0],"3":[1,2],"4":[1,1],"5":[0,23],"6":[23,0],"7":[22,17],"8":[1,1],"9":[22,17],"10":[1,1],"11":[22,17],"12":[1,1],"13":[22,17],"14":[22,17],"15":[22,17],"16":[22,17],"17":[22,17],"18":[22,17],"19":[22,17],"20":[3,3],"21":[22,17],"22":[22,17],"23":[22,17],"24":[22,17],"25":[1,1]},"inputSourceMap":{"0":"{","1":"\"","2":"v","3":"e","4":"r","5":"s","6":"i","7":"o","8":"n","9":"\"","10":":","11":"3","12":",","13":"\"","14":"s","15":"o","16":"u","17":"r","18":"c","19":"e","20":"s","21":"\"","22":":","23":"[","24":"\"","25":"C","26":":","27":"\\","28":"\\","29":"U","30":"s","31":"e","32":"r","33":"s","34":"\\","35":"\\","36":"m","37":"a","38":"u","39":"z","40":"e","41":"\\","42":"\\","43":"D","44":"o","45":"c","46":"u","47":"m","48":"e","49":"n","50":"t","51":"s","52":"\\","53":"\\","54":"G","55":"i","56":"t","57":"H","58":"u","59":"b","60":"\\","61":"\\","62":"p","63":"r","64":"o","65":"g","66":"e","67":"t","68":"t","69":"o","70":"-","71":"r","72":"i","73":"s","74":"i","75":"k","76":"o","77":"-","78":"1","79":"-","80":"r","81":"i","82":"s","83":"i","84":"k","85":"i","86":"a","87":"m","88":"o","89":"\\","90":"\\","91":"f","92":"r","93":"o","94":"n","95":"t","96":"e","97":"n","98":"d","99":"\\","100":"\\","101":"p","102":"r","103":"o","104":"g","105":"e","106":"t","107":"t","108":"o","109":"-","110":"r","111":"i","112":"s","113":"i","114":"k","115":"o","116":"-","117":"r","118":"i","119":"s","120":"i","121":"k","122":"i","123":"a","124":"m","125":"o","126":"-","127":"f","128":"r","129":"o","130":"n","131":"t","132":"e","133":"n","134":"d","135":"\\","136":"\\","137":"s","138":"r","139":"c","140":"\\","141":"\\","142":"c","143":"o","144":"m","145":"p","146":"o","147":"n","148":"e","149":"n","150":"t","151":"s","152":"\\","153":"\\","154":"H","155":"o","156":"m","157":"e","158":"C","159":"o","160":"m","161":"p","162":"o","163":"n","164":"e","165":"n","166":"t","167":".","168":"v","169":"u","170":"e","171":"\"","172":"]","173":",","174":"\"","175":"n","176":"a","177":"m","178":"e","179":"s","180":"\"","181":":","182":"[","183":"]","184":",","185":"\"","186":"m","187":"a","188":"p","189":"p","190":"i","191":"n","192":"g","193":"s","194":"\"","195":":","196":"\"","197":";","198":";","199":";","200":";","201":";","202":";","203":";","204":";","205":";","206":"A","207":"A","208":"C","209":"A","210":";","211":"A","212":"A","213":"A","214":"A","215":";","216":"A","217":"A","218":"A","219":"A","220":";","221":"A","222":"A","223":"C","224":"A","225":";","226":"A","227":"A","228":"A","229":"A","230":";","231":"A","232":"A","233":"A","234":"A","235":";","236":"A","237":"A","238":"A","239":"0","240":"B","241":";","242":"A","243":"A","244":"A","245":"A","246":",","247":"e","248":"A","249":"C","250":"X","251":";","252":"E","253":"A","254":"G","255":"X","256":",","257":"I","258":"A","259":"A","260":"I","261":",","262":"E","263":"A","264":"A","265":"E","266":",","267":"e","268":"A","269":"A","270":"e","271":";","272":"E","273":"A","274":"C","275":"r","276":"B","277":",","278":"I","279":"A","280":"A","281":"I","282":",","283":"G","284":"A","285":"A","286":"G","287":";","288":"I","289":"A","290":"C","291":"H","292":",","293":"O","294":"A","295":"A","296":"O","297":";","298":"M","299":"A","300":"C","301":"H","302":",","303":"O","304":"A","305":"A","306":"O","307":",","308":"E","309":"A","310":"A","311":"E","312":",","313":"E","314":"A","315":"A","316":"E","317":";","318":"M","319":"A","320":"C","321":"X","322":",","323":"Q","324":"A","325":"A","326":"Q","327":",","328":"E","329":"A","330":"A","331":"E","332":",","333":"E","334":"A","335":"A","336":"E","337":";","338":"M","339":"A","340":"C","341":"Z","342":",","343":"c","344":"A","345":"A","346":"c","347":",","348":"E","349":"A","350":"A","351":"E","352":",","353":"E","354":"A","355":"A","356":"E","357":";","358":"M","359":"A","360":"C","361":"l","362":"B","363":",","364":"a","365":"A","366":"A","367":"a","368":",","369":"E","370":"A","371":"A","372":"E","373":",","374":"E","375":"A","376":"A","377":"E","378":";","379":"M","380":"A","381":"C","382":"j","383":"B","384":",","385":"W","386":"A","387":"A","388":"W","389":",","390":"E","391":"A","392":"A","393":"E","394":",","395":"E","396":"A","397":"A","398":"E","399":";","400":"M","401":"A","402":"C","403":"f","404":",","405":"U","406":"A","407":"A","408":"U","409":",","410":"E","411":"A","412":"A","413":"E","414":",","415":"C","416":"A","417":"A","418":"C","419":";","420":"M","421":"A","422":"C","423":"b","424":",","425":"W","426":"A","427":"A","428":"W","429":",","430":"E","431":"A","432":"A","433":"E","434":",","435":"K","436":"A","437":"A","438":"K","439":";","440":"M","441":"A","442":"C","443":"l","444":"B","445":",","446":"O","447":"A","448":"A","449":"O","450":",","451":"E","452":"A","453":"A","454":"E","455":",","456":"I","457":"A","458":"A","459":"I","460":",","461":"C","462":"A","463":"A","464":"C","465":",","466":"M","467":"A","468":"A","469":"M","470":",","471":"C","472":"A","473":"A","474":"C","475":",","476":"K","477":"A","478":"A","479":"K","480":",","481":"C","482":"A","483":"A","484":"C","485":",","486":"E","487":"A","488":"A","489":"E","490":";","491":"M","492":"A","493":"C","494":"7","495":"B","496":",","497":"U","498":"A","499":"A","500":"U","501":",","502":"E","503":"A","504":"A","505":"E","506":",","507":"I","508":"A","509":"A","510":"I","511":",","512":"C","513":"A","514":"A","515":"C","516":",","517":"M","518":"A","519":"A","520":"M","521":",","522":"C","523":"A","524":"A","525":"C","526":",","527":"K","528":"A","529":"A","530":"K","531":",","532":"C","533":"A","534":"A","535":"C","536":",","537":"I","538":"A","539":"A","540":"I","541":";","542":"M","543":"A","544":"C","545":"l","546":"C","547":",","548":"a","549":"A","550":"A","551":"a","552":",","553":"E","554":"A","555":"A","556":"E","557":",","558":"C","559":"A","560":"A","561":"C","562":";","563":"M","564":"A","565":"C","566":"h","567":"B","568":",","569":"G","570":"A","571":"A","572":"G","573":",","574":"E","575":"A","576":"A","577":"E","578":",","579":"I","580":"A","581":"A","582":"I","583":";","584":"M","585":"A","586":"C","587":"T","588":",","589":"K","590":"A","591":"A","592":"K","593":",","594":"E","595":"A","596":"A","597":"E","598":",","599":"E","600":"A","601":"A","602":"E","603":";","604":"M","605":"A","606":"C","607":"T","608":",","609":"Q","610":"A","611":"A","612":"Q","613":",","614":"E","615":"A","616":"A","617":"E","618":",","619":"E","620":"A","621":"A","622":"E","623":";","624":"M","625":"A","626":"C","627":"Z","628":",","629":"U","630":"A","631":"A","632":"U","633":",","634":"E","635":"A","636":"A","637":"E","638":",","639":"E","640":"A","641":"A","642":"E","643":";","644":"M","645":"A","646":"C","647":"d","648":",","649":"M","650":"A","651":"A","652":"M","653":",","654":"E","655":"A","656":"A","657":"E","658":",","659":"E","660":"A","661":"A","662":"E","663":";","664":"M","665":"A","666":"C","667":"V","668":",","669":"a","670":"A","671":"A","672":"a","673":",","674":"E","675":"A","676":"A","677":"E","678":",","679":"I","680":"A","681":"A","682":"I","683":";","684":"M","685":"A","686":"C","687":"n","688":"B","689":",","690":"O","691":"A","692":"A","693":"O","694":",","695":"E","696":"A","697":"A","698":"E","699":",","700":"E","701":"A","702":"A","703":"E","704":";","705":"M","706":"A","707":"C","708":"X","709":",","710":"U","711":"A","712":"A","713":"U","714":",","715":"E","716":"A","717":"A","718":"E","719":",","720":"I","721":"A","722":"A","723":"I","724":";","725":"M","726":"A","727":"C","728":"h","729":"B","730":",","731":"W","732":"A","733":"A","734":"W","735":",","736":"E","737":"A","738":"A","739":"E","740":",","741":"I","742":"A","743":"A","744":"I","745":";","746":"M","747":"A","748":"C","749":"j","750":"B","751":",","752":"I","753":"A","754":"A","755":"I","756":",","757":"E","758":"A","759":"A","760":"E","761":",","762":"C","763":"A","764":"A","765":"C","766":";","767":"M","768":"A","769":"C","770":"P","771":",","772":"U","773":"A","774":"A","775":"U","776":",","777":"E","778":"A","779":"A","780":"E","781":",","782":"K","783":"A","784":"A","785":"K","786":";","787":"M","788":"A","789":"C","790":"j","791":"B","792":",","793":"e","794":"A","795":"A","796":"e","797":",","798":"E","799":"A","800":"A","801":"E","802":";","803":"Q","804":"A","805":"A","806":"E","807":",","808":"E","809":"A","810":"A","811":"E","812":",","813":"E","814":"A","815":"A","816":"E","817":",","818":"C","819":"A","820":"A","821":"C","822":";","823":"Q","824":"A","825":"A","826":"E","827":",","828":"E","829":"A","830":"A","831":"E","832":",","833":"E","834":"A","835":"A","836":"E","837":";","838":"M","839":"A","840":"A","841":"E","842":",","843":"C","844":"A","845":"A","846":"C","847":";","848":"M","849":"A","850":"C","851":"j","852":"C","853":",","854":"e","855":"A","856":"A","857":"e","858":",","859":"E","860":"A","861":"A","862":"E","863":";","864":"Q","865":"A","866":"A","867":"E","868":",","869":"E","870":"A","871":"A","872":"E","873":",","874":"E","875":"A","876":"A","877":"E","878":",","879":"C","880":"A","881":"A","882":"C","883":";","884":"Q","885":"A","886":"A","887":"E","888":",","889":"E","890":"A","891":"A","892":"E","893":",","894":"E","895":"A","896":"A","897":"E","898":";","899":"M","900":"A","901":"A","902":"E","903":",","904":"C","905":"A","906":"A","907":"C","908":";","909":"M","910":"A","911":"C","912":"j","913":"C","914":",","915":"M","916":"A","917":"A","918":"M","919":",","920":"E","921":"A","922":"A","923":"E","924":",","925":"G","926":"A","927":"A","928":"G","929":";","930":"M","931":"A","932":"C","933":"X","934":",","935":"K","936":"A","937":"A","938":"K","939":",","940":"E","941":"A","942":"A","943":"E","944":",","945":"I","946":"A","947":"A","948":"I","949":";","950":"M","951":"A","952":"C","953":"X","954":",","955":"C","956":"A","957":"A","958":"C","959":",","960":"E","961":"A","962":"A","963":"E","964":",","965":"C","966":"A","967":"A","968":"C","969":";","970":"M","971":"A","972":"C","973":"J","974":",","975":"C","976":"A","977":"A","978":"C","979":",","980":"E","981":"A","982":"A","983":"E","984":",","985":"C","986":"A","987":"A","988":"C","989":";","990":"M","991":"A","992":"C","993":"J","994":",","995":"K","996":"A","997":"A","998":"K","999":",","1000":"E","1001":"A","1002":"A","1003":"E","1004":",","1005":"C","1006":"A","1007":"A","1008":"C","1009":";","1010":"M","1011":"A","1012":"C","1013":"R","1014":",","1015":"K","1016":"A","1017":"A","1018":"K","1019":",","1020":"E","1021":"A","1022":"A","1023":"E","1024":",","1025":"C","1026":"A","1027":"A","1028":"C","1029":";","1030":"M","1031":"A","1032":"C","1033":"R","1034":",","1035":"a","1036":"A","1037":"A","1038":"a","1039":",","1040":"E","1041":"A","1042":"A","1043":"E","1044":",","1045":"E","1046":"A","1047":"A","1048":"E","1049":";","1050":"M","1051":"A","1052":"C","1053":"j","1054":"B","1055":",","1056":"M","1057":"A","1058":"A","1059":"M","1060":",","1061":"E","1062":"A","1063":"A","1064":"E","1065":",","1066":"I","1067":"A","1068":"A","1069":"I","1070":";","1071":"M","1072":"A","1073":"C","1074":"Z","1075":",","1076":"K","1077":"A","1078":"A","1079":"K","1080":",","1081":"E","1082":"A","1083":"A","1084":"E","1085":",","1086":"E","1087":"A","1088":"A","1089":"E","1090":";","1091":"M","1092":"A","1093":"C","1094":"T","1095":",","1096":"S","1097":"A","1098":"A","1099":"S","1100":",","1101":"E","1102":"A","1103":"A","1104":"E","1105":",","1106":"E","1107":"A","1108":"A","1109":"E","1110":";","1111":"M","1112":"A","1113":"C","1114":"b","1115":",","1116":"U","1117":"A","1118":"A","1119":"U","1120":",","1121":"E","1122":"A","1123":"A","1124":"E","1125":",","1126":"E","1127":"A","1128":"A","1129":"E","1130":";","1131":"M","1132":"A","1133":"C","1134":"d","1135":",","1136":"S","1137":"A","1138":"A","1139":"S","1140":",","1141":"E","1142":"A","1143":"A","1144":"E","1145":",","1146":"I","1147":"A","1148":"A","1149":"I","1150":";","1151":"M","1152":"A","1153":"C","1154":"f","1155":",","1156":"U","1157":"A","1158":"A","1159":"U","1160":",","1161":"E","1162":"A","1163":"A","1164":"E","1165":",","1166":"E","1167":"A","1168":"A","1169":"E","1170":";","1171":"M","1172":"A","1173":"C","1174":"d","1175":",","1176":"I","1177":"A","1178":"A","1179":"I","1180":",","1181":"E","1182":"A","1183":"A","1184":"E","1185":",","1186":"I","1187":"A","1188":"A","1189":"I","1190":";","1191":"M","1192":"A","1193":"C","1194":"V","1195":",","1196":"I","1197":"A","1198":"A","1199":"I","1200":",","1201":"E","1202":"A","1203":"A","1204":"E","1205":";","1206":"I","1207":"A","1208":"E","1209":"V","1210":",","1211":"C","1212":"A","1213":"A","1214":"C","1215":";","1216":"E","1217":"A","1218":"E","1219":"L","1220":",","1221":"C","1222":"A","1223":"A","1224":"C","1225":";","1226":"E","1227":"A","1228":"E","1229":"D","1230":",","1231":"O","1232":"A","1233":"A","1234":"O","1235":",","1236":"E","1237":"A","1238":"A","1239":"E","1240":";","1241":"I","1242":"A","1243":"C","1244":"L","1245":",","1246":"Q","1247":"A","1248":"A","1249":"Q","1250":",","1251":"E","1252":"A","1253":"A","1254":"E","1255":",","1256":"Q","1257":"A","1258":"A","1259":"Q","1260":";","1261":"I","1262":"A","1263":"C","1264":"l","1265":"B","1266":",","1267":"Q","1268":"A","1269":"A","1270":"Q","1271":",","1272":"E","1273":"A","1274":"A","1275":"E","1276":",","1277":"Y","1278":"A","1279":"A","1280":"Y","1281":";","1282":"M","1283":"A","1284":"C","1285":"l","1286":"B","1287":",","1288":"a","1289":"A","1290":"A","1291":"a","1292":",","1293":"C","1294":"A","1295":"A","1296":"C","1297":",","1298":"I","1299":"A","1300":"A","1301":"I","1302":",","1303":"C","1304":"A","1305":"A","1306":"C","1307":",","1308":"I","1309":"A","1310":"A","1311":"I","1312":",","1313":"C","1314":"A","1315":"A","1316":"C","1317":";","1318":"M","1319":"A","1320":"C","1321":"x","1322":"B","1323":",","1324":"a","1325":"A","1326":"A","1327":"a","1328":",","1329":"C","1330":"A","1331":"A","1332":"C","1333":",","1334":"I","1335":"A","1336":"A","1337":"I","1338":",","1339":"C","1340":"A","1341":"A","1342":"C","1343":",","1344":"I","1345":"A","1346":"A","1347":"I","1348":",","1349":"C","1350":"A","1351":"A","1352":"C","1353":";","1354":"I","1355":"A","1356":"C","1357":"5","1358":"B","1359":",","1360":"C","1361":"A","1362":"A","1363":"C","1364":";","1365":"I","1366":"A","1367":"C","1368":"D","1369":",","1370":"W","1371":"A","1372":"A","1373":"W","1374":",","1375":"E","1376":"A","1377":"A","1378":"E","1379":",","1380":"W","1381":"A","1382":"A","1383":"W","1384":";","1385":"I","1386":"A","1387":"C","1388":"x","1389":"B","1390":",","1391":"W","1392":"A","1393":"A","1394":"W","1395":",","1396":"E","1397":"A","1398":"A","1399":"E","1400":",","1401":"W","1402":"A","1403":"A","1404":"W","1405":";","1406":"I","1407":"A","1408":"C","1409":"x","1410":"B","1411":",","1412":"U","1413":"A","1414":"A","1415":"U","1416":",","1417":"E","1418":"A","1419":"A","1420":"E","1421":",","1422":"U","1423":"A","1424":"A","1425":"U","1426":";","1427":"I","1428":"A","1429":"C","1430":"t","1431":"B","1432":",","1433":"i","1434":"B","1435":"A","1436":"A","1437":"i","1438":"B","1439":",","1440":"E","1441":"A","1442":"A","1443":"E","1444":",","1445":"i","1446":"B","1447":"A","1448":"A","1449":"i","1450":"B","1451":";","1452":"I","1453":"A","1454":"C","1455":"p","1456":"C","1457":",","1458":"g","1459":"B","1460":"A","1461":"A","1462":"g","1463":"B","1464":",","1465":"E","1466":"A","1467":"A","1468":"E","1469":",","1470":"g","1471":"B","1472":"A","1473":"A","1474":"g","1475":"B","1476":";","1477":"I","1478":"A","1479":"C","1480":"l","1481":"C","1482":",","1483":"U","1484":"A","1485":"A","1486":"U","1487":",","1488":"G","1489":"A","1490":"A","1491":"G","1492":";","1493":"M","1494":"A","1495":"E","1496":"T","1497":";","1498":"M","1499":"A","1500":"A","1501":"A","1502":";","1503":"M","1504":"A","1505":"A","1506":"A","1507":";","1508":"M","1509":"A","1510":"A","1511":"A","1512":",","1513":"O","1514":"A","1515":"A","1516":"K","1517":",","1518":"C","1519":"A","1520":"A","1521":"C","1522":",","1523":"G","1524":"A","1525":"A","1526":"G","1527":",","1528":"C","1529":"A","1530":"A","1531":"C","1532":",","1533":"o","1534":"C","1535":"A","1536":"A","1537":"o","1538":"C","1539":",","1540":"G","1541":"A","1542":"A","1543":"G","1544":",","1545":"I","1546":"A","1547":"A","1548":"I","1549":",","1550":"C","1551":"A","1552":"A","1553":"C","1554":",","1555":"O","1556":"A","1557":"A","1558":"O","1559":",","1560":"G","1561":"A","1562":"A","1563":"G","1564":",","1565":"Q","1566":"A","1567":"A","1568":"Q","1569":",","1570":"C","1571":"A","1572":"A","1573":"C","1574":",","1575":"C","1576":"A","1577":"C","1578":"p","1579":"E","1580":",","1581":"I","1582":"A","1583":"A","1584":"I","1585":",","1586":"C","1587":"A","1588":"A","1589":"C","1590":",","1591":"Q","1592":"A","1593":"A","1594":"Q","1595":",","1596":"I","1597":"A","1598":"A","1599":"I","1600":";","1601":"Q","1602":"A","1603":"C","1604":"d","1605":",","1606":"I","1607":"A","1608":"A","1609":"I","1610":",","1611":"C","1612":"A","1613":"A","1614":"C","1615":",","1616":"W","1617":"A","1618":"A","1619":"W","1620":",","1621":"G","1622":"A","1623":"A","1624":"G","1625":",","1626":"Q","1627":"A","1628":"A","1629":"Q","1630":",","1631":"C","1632":"A","1633":"A","1634":"C","1635":",","1636":"I","1637":"A","1638":"A","1639":"I","1640":",","1641":"C","1642":"A","1643":"A","1644":"C","1645":",","1646":"W","1647":"A","1648":"A","1649":"W","1650":";","1651":"Q","1652":"A","1653":"C","1654":"5","1655":"C","1656":",","1657":"I","1658":"A","1659":"A","1660":"I","1661":",","1662":"C","1663":"A","1664":"A","1665":"C","1666":",","1667":"O","1668":"A","1669":"A","1670":"O","1671":",","1672":"G","1673":"A","1674":"A","1675":"G","1676":",","1677":"Q","1678":"A","1679":"A","1680":"Q","1681":",","1682":"C","1683":"A","1684":"A","1685":"C","1686":",","1687":"I","1688":"A","1689":"A","1690":"I","1691":";","1692":"Q","1693":"A","1694":"C","1695":"5","1696":"B","1697":",","1698":"I","1699":"A","1700":"A","1701":"I","1702":",","1703":"C","1704":"A","1705":"A","1706":"C","1707":",","1708":"U","1709":"A","1710":"A","1711":"U","1712":",","1713":"G","1714":"A","1715":"A","1716":"G","1717":",","1718":"Q","1719":"A","1720":"A","1721":"Q","1722":",","1723":"C","1724":"A","1725":"A","1726":"C","1727":",","1728":"I","1729":"A","1730":"A","1731":"I","1732":",","1733":"C","1734":"A","1735":"A","1736":"C","1737":",","1738":"O","1739":"A","1740":"A","1741":"O","1742":";","1743":"Q","1744":"A","1745":"C","1746":"v","1747":"C","1748":",","1749":"K","1750":"A","1751":"A","1752":"K","1753":",","1754":"I","1755":"A","1756":"A","1757":"I","1758":",","1759":"C","1760":"A","1761":"A","1762":"C","1763":",","1764":"G","1765":"A","1766":"A","1767":"G","1768":",","1769":"C","1770":"A","1771":"A","1772":"C","1773":",","1774":"E","1775":"A","1776":"A","1777":"E","1778":",","1779":"C","1780":"A","1781":"A","1782":"C","1783":",","1784":"G","1785":"A","1786":"A","1787":"G","1788":",","1789":"Q","1790":"A","1791":"A","1792":"Q","1793":",","1794":"C","1795":"A","1796":"A","1797":"C","1798":",","1799":"I","1800":"A","1801":"A","1802":"I","1803":",","1804":"C","1805":"A","1806":"A","1807":"C","1808":",","1809":"O","1810":"A","1811":"A","1812":"O","1813":",","1814":"C","1815":"A","1816":"A","1817":"C","1818":",","1819":"M","1820":"A","1821":"A","1822":"M","1823":",","1824":"E","1825":"A","1826":"A","1827":"E","1828":",","1829":"C","1830":"A","1831":"A","1832":"C","1833":",","1834":"E","1835":"A","1836":"A","1837":"E","1838":",","1839":"E","1840":"A","1841":"A","1842":"E","1843":";","1844":"U","1845":"A","1846":"C","1847":"n","1848":"D","1849":",","1850":"I","1851":"A","1852":"A","1853":"I","1854":",","1855":"Q","1856":"A","1857":"A","1858":"Q","1859":",","1860":"C","1861":"A","1862":"A","1863":"C","1864":",","1865":"I","1866":"A","1867":"A","1868":"I","1869":",","1870":"C","1871":"A","1872":"A","1873":"C","1874":",","1875":"O","1876":"A","1877":"A","1878":"O","1879":",","1880":"C","1881":"A","1882":"A","1883":"C","1884":",","1885":"C","1886":"A","1887":"A","1888":"C","1889":",","1890":"C","1891":"A","1892":"A","1893":"C","1894":",","1895":"C","1896":"A","1897":"A","1898":"C","1899":",","1900":"I","1901":"A","1902":"A","1903":"I","1904":",","1905":"I","1906":"A","1907":"A","1908":"I","1909":",","1910":"I","1911":"A","1912":"A","1913":"I","1914":",","1915":"C","1916":"A","1917":"A","1918":"C","1919":",","1920":"U","1921":"A","1922":"A","1923":"U","1924":",","1925":"E","1926":"A","1927":"A","1928":"E","1929":";","1930":"Y","1931":"A","1932":"C","1933":"l","1934":"D","1935":",","1936":"I","1937":"A","1938":"A","1939":"I","1940":",","1941":"C","1942":"A","1943":"A","1944":"C","1945":",","1946":"M","1947":"A","1948":"A","1949":"M","1950":",","1951":"G","1952":"A","1953":"A","1954":"G","1955":",","1956":"Q","1957":"A","1958":"A","1959":"Q","1960":",","1961":"C","1962":"A","1963":"A","1964":"C","1965":",","1966":"I","1967":"A","1968":"A","1969":"I","1970":",","1971":"C","1972":"A","1973":"A","1974":"C","1975":",","1976":"O","1977":"A","1978":"A","1979":"O","1980":",","1981":"C","1982":"A","1983":"A","1984":"C","1985":",","1986":"C","1987":"A","1988":"A","1989":"C","1990":",","1991":"C","1992":"A","1993":"A","1994":"C","1995":";","1996":"U","1997":"A","1998":"E","1999":"1","2000":"C","2001":";","2002":"Q","2003":"A","2004":"C","2005":"J","2006":";","2007":"Q","2008":"A","2009":"C","2010":"A","2011":",","2012":"I","2013":"A","2014":"A","2015":"I","2016":",","2017":"C","2018":"A","2019":"A","2020":"C","2021":",","2022":"a","2023":"A","2024":"A","2025":"a","2026":",","2027":"G","2028":"A","2029":"A","2030":"G","2031":",","2032":"Q","2033":"A","2034":"A","2035":"Q","2036":",","2037":"C","2038":"A","2039":"A","2040":"C","2041":",","2042":"I","2043":"A","2044":"A","2045":"I","2046":",","2047":"C","2048":"A","2049":"A","2050":"C","2051":",","2052":"a","2053":"A","2054":"A","2055":"a","2056":";","2057":"Q","2058":"A","2059":"C","2060":"h","2061":"D","2062":",","2063":"I","2064":"A","2065":"A","2066":"I","2067":",","2068":"C","2069":"A","2070":"A","2071":"C","2072":",","2073":"U","2074":"A","2075":"A","2076":"U","2077":",","2078":"G","2079":"A","2080":"A","2081":"G","2082":",","2083":"Q","2084":"A","2085":"A","2086":"Q","2087":",","2088":"C","2089":"A","2090":"A","2091":"C","2092":",","2093":"I","2094":"A","2095":"A","2096":"I","2097":",","2098":"C","2099":"A","2100":"A","2101":"C","2102":",","2103":"G","2104":"A","2105":"A","2106":"G","2107":",","2108":"C","2109":"A","2110":"A","2111":"C","2112":",","2113":"U","2114":"A","2115":"A","2116":"U","2117":";","2118":"Q","2119":"A","2120":"C","2121":"9","2122":"C","2123":",","2124":"I","2125":"A","2126":"A","2127":"I","2128":",","2129":"C","2130":"A","2131":"A","2132":"C","2133":",","2134":"M","2135":"A","2136":"A","2137":"M","2138":",","2139":"G","2140":"A","2141":"A","2142":"G","2143":",","2144":"Q","2145":"A","2146":"A","2147":"Q","2148":",","2149":"C","2150":"A","2151":"A","2152":"C","2153":",","2154":"I","2155":"A","2156":"A","2157":"I","2158":",","2159":"C","2160":"A","2161":"A","2162":"C","2163":",","2164":"M","2165":"A","2166":"A","2167":"M","2168":";","2169":"M","2170":"A","2171":"E","2172":"t","2173":"C","2174":",","2175":"C","2176":"A","2177":"A","2178":"C","2179":",","2180":"C","2181":"A","2182":"A","2183":"C","2184":",","2185":"C","2186":"A","2187":"A","2188":"C","2189":",","2190":"K","2191":"A","2192":"A","2193":"K","2194":",","2195":"C","2196":"A","2197":"A","2198":"C","2199":",","2200":"M","2201":"A","2202":"A","2203":"M","2204":";","2205":"Q","2206":"A","2207":"G","2208":"X","2209":",","2210":"I","2211":"A","2212":"A","2213":"I","2214":",","2215":"C","2216":"A","2217":"A","2218":"C","2219":",","2220":"Q","2221":"A","2222":"A","2223":"Q","2224":",","2225":"E","2226":"A","2227":"A","2228":"E","2229":";","2230":"Q","2231":"A","2232":"C","2233":"f","2234":",","2235":"I","2236":"A","2237":"A","2238":"I","2239":",","2240":"C","2241":"A","2242":"A","2243":"C","2244":",","2245":"O","2246":"A","2247":"A","2248":"O","2249":",","2250":"C","2251":"A","2252":"A","2253":"C","2254":",","2255":"I","2256":"A","2257":"A","2258":"I","2259":",","2260":"C","2261":"A","2262":"A","2263":"C","2264":";","2265":"U","2266":"A","2267":"A","2268":"E","2269":",","2270":"I","2271":"A","2272":"A","2273":"I","2274":",","2275":"E","2276":"A","2277":"A","2278":"E","2279":",","2280":"W","2281":"A","2282":"A","2283":"W","2284":";","2285":"U","2286":"A","2287":"A","2288":"E","2289":",","2290":"K","2291":"A","2292":"A","2293":"K","2294":",","2295":"E","2296":"A","2297":"A","2298":"E","2299":";","2300":"Y","2301":"A","2302":"A","2303":"E","2304":",","2305":"K","2306":"A","2307":"A","2308":"K","2309":",","2310":"E","2311":"A","2312":"A","2313":"E","2314":";","2315":"U","2316":"A","2317":"A","2318":"u","2319":"B","2320":";","2321":"Q","2322":"A","2323":"A","2324":"E","2325":",","2326":"C","2327":"A","2328":"A","2329":"C","2330":",","2331":"C","2332":"A","2333":"A","2334":"C","2335":";","2336":"M","2337":"A","2338":"G","2339":"t","2340":"F","2341":",","2342":"C","2343":"A","2344":"A","2345":"C","2346":",","2347":"C","2348":"A","2349":"A","2350":"C","2351":";","2352":"I","2353":"A","2354":"G","2355":"V","2356":",","2357":"C","2358":"A","2359":"A","2360":"C","2361":";","2362":"I","2363":"A","2364":"C","2365":"D","2366":",","2367":"M","2368":"A","2369":"A","2370":"M","2371":",","2372":"K","2373":"A","2374":"A","2375":"K","2376":",","2377":"C","2378":"A","2379":"A","2380":"C","2381":",","2382":"K","2383":"A","2384":"A","2385":"K","2386":",","2387":"E","2388":"A","2389":"A","2390":"E","2391":",","2392":"I","2393":"A","2394":"A","2395":"I","2396":",","2397":"E","2398":"A","2399":"A","2400":"E","2401":";","2402":"M","2403":"A","2404":"C","2405":"r","2406":"B","2407":",","2408":"I","2409":"A","2410":"A","2411":"I","2412":",","2413":"Q","2414":"A","2415":"A","2416":"Q","2417":",","2418":"G","2419":"A","2420":"A","2421":"G","2422":",","2423":"M","2424":"A","2425":"A","2426":"M","2427":";","2428":"Q","2429":"A","2430":"A","2431":"A","2432":";","2433":"Q","2434":"A","2435":"A","2436":"A","2437":";","2438":"Q","2439":"A","2440":"A","2441":"A","2442":";","2443":"Q","2444":"A","2445":"A","2446":"A","2447":",","2448":"O","2449":"A","2450":"A","2451":"K","2452":",","2453":"C","2454":"A","2455":"A","2456":"C","2457":",","2458":"G","2459":"A","2460":"A","2461":"G","2462":",","2463":"C","2464":"A","2465":"A","2466":"C","2467":",","2468":"o","2469":"C","2470":"A","2471":"A","2472":"o","2473":"C","2474":",","2475":"G","2476":"A","2477":"A","2478":"G","2479":",","2480":"I","2481":"A","2482":"A","2483":"I","2484":",","2485":"C","2486":"A","2487":"A","2488":"C","2489":",","2490":"O","2491":"A","2492":"A","2493":"O","2494":",","2495":"G","2496":"A","2497":"A","2498":"G","2499":",","2500":"Q","2501":"A","2502":"A","2503":"Q","2504":",","2505":"G","2506":"A","2507":"A","2508":"G","2509":",","2510":"I","2511":"A","2512":"A","2513":"I","2514":",","2515":"C","2516":"A","2517":"A","2518":"C","2519":",","2520":"U","2521":"A","2522":"A","2523":"U","2524":",","2525":"G","2526":"A","2527":"A","2528":"G","2529":",","2530":"e","2531":"A","2532":"A","2533":"e","2534":",","2535":"G","2536":"A","2537":"A","2538":"G","2539":",","2540":"I","2541":"A","2542":"A","2543":"I","2544":",","2545":"G","2546":"A","2547":"A","2548":"G","2549":",","2550":"Q","2551":"A","2552":"A","2553":"Q","2554":",","2555":"G","2556":"A","2557":"A","2558":"G","2559":",","2560":"K","2561":"A","2562":"A","2563":"K","2564":",","2565":"C","2566":"A","2567":"A","2568":"C","2569":",","2570":"C","2571":"A","2572":"C","2573":"v","2574":"J","2575":",","2576":"I","2577":"A","2578":"A","2579":"I","2580":",","2581":"C","2582":"A","2583":"A","2584":"C","2585":",","2586":"Q","2587":"A","2588":"A","2589":"Q","2590":",","2591":"I","2592":"A","2593":"A","2594":"I","2595":";","2596":"U","2597":"A","2598":"C","2599":"d","2600":",","2601":"O","2602":"A","2603":"A","2604":"O","2605":",","2606":"Q","2607":"A","2608":"A","2609":"Q","2610":",","2611":"C","2612":"A","2613":"A","2614":"C","2615":",","2616":"I","2617":"A","2618":"A","2619":"I","2620":";","2621":"Q","2622":"A","2623":"E","2624":"x","2625":"B","2626":",","2627":"C","2628":"A","2629":"A","2630":"C","2631":",","2632":"C","2633":"A","2634":"A","2635":"C","2636":",","2637":"C","2638":"A","2639":"C","2640":"D","2641":",","2642":"K","2643":"A","2644":"A","2645":"K","2646":",","2647":"C","2648":"A","2649":"A","2650":"C","2651":",","2652":"K","2653":"A","2654":"A","2655":"K","2656":",","2657":"I","2658":"A","2659":"A","2660":"I","2661":";","2662":"U","2663":"A","2664":"C","2665":"Z","2666":",","2667":"O","2668":"A","2669":"A","2670":"O","2671":",","2672":"W","2673":"A","2674":"A","2675":"W","2676":",","2677":"C","2678":"A","2679":"A","2680":"C","2681":",","2682":"K","2683":"A","2684":"A","2685":"K","2686":",","2687":"C","2688":"A","2689":"A","2690":"C","2691":";","2692":"Q","2693":"A","2694":"C","2695":"7","2696":"B","2697":",","2698":"C","2699":"A","2700":"A","2701":"C","2702":";","2703":"M","2704":"A","2705":"A","2706":"C","2707":";","2708":"M","2709":"A","2710":"C","2711":"N","2712":",","2713":"O","2714":"A","2715":"A","2716":"O","2717":",","2718":"Q","2719":"A","2720":"A","2721":"Q","2722":";","2723":"I","2724":"A","2725":"C","2726":"n","2727":"B","2728":",","2729":"C","2730":"A","2731":"A","2732":"C","2733":";","2734":"I","2735":"A","2736":"C","2737":"D","2738":",","2739":"M","2740":"A","2741":"A","2742":"M","2743":",","2744":"U","2745":"A","2746":"A","2747":"U","2748":",","2749":"G","2750":"A","2751":"A","2752":"G","2753":";","2754":"M","2755":"A","2756":"C","2757":"f","2758":",","2759":"I","2760":"A","2761":"A","2762":"I","2763":",","2764":"Q","2765":"A","2766":"A","2767":"Q","2768":",","2769":"G","2770":"A","2771":"A","2772":"G","2773":",","2774":"M","2775":"A","2776":"A","2777":"M","2778":";","2779":"Q","2780":"A","2781":"A","2782":"A","2783":";","2784":"Q","2785":"A","2786":"A","2787":"A","2788":";","2789":"Q","2790":"A","2791":"A","2792":"A","2793":";","2794":"Q","2795":"A","2796":"A","2797":"A","2798":",","2799":"O","2800":"A","2801":"A","2802":"K","2803":",","2804":"C","2805":"A","2806":"A","2807":"C","2808":",","2809":"G","2810":"A","2811":"A","2812":"G","2813":",","2814":"C","2815":"A","2816":"A","2817":"C","2818":",","2819":"o","2820":"C","2821":"A","2822":"A","2823":"o","2824":"C","2825":",","2826":"G","2827":"A","2828":"A","2829":"G","2830":",","2831":"I","2832":"A","2833":"A","2834":"I","2835":",","2836":"C","2837":"A","2838":"A","2839":"C","2840":",","2841":"O","2842":"A","2843":"A","2844":"O","2845":",","2846":"G","2847":"A","2848":"A","2849":"G","2850":",","2851":"Q","2852":"A","2853":"A","2854":"Q","2855":",","2856":"C","2857":"A","2858":"A","2859":"C","2860":",","2861":"C","2862":"A","2863":"C","2864":"z","2865":"F","2866":",","2867":"I","2868":"A","2869":"A","2870":"I","2871":",","2872":"C","2873":"A","2874":"A","2875":"C","2876":",","2877":"Q","2878":"A","2879":"A","2880":"Q","2881":",","2882":"I","2883":"A","2884":"A","2885":"I","2886":";","2887":"U","2888":"A","2889":"E","2890":"d","2891":",","2892":"I","2893":"A","2894":"A","2895":"I","2896":",","2897":"C","2898":"A","2899":"A","2900":"C","2901":",","2902":"W","2903":"A","2904":"A","2905":"W","2906":",","2907":"G","2908":"A","2909":"A","2910":"G","2911":",","2912":"I","2913":"A","2914":"A","2915":"I","2916":";","2917":"U","2918":"A","2919":"C","2920":"v","2921":"B","2922":",","2923":"O","2924":"A","2925":"A","2926":"O","2927":",","2928":"Q","2929":"A","2930":"A","2931":"Q","2932":",","2933":"C","2934":"A","2935":"A","2936":"C","2937":",","2938":"I","2939":"A","2940":"A","2941":"I","2942":";","2943":"Q","2944":"A","2945":"C","2946":"x","2947":"B","2948":",","2949":"C","2950":"A","2951":"A","2952":"C","2953":",","2954":"C","2955":"A","2956":"A","2957":"C","2958":",","2959":"C","2960":"A","2961":"C","2962":"D","2963":",","2964":"K","2965":"A","2966":"A","2967":"K","2968":",","2969":"C","2970":"A","2971":"A","2972":"C","2973":",","2974":"K","2975":"A","2976":"A","2977":"K","2978":",","2979":"I","2980":"A","2981":"A","2982":"I","2983":";","2984":"U","2985":"A","2986":"C","2987":"Z","2988":",","2989":"O","2990":"A","2991":"A","2992":"O","2993":",","2994":"W","2995":"A","2996":"A","2997":"W","2998":",","2999":"C","3000":"A","3001":"A","3002":"C","3003":",","3004":"K","3005":"A","3006":"A","3007":"K","3008":",","3009":"C","3010":"A","3011":"A","3012":"C","3013":";","3014":"Q","3015":"A","3016":"C","3017":"7","3018":"B","3019":",","3020":"C","3021":"A","3022":"A","3023":"C","3024":";","3025":"M","3026":"A","3027":"A","3028":"C","3029":";","3030":"M","3031":"A","3032":"C","3033":"N","3034":",","3035":"O","3036":"A","3037":"A","3038":"O","3039":",","3040":"Q","3041":"A","3042":"A","3043":"Q","3044":";","3045":"I","3046":"A","3047":"C","3048":"n","3049":"B","3050":",","3051":"C","3052":"A","3053":"A","3054":"C","3055":";","3056":"I","3057":"A","3058":"C","3059":"D","3060":",","3061":"M","3062":"A","3063":"A","3064":"M","3065":",","3066":"G","3067":"A","3068":"A","3069":"G","3070":";","3071":"M","3072":"A","3073":"C","3074":"L","3075":";","3076":"M","3077":"A","3078":"A","3079":"A","3080":";","3081":"M","3082":"A","3083":"A","3084":"A","3085":";","3086":"M","3087":"A","3088":"A","3089":"A","3090":",","3091":"O","3092":"A","3093":"A","3094":"K","3095":",","3096":"C","3097":"A","3098":"A","3099":"C","3100":",","3101":"G","3102":"A","3103":"A","3104":"G","3105":",","3106":"C","3107":"A","3108":"A","3109":"C","3110":",","3111":"o","3112":"C","3113":"A","3114":"A","3115":"o","3116":"C","3117":",","3118":"G","3119":"A","3120":"A","3121":"G","3122":",","3123":"I","3124":"A","3125":"A","3126":"I","3127":",","3128":"C","3129":"A","3130":"A","3131":"C","3132":",","3133":"O","3134":"A","3135":"A","3136":"O","3137":",","3138":"G","3139":"A","3140":"A","3141":"G","3142":",","3143":"M","3144":"A","3145":"A","3146":"M","3147":",","3148":"C","3149":"A","3150":"A","3151":"C","3152":",","3153":"C","3154":"A","3155":"C","3156":"l","3157":"E","3158":",","3159":"I","3160":"A","3161":"A","3162":"I","3163":",","3164":"C","3165":"A","3166":"A","3167":"C","3168":",","3169":"Q","3170":"A","3171":"A","3172":"Q","3173":",","3174":"I","3175":"A","3176":"A","3177":"I","3178":";","3179":"Q","3180":"A","3181":"E","3182":"d","3183":",","3184":"I","3185":"A","3186":"A","3187":"I","3188":",","3189":"C","3190":"A","3191":"A","3192":"C","3193":",","3194":"G","3195":"A","3196":"A","3197":"G","3198":",","3199":"G","3200":"A","3201":"A","3202":"G","3203":",","3204":"Q","3205":"A","3206":"A","3207":"Q","3208":",","3209":"C","3210":"A","3211":"A","3212":"C","3213":",","3214":"I","3215":"A","3216":"A","3217":"I","3218":";","3219":"M","3220":"A","3221":"E","3222":"5","3223":"B","3224":",","3225":"C","3226":"A","3227":"A","3228":"C","3229":",","3230":"C","3231":"A","3232":"A","3233":"C","3234":";","3235":"I","3236":"A","3237":"C","3238":"V","3239":",","3240":"C","3241":"A","3242":"A","3243":"C","3244":";","3245":"I","3246":"A","3247":"C","3248":"D","3249":",","3250":"Q","3251":"A","3252":"A","3253":"Q","3254":",","3255":"G","3256":"A","3257":"A","3258":"G","3259":";","3260":"M","3261":"A","3262":"C","3263":"P","3264":";","3265":"M","3266":"A","3267":"A","3268":"A","3269":";","3270":"M","3271":"A","3272":"A","3273":"A","3274":";","3275":"M","3276":"A","3277":"A","3278":"A","3279":",","3280":"O","3281":"A","3282":"A","3283":"K","3284":",","3285":"C","3286":"A","3287":"A","3288":"C","3289":",","3290":"G","3291":"A","3292":"A","3293":"G","3294":",","3295":"C","3296":"A","3297":"A","3298":"C","3299":",","3300":"o","3301":"C","3302":"A","3303":"A","3304":"o","3305":"C","3306":",","3307":"G","3308":"A","3309":"A","3310":"G","3311":",","3312":"I","3313":"A","3314":"A","3315":"I","3316":",","3317":"C","3318":"A","3319":"A","3320":"C","3321":",","3322":"O","3323":"A","3324":"A","3325":"O","3326":",","3327":"G","3328":"A","3329":"A","3330":"G","3331":",","3332":"Q","3333":"A","3334":"A","3335":"Q","3336":",","3337":"G","3338":"A","3339":"A","3340":"G","3341":",","3342":"I","3343":"A","3344":"A","3345":"I","3346":",","3347":"C","3348":"A","3349":"A","3350":"C","3351":",","3352":"U","3353":"A","3354":"A","3355":"U","3356":",","3357":"G","3358":"A","3359":"A","3360":"G","3361":",","3362":"G","3363":"A","3364":"A","3365":"G","3366":",","3367":"C","3368":"A","3369":"A","3370":"C","3371":",","3372":"C","3373":"A","3374":"C","3375":"5","3376":"F","3377":",","3378":"I","3379":"A","3380":"A","3381":"I","3382":",","3383":"C","3384":"A","3385":"A","3386":"C","3387":",","3388":"Q","3389":"A","3390":"A","3391":"Q","3392":",","3393":"I","3394":"A","3395":"A","3396":"I","3397":";","3398":"Q","3399":"A","3400":"E","3401":"d","3402":",","3403":"I","3404":"A","3405":"A","3406":"I","3407":",","3408":"C","3409":"A","3410":"A","3411":"C","3412":",","3413":"K","3414":"A","3415":"A","3416":"K","3417":",","3418":"G","3419":"A","3420":"A","3421":"G","3422":",","3423":"Q","3424":"A","3425":"A","3426":"Q","3427":",","3428":"C","3429":"A","3430":"A","3431":"C","3432":",","3433":"I","3434":"A","3435":"A","3436":"I","3437":",","3438":"C","3439":"A","3440":"A","3441":"C","3442":",","3443":"K","3444":"A","3445":"A","3446":"K","3447":";","3448":"M","3449":"A","3450":"C","3451":"p","3452":"C","3453":",","3454":"C","3455":"A","3456":"A","3457":"C","3458":",","3459":"C","3460":"A","3461":"A","3462":"C","3463":";","3464":"I","3465":"A","3466":"E","3467":"V","3468":",","3469":"C","3470":"A","3471":"A","3472":"C","3473":";","3474":"I","3475":"A","3476":"C","3477":"D","3478":",","3479":"M","3480":"A","3481":"A","3482":"M","3483":",","3484":"O","3485":"A","3486":"A","3487":"O","3488":",","3489":"G","3490":"A","3491":"A","3492":"G","3493":";","3494":"M","3495":"A","3496":"C","3497":"Z","3498":",","3499":"I","3500":"A","3501":"A","3502":"I","3503":",","3504":"Q","3505":"A","3506":"A","3507":"Q","3508":",","3509":"G","3510":"A","3511":"A","3512":"G","3513":",","3514":"M","3515":"A","3516":"A","3517":"M","3518":";","3519":"Q","3520":"A","3521":"A","3522":"A","3523":";","3524":"Q","3525":"A","3526":"A","3527":"A","3528":";","3529":"Q","3530":"A","3531":"A","3532":"A","3533":";","3534":"Q","3535":"A","3536":"A","3537":"A","3538":",","3539":"O","3540":"A","3541":"A","3542":"K","3543":",","3544":"C","3545":"A","3546":"A","3547":"C","3548":",","3549":"G","3550":"A","3551":"A","3552":"G","3553":",","3554":"C","3555":"A","3556":"A","3557":"C","3558":",","3559":"o","3560":"C","3561":"A","3562":"A","3563":"o","3564":"C","3565":",","3566":"G","3567":"A","3568":"A","3569":"G","3570":",","3571":"I","3572":"A","3573":"A","3574":"I","3575":",","3576":"C","3577":"A","3578":"A","3579":"C","3580":",","3581":"O","3582":"A","3583":"A","3584":"O","3585":",","3586":"G","3587":"A","3588":"A","3589":"G","3590":",","3591":"Q","3592":"A","3593":"A","3594":"Q","3595":",","3596":"G","3597":"A","3598":"A","3599":"G","3600":",","3601":"I","3602":"A","3603":"A","3604":"I","3605":",","3606":"C","3607":"A","3608":"A","3609":"C","3610":",","3611":"U","3612":"A","3613":"A","3614":"U","3615":",","3616":"G","3617":"A","3618":"A","3619":"G","3620":",","3621":"U","3622":"A","3623":"A","3624":"U","3625":",","3626":"C","3627":"A","3628":"A","3629":"C","3630":",","3631":"C","3632":"A","3633":"C","3634":"x","3635":"H","3636":",","3637":"I","3638":"A","3639":"A","3640":"I","3641":",","3642":"C","3643":"A","3644":"A","3645":"C","3646":",","3647":"M","3648":"A","3649":"A","3650":"M","3651":";","3652":"U","3653":"A","3654":"E","3655":"R","3656":",","3657":"I","3658":"A","3659":"A","3660":"I","3661":",","3662":"C","3663":"A","3664":"A","3665":"C","3666":",","3667":"Q","3668":"A","3669":"A","3670":"Q","3671":",","3672":"E","3673":"A","3674":"A","3675":"E","3676":";","3677":"U","3678":"A","3679":"C","3680":"f","3681":",","3682":"I","3683":"A","3684":"A","3685":"I","3686":",","3687":"C","3688":"A","3689":"A","3690":"C","3691":",","3692":"O","3693":"A","3694":"A","3695":"O","3696":",","3697":"C","3698":"A","3699":"A","3700":"C","3701":",","3702":"I","3703":"A","3704":"A","3705":"I","3706":",","3707":"C","3708":"A","3709":"A","3710":"C","3711":";","3712":"Y","3713":"A","3714":"A","3715":"E","3716":",","3717":"I","3718":"A","3719":"A","3720":"I","3721":",","3722":"E","3723":"A","3724":"A","3725":"E","3726":";","3727":"U","3728":"A","3729":"A","3730":"W","3731":",","3732":"C","3733":"A","3734":"A","3735":"C","3736":",","3737":"C","3738":"A","3739":"A","3740":"C","3741":";","3742":"U","3743":"A","3744":"C","3745":"v","3746":"C","3747":",","3748":"O","3749":"A","3750":"A","3751":"O","3752":",","3753":"o","3754":"B","3755":"A","3756":"A","3757":"o","3758":"B","3759":";","3760":"Q","3761":"A","3762":"C","3763":"/","3764":"B","3765":",","3766":"C","3767":"A","3768":"A","3769":"C","3770":",","3771":"C","3772":"A","3773":"A","3774":"C","3775":",","3776":"C","3777":"A","3778":"C","3779":"D","3780":",","3781":"K","3782":"A","3783":"A","3784":"K","3785":",","3786":"C","3787":"A","3788":"A","3789":"C","3790":",","3791":"K","3792":"A","3793":"A","3794":"K","3795":",","3796":"I","3797":"A","3798":"A","3799":"I","3800":";","3801":"U","3802":"A","3803":"C","3804":"Z","3805":",","3806":"I","3807":"A","3808":"A","3809":"I","3810":",","3811":"C","3812":"A","3813":"A","3814":"C","3815":",","3816":"Q","3817":"A","3818":"A","3819":"Q","3820":",","3821":"E","3822":"A","3823":"A","3824":"E","3825":";","3826":"U","3827":"A","3828":"C","3829":"f","3830":",","3831":"I","3832":"A","3833":"A","3834":"I","3835":",","3836":"C","3837":"A","3838":"A","3839":"C","3840":",","3841":"O","3842":"A","3843":"A","3844":"O","3845":",","3846":"C","3847":"A","3848":"A","3849":"C","3850":",","3851":"I","3852":"A","3853":"A","3854":"I","3855":",","3856":"C","3857":"A","3858":"A","3859":"C","3860":";","3861":"Y","3862":"A","3863":"A","3864":"E","3865":",","3866":"I","3867":"A","3868":"A","3869":"I","3870":",","3871":"E","3872":"A","3873":"A","3874":"E","3875":";","3876":"U","3877":"A","3878":"A","3879":"Y","3880":",","3881":"C","3882":"A","3883":"A","3884":"C","3885":",","3886":"C","3887":"A","3888":"A","3889":"C","3890":";","3891":"U","3892":"A","3893":"C","3894":"x","3895":"C","3896":",","3897":"O","3898":"A","3899":"A","3900":"O","3901":",","3902":"W","3903":"A","3904":"A","3905":"W","3906":",","3907":"C","3908":"A","3909":"A","3910":"C","3911":",","3912":"K","3913":"A","3914":"A","3915":"K","3916":",","3917":"C","3918":"A","3919":"A","3920":"C","3921":";","3922":"Q","3923":"A","3924":"C","3925":"7","3926":"B","3927":",","3928":"C","3929":"A","3930":"A","3931":"C","3932":";","3933":"M","3934":"A","3935":"A","3936":"C","3937":";","3938":"M","3939":"A","3940":"C","3941":"N","3942":",","3943":"W","3944":"A","3945":"A","3946":"W","3947":",","3948":"C","3949":"A","3950":"A","3951":"C","3952":",","3953":"Q","3954":"A","3955":"A","3956":"Q","3957":",","3958":"C","3959":"A","3960":"A","3961":"C","3962":";","3963":"I","3964":"A","3965":"C","3966":"z","3967":"B","3968":",","3969":"C","3970":"A","3971":"A","3972":"C","3973":";","3974":"I","3975":"A","3976":"C","3977":"D","3978":",","3979":"M","3980":"A","3981":"A","3982":"M","3983":",","3984":"I","3985":"A","3986":"A","3987":"I","3988":",","3989":"G","3990":"A","3991":"A","3992":"G","3993":";","3994":"M","3995":"A","3996":"C","3997":"T","3998":",","3999":"I","4000":"A","4001":"A","4002":"I","4003":",","4004":"Q","4005":"A","4006":"A","4007":"Q","4008":",","4009":"G","4010":"A","4011":"A","4012":"G","4013":",","4014":"M","4015":"A","4016":"A","4017":"M","4018":";","4019":"Q","4020":"A","4021":"A","4022":"A","4023":";","4024":"Q","4025":"A","4026":"A","4027":"A","4028":";","4029":"Q","4030":"A","4031":"A","4032":"A","4033":";","4034":"Q","4035":"A","4036":"A","4037":"A","4038":",","4039":"O","4040":"A","4041":"A","4042":"K","4043":",","4044":"C","4045":"A","4046":"A","4047":"C","4048":",","4049":"G","4050":"A","4051":"A","4052":"G","4053":",","4054":"C","4055":"A","4056":"A","4057":"C","4058":",","4059":"o","4060":"C","4061":"A","4062":"A","4063":"o","4064":"C","4065":",","4066":"G","4067":"A","4068":"A","4069":"G","4070":",","4071":"I","4072":"A","4073":"A","4074":"I","4075":",","4076":"C","4077":"A","4078":"A","4079":"C","4080":",","4081":"O","4082":"A","4083":"A","4084":"O","4085":",","4086":"G","4087":"A","4088":"A","4089":"G","4090":",","4091":"Q","4092":"A","4093":"A","4094":"Q","4095":",","4096":"G","4097":"A","4098":"A","4099":"G","4100":",","4101":"I","4102":"A","4103":"A","4104":"I","4105":",","4106":"C","4107":"A","4108":"A","4109":"C","4110":",","4111":"U","4112":"A","4113":"A","4114":"U","4115":",","4116":"G","4117":"A","4118":"A","4119":"G","4120":",","4121":"O","4122":"A","4123":"A","4124":"O","4125":",","4126":"C","4127":"A","4128":"A","4129":"C","4130":",","4131":"C","4132":"A","4133":"C","4134":"r","4135":"H","4136":",","4137":"I","4138":"A","4139":"A","4140":"I","4141":",","4142":"C","4143":"A","4144":"A","4145":"C","4146":",","4147":"M","4148":"A","4149":"A","4150":"M","4151":";","4152":"U","4153":"A","4154":"E","4155":"R","4156":",","4157":"O","4158":"A","4159":"A","4160":"O","4161":",","4162":"4","4163":"B","4164":"A","4165":"A","4166":"4","4167":"B","4168":";","4169":"Q","4170":"A","4171":"C","4172":"v","4173":"C","4174":",","4175":"C","4176":"A","4177":"A","4178":"C","4179":",","4180":"C","4181":"A","4182":"A","4183":"C","4184":",","4185":"C","4186":"A","4187":"C","4188":"D","4189":",","4190":"K","4191":"A","4192":"A","4193":"K","4194":",","4195":"C","4196":"A","4197":"A","4198":"C","4199":",","4200":"K","4201":"A","4202":"A","4203":"K","4204":",","4205":"I","4206":"A","4207":"A","4208":"I","4209":";","4210":"U","4211":"A","4212":"E","4213":"Z","4214":",","4215":"O","4216":"A","4217":"A","4218":"O","4219":",","4220":"W","4221":"A","4222":"A","4223":"W","4224":",","4225":"C","4226":"A","4227":"A","4228":"C","4229":",","4230":"K","4231":"A","4232":"A","4233":"K","4234":",","4235":"C","4236":"A","4237":"A","4238":"C","4239":";","4240":"Q","4241":"A","4242":"C","4243":"7","4244":"B","4245":",","4246":"C","4247":"A","4248":"A","4249":"C","4250":";","4251":"M","4252":"A","4253":"A","4254":"C","4255":";","4256":"M","4257":"A","4258":"C","4259":"N","4260":",","4261":"W","4262":"A","4263":"A","4264":"W","4265":",","4266":"C","4267":"A","4268":"A","4269":"C","4270":",","4271":"Q","4272":"A","4273":"A","4274":"Q","4275":",","4276":"C","4277":"A","4278":"A","4279":"C","4280":";","4281":"I","4282":"A","4283":"C","4284":"z","4285":"B","4286":",","4287":"C","4288":"A","4289":"A","4290":"C","4291":";","4292":"I","4293":"A","4294":"C","4295":"D","4296":",","4297":"M","4298":"A","4299":"A","4300":"M","4301":",","4302":"M","4303":"A","4304":"A","4305":"M","4306":",","4307":"C","4308":"A","4309":"A","4310":"C","4311":",","4312":"K","4313":"A","4314":"A","4315":"K","4316":",","4317":"E","4318":"A","4319":"A","4320":"E","4321":",","4322":"K","4323":"A","4324":"A","4325":"K","4326":",","4327":"E","4328":"A","4329":"A","4330":"E","4331":",","4332":"K","4333":"A","4334":"A","4335":"K","4336":",","4337":"E","4338":"A","4339":"A","4340":"E","4341":";","4342":"M","4343":"A","4344":"C","4345":"9","4346":"B","4347":",","4348":"I","4349":"A","4350":"A","4351":"I","4352":",","4353":"Q","4354":"A","4355":"A","4356":"Q","4357":",","4358":"G","4359":"A","4360":"A","4361":"G","4362":",","4363":"M","4364":"A","4365":"A","4366":"M","4367":";","4368":"Q","4369":"A","4370":"A","4371":"A","4372":";","4373":"Q","4374":"A","4375":"A","4376":"A","4377":";","4378":"Q","4379":"A","4380":"A","4381":"A","4382":";","4383":"Q","4384":"A","4385":"A","4386":"A","4387":",","4388":"O","4389":"A","4390":"A","4391":"K","4392":",","4393":"C","4394":"A","4395":"A","4396":"C","4397":",","4398":"G","4399":"A","4400":"A","4401":"G","4402":",","4403":"C","4404":"A","4405":"A","4406":"C","4407":",","4408":"o","4409":"C","4410":"A","4411":"A","4412":"o","4413":"C","4414":",","4415":"G","4416":"A","4417":"A","4418":"G","4419":",","4420":"I","4421":"A","4422":"A","4423":"I","4424":",","4425":"C","4426":"A","4427":"A","4428":"C","4429":",","4430":"O","4431":"A","4432":"A","4433":"O","4434":",","4435":"G","4436":"A","4437":"A","4438":"G","4439":",","4440":"Q","4441":"A","4442":"A","4443":"Q","4444":",","4445":"G","4446":"A","4447":"A","4448":"G","4449":",","4450":"I","4451":"A","4452":"A","4453":"I","4454":",","4455":"C","4456":"A","4457":"A","4458":"C","4459":",","4460":"U","4461":"A","4462":"A","4463":"U","4464":",","4465":"G","4466":"A","4467":"A","4468":"G","4469":",","4470":"g","4471":"B","4472":"A","4473":"A","4474":"g","4475":"B","4476":",","4477":"G","4478":"A","4479":"A","4480":"G","4481":",","4482":"K","4483":"A","4484":"A","4485":"K","4486":",","4487":"G","4488":"A","4489":"A","4490":"G","4491":",","4492":"Q","4493":"A","4494":"A","4495":"Q","4496":",","4497":"G","4498":"A","4499":"A","4500":"G","4501":",","4502":"K","4503":"A","4504":"A","4505":"K","4506":",","4507":"G","4508":"A","4509":"A","4510":"G","4511":",","4512":"Y","4513":"A","4514":"A","4515":"Y","4516":",","4517":"G","4518":"A","4519":"A","4520":"G","4521":",","4522":"K","4523":"A","4524":"A","4525":"K","4526":",","4527":"C","4528":"A","4529":"A","4530":"C","4531":",","4532":"C","4533":"A","4534":"C","4535":"h","4536":"L","4537":",","4538":"I","4539":"A","4540":"A","4541":"I","4542":",","4543":"C","4544":"A","4545":"A","4546":"C","4547":",","4548":"Q","4549":"A","4550":"A","4551":"Q","4552":",","4553":"I","4554":"A","4555":"A","4556":"I","4557":";","4558":"U","4559":"A","4560":"E","4561":"d","4562":",","4563":"O","4564":"A","4565":"A","4566":"O","4567":",","4568":"Q","4569":"A","4570":"A","4571":"Q","4572":",","4573":"C","4574":"A","4575":"A","4576":"C","4577":",","4578":"I","4579":"A","4580":"A","4581":"I","4582":";","4583":"Q","4584":"A","4585":"C","4586":"x","4587":"B","4588":",","4589":"C","4590":"A","4591":"A","4592":"C","4593":",","4594":"C","4595":"A","4596":"A","4597":"C","4598":",","4599":"C","4600":"A","4601":"C","4602":"D","4603":",","4604":"K","4605":"A","4606":"A","4607":"K","4608":",","4609":"C","4610":"A","4611":"A","4612":"C","4613":",","4614":"K","4615":"A","4616":"A","4617":"K","4618":",","4619":"I","4620":"A","4621":"A","4622":"I","4623":";","4624":"U","4625":"A","4626":"E","4627":"Z","4628":",","4629":"O","4630":"A","4631":"A","4632":"O","4633":",","4634":"W","4635":"A","4636":"A","4637":"W","4638":",","4639":"C","4640":"A","4641":"A","4642":"C","4643":",","4644":"K","4645":"A","4646":"A","4647":"K","4648":",","4649":"C","4650":"A","4651":"A","4652":"C","4653":";","4654":"Q","4655":"A","4656":"C","4657":"7","4658":"B","4659":",","4660":"C","4661":"A","4662":"A","4663":"C","4664":";","4665":"M","4666":"A","4667":"A","4668":"C","4669":";","4670":"M","4671":"A","4672":"C","4673":"N","4674":",","4675":"O","4676":"A","4677":"A","4678":"O","4679":",","4680":"Q","4681":"A","4682":"A","4683":"Q","4684":";","4685":"I","4686":"A","4687":"C","4688":"n","4689":"B","4690":",","4691":"C","4692":"A","4693":"A","4694":"C","4695":";","4696":"I","4697":"A","4698":"C","4699":"D","4700":",","4701":"M","4702":"A","4703":"A","4704":"M","4705":",","4706":"I","4707":"A","4708":"A","4709":"I","4710":",","4711":"C","4712":"A","4713":"A","4714":"C","4715":",","4716":"K","4717":"A","4718":"A","4719":"K","4720":",","4721":"E","4722":"A","4723":"A","4724":"E","4725":",","4726":"K","4727":"A","4728":"A","4729":"K","4730":",","4731":"E","4732":"A","4733":"A","4734":"E","4735":",","4736":"K","4737":"A","4738":"A","4739":"K","4740":",","4741":"E","4742":"A","4743":"A","4744":"E","4745":";","4746":"M","4747":"A","4748":"C","4749":"5","4750":"B","4751":",","4752":"I","4753":"A","4754":"A","4755":"I","4756":",","4757":"Q","4758":"A","4759":"A","4760":"Q","4761":",","4762":"G","4763":"A","4764":"A","4765":"G","4766":",","4767":"M","4768":"A","4769":"A","4770":"M","4771":";","4772":"Q","4773":"A","4774":"A","4775":"A","4776":";","4777":"Q","4778":"A","4779":"A","4780":"A","4781":";","4782":"Q","4783":"A","4784":"A","4785":"A","4786":";","4787":"Q","4788":"A","4789":"A","4790":"A","4791":",","4792":"O","4793":"A","4794":"A","4795":"K","4796":",","4797":"C","4798":"A","4799":"A","4800":"C","4801":",","4802":"G","4803":"A","4804":"A","4805":"G","4806":",","4807":"C","4808":"A","4809":"A","4810":"C","4811":",","4812":"o","4813":"C","4814":"A","4815":"A","4816":"o","4817":"C","4818":",","4819":"G","4820":"A","4821":"A","4822":"G","4823":",","4824":"I","4825":"A","4826":"A","4827":"I","4828":",","4829":"C","4830":"A","4831":"A","4832":"C","4833":",","4834":"O","4835":"A","4836":"A","4837":"O","4838":",","4839":"G","4840":"A","4841":"A","4842":"G","4843":",","4844":"Q","4845":"A","4846":"A","4847":"Q","4848":",","4849":"G","4850":"A","4851":"A","4852":"G","4853":",","4854":"I","4855":"A","4856":"A","4857":"I","4858":",","4859":"C","4860":"A","4861":"A","4862":"C","4863":",","4864":"U","4865":"A","4866":"A","4867":"U","4868":",","4869":"G","4870":"A","4871":"A","4872":"G","4873":",","4874":"c","4875":"A","4876":"A","4877":"c","4878":",","4879":"G","4880":"A","4881":"A","4882":"G","4883":",","4884":"K","4885":"A","4886":"A","4887":"K","4888":",","4889":"G","4890":"A","4891":"A","4892":"G","4893":",","4894":"Q","4895":"A","4896":"A","4897":"Q","4898":",","4899":"G","4900":"A","4901":"A","4902":"G","4903":",","4904":"K","4905":"A","4906":"A","4907":"K","4908":",","4909":"G","4910":"A","4911":"A","4912":"G","4913":",","4914":"Y","4915":"A","4916":"A","4917":"Y","4918":",","4919":"G","4920":"A","4921":"A","4922":"G","4923":",","4924":"K","4925":"A","4926":"A","4927":"K","4928":",","4929":"C","4930":"A","4931":"A","4932":"C","4933":",","4934":"C","4935":"A","4936":"C","4937":"9","4938":"K","4939":",","4940":"I","4941":"A","4942":"A","4943":"I","4944":",","4945":"C","4946":"A","4947":"A","4948":"C","4949":",","4950":"Q","4951":"A","4952":"A","4953":"Q","4954":",","4955":"I","4956":"A","4957":"A","4958":"I","4959":";","4960":"U","4961":"A","4962":"E","4963":"d","4964":",","4965":"O","4966":"A","4967":"A","4968":"O","4969":",","4970":"Q","4971":"A","4972":"A","4973":"Q","4974":",","4975":"C","4976":"A","4977":"A","4978":"C","4979":",","4980":"I","4981":"A","4982":"A","4983":"I","4984":";","4985":"Q","4986":"A","4987":"C","4988":"x","4989":"B","4990":",","4991":"C","4992":"A","4993":"A","4994":"C","4995":",","4996":"C","4997":"A","4998":"A","4999":"C","5000":",","5001":"C","5002":"A","5003":"C","5004":"D","5005":",","5006":"K","5007":"A","5008":"A","5009":"K","5010":",","5011":"C","5012":"A","5013":"A","5014":"C","5015":",","5016":"K","5017":"A","5018":"A","5019":"K","5020":",","5021":"I","5022":"A","5023":"A","5024":"I","5025":";","5026":"U","5027":"A","5028":"E","5029":"Z","5030":",","5031":"O","5032":"A","5033":"A","5034":"O","5035":",","5036":"W","5037":"A","5038":"A","5039":"W","5040":",","5041":"C","5042":"A","5043":"A","5044":"C","5045":",","5046":"K","5047":"A","5048":"A","5049":"K","5050":",","5051":"C","5052":"A","5053":"A","5054":"C","5055":";","5056":"Q","5057":"A","5058":"C","5059":"7","5060":"B","5061":",","5062":"C","5063":"A","5064":"A","5065":"C","5066":";","5067":"M","5068":"A","5069":"A","5070":"C","5071":";","5072":"M","5073":"A","5074":"C","5075":"N","5076":",","5077":"O","5078":"A","5079":"A","5080":"O","5081":",","5082":"Q","5083":"A","5084":"A","5085":"Q","5086":";","5087":"I","5088":"A","5089":"C","5090":"n","5091":"B","5092":",","5093":"C","5094":"A","5095":"A","5096":"C","5097":";","5098":"I","5099":"A","5100":"C","5101":"D","5102":",","5103":"Y","5104":"A","5105":"A","5106":"Y","5107":",","5108":"G","5109":"A","5110":"A","5111":"G","5112":";","5113":"M","5114":"A","5115":"C","5116":"X","5117":";","5118":"M","5119":"A","5120":"A","5121":"A","5122":";","5123":"M","5124":"A","5125":"A","5126":"A","5127":";","5128":"M","5129":"A","5130":"A","5131":"A","5132":",","5133":"O","5134":"A","5135":"A","5136":"K","5137":",","5138":"C","5139":"A","5140":"A","5141":"C","5142":",","5143":"G","5144":"A","5145":"A","5146":"G","5147":",","5148":"C","5149":"A","5150":"A","5151":"C","5152":",","5153":"o","5154":"C","5155":"A","5156":"A","5157":"o","5158":"C","5159":",","5160":"G","5161":"A","5162":"A","5163":"G","5164":",","5165":"I","5166":"A","5167":"A","5168":"I","5169":",","5170":"C","5171":"A","5172":"A","5173":"C","5174":",","5175":"O","5176":"A","5177":"A","5178":"O","5179":",","5180":"G","5181":"A","5182":"A","5183":"G","5184":",","5185":"Q","5186":"A","5187":"A","5188":"Q","5189":",","5190":"G","5191":"A","5192":"A","5193":"G","5194":",","5195":"I","5196":"A","5197":"A","5198":"I","5199":",","5200":"C","5201":"A","5202":"A","5203":"C","5204":",","5205":"U","5206":"A","5207":"A","5208":"U","5209":",","5210":"G","5211":"A","5212":"A","5213":"G","5214":",","5215":"G","5216":"A","5217":"A","5218":"G","5219":",","5220":"C","5221":"A","5222":"A","5223":"C","5224":",","5225":"C","5226":"A","5227":"C","5228":"5","5229":"F","5230":",","5231":"I","5232":"A","5233":"A","5234":"I","5235":",","5236":"C","5237":"A","5238":"A","5239":"C","5240":",","5241":"Q","5242":"A","5243":"A","5244":"Q","5245":",","5246":"I","5247":"A","5248":"A","5249":"I","5250":";","5251":"Q","5252":"A","5253":"E","5254":"d","5255":",","5256":"I","5257":"A","5258":"A","5259":"I","5260":",","5261":"C","5262":"A","5263":"A","5264":"C","5265":",","5266":"S","5267":"A","5268":"A","5269":"S","5270":",","5271":"G","5272":"A","5273":"A","5274":"G","5275":",","5276":"Q","5277":"A","5278":"A","5279":"Q","5280":",","5281":"C","5282":"A","5283":"A","5284":"C","5285":",","5286":"I","5287":"A","5288":"A","5289":"I","5290":",","5291":"C","5292":"A","5293":"A","5294":"C","5295":",","5296":"U","5297":"A","5298":"A","5299":"U","5300":",","5301":"C","5302":"A","5303":"A","5304":"C","5305":",","5306":"C","5307":"A","5308":"A","5309":"C","5310":",","5311":"C","5312":"A","5313":"A","5314":"C","5315":";","5316":"M","5317":"A","5318":"C","5319":"h","5320":"D","5321":",","5322":"C","5323":"A","5324":"A","5325":"C","5326":",","5327":"C","5328":"A","5329":"A","5330":"C","5331":";","5332":"I","5333":"A","5334":"C","5335":"V","5336":",","5337":"C","5338":"A","5339":"A","5340":"C","5341":";","5342":"I","5343":"A","5344":"C","5345":"D","5346":",","5347":"g","5348":"B","5349":"A","5350":"A","5351":"g","5352":"B","5353":",","5354":"G","5355":"A","5356":"A","5357":"G","5358":";","5359":"M","5360":"A","5361":"C","5362":"f","5363":";","5364":"M","5365":"A","5366":"A","5367":"A","5368":";","5369":"M","5370":"A","5371":"A","5372":"A","5373":";","5374":"M","5375":"A","5376":"A","5377":"A","5378":",","5379":"O","5380":"A","5381":"A","5382":"K","5383":",","5384":"C","5385":"A","5386":"A","5387":"C","5388":",","5389":"G","5390":"A","5391":"A","5392":"G","5393":",","5394":"C","5395":"A","5396":"A","5397":"C","5398":",","5399":"o","5400":"C","5401":"A","5402":"A","5403":"o","5404":"C","5405":",","5406":"G","5407":"A","5408":"A","5409":"G","5410":",","5411":"I","5412":"A","5413":"A","5414":"I","5415":",","5416":"C","5417":"A","5418":"A","5419":"C","5420":",","5421":"O","5422":"A","5423":"A","5424":"O","5425":",","5426":"G","5427":"A","5428":"A","5429":"G","5430":",","5431":"Q","5432":"A","5433":"A","5434":"Q","5435":",","5436":"G","5437":"A","5438":"A","5439":"G","5440":",","5441":"I","5442":"A","5443":"A","5444":"I","5445":",","5446":"C","5447":"A","5448":"A","5449":"C","5450":",","5451":"U","5452":"A","5453":"A","5454":"U","5455":",","5456":"G","5457":"A","5458":"A","5459":"G","5460":",","5461":"G","5462":"A","5463":"A","5464":"G","5465":",","5466":"C","5467":"A","5468":"A","5469":"C","5470":",","5471":"C","5472":"A","5473":"C","5474":"5","5475":"F","5476":",","5477":"I","5478":"A","5479":"A","5480":"I","5481":",","5482":"C","5483":"A","5484":"A","5485":"C","5486":",","5487":"Q","5488":"A","5489":"A","5490":"Q","5491":",","5492":"I","5493":"A","5494":"A","5495":"I","5496":";","5497":"Q","5498":"A","5499":"E","5500":"d","5501":",","5502":"I","5503":"A","5504":"A","5505":"I","5506":",","5507":"C","5508":"A","5509":"A","5510":"C","5511":",","5512":"a","5513":"A","5514":"A","5515":"a","5516":",","5517":"G","5518":"A","5519":"A","5520":"G","5521":",","5522":"Q","5523":"A","5524":"A","5525":"Q","5526":",","5527":"C","5528":"A","5529":"A","5530":"C","5531":",","55
[...]
":"-","10364":"w","10365":"e","10366":"b","10367":"k","10368":"i","10369":"t","10370":"-","10371":"b","10372":"a","10373":"c","10374":"k","10375":"g","10376":"r","10377":"o","10378":"u","10379":"n","10380":"d","10381":"-","10382":"c","10383":"l","10384":"i","10385":"p","10386":":","10387":" ","10388":"t","10389":"e","10390":"x","10391":"t","10392":";","10393":"\\","10394":"r","10395":"\\","10396":"n","10397":" ","10398":" ","10399":" ","10400":" ","10401":"t","10402":"r","10403":"a","10404":"n","10405":"s","10406":"f","10407":"o","10408":"r","10409":"m","10410":":","10411":" ","10412":"t","10413":"r","10414":"a","10415":"n","10416":"s","10417":"l","10418":"a","10419":"t","10420":"e","10421":"X","10422":"(","10423":"-","10424":"0","10425":".","10426":"0","10427":"2","10428":"e","10429":"m","10430":")","10431":";","10432":"\\","10433":"r","10434":"\\","10435":"n","10436":"}","10437":"\\","10438":"r","10439":"\\","10440":"n","10441":"\\","10442":"r","10443":"\\","10444":"n","10445":".","10446":"b","10447":"u","10448":"t","10449":"t","10450":"o","10451":"n","10452":"-","10453":"3","10454":"0","10455":" ","10456":"{","10457":"\\","10458":"r","10459":"\\","10460":"n","10461":" ","10462":" ","10463":" ","10464":" ","10465":"a","10466":"l","10467":"i","10468":"g","10469":"n","10470":"-","10471":"i","10472":"t","10473":"e","10474":"m","10475":"s","10476":":","10477":" ","10478":"c","10479":"e","10480":"n","10481":"t","10482":"e","10483":"r","10484":";","10485":"\\","10486":"r","10487":"\\","10488":"n","10489":" ","10490":" ","10491":" ","10492":" ","10493":"a","10494":"p","10495":"p","10496":"e","10497":"a","10498":"r","10499":"a","10500":"n","10501":"c","10502":"e","10503":":","10504":" ","10505":"n","10506":"o","10507":"n","10508":"e","10509":";","10510":"\\","10511":"r","10512":"\\","10513":"n","10514":" ","10515":" ","10516":" ","10517":" ","10518":"b","10519":"a","10520":"c","10521":"k","10522":"g","10523":"r","10524":"o","10525":"u","10526":"n","10527":"d","10528":"-","10529":"c","10530":"o","10531":"l","10532":"o","10533":"r","10534":":","10535":" ","10536":"#","10537":"F","10538":"C","10539":"F","10540":"C","10541":"F","10542":"D","10543":";","10544":"\\","10545":"r","10546":"\\","10547":"n","10548":" ","10549":" ","10550":" ","10551":" ","10552":"b","10553":"o","10554":"r","10555":"d","10556":"e","10557":"r","10558":"-","10559":"r","10560":"a","10561":"d","10562":"i","10563":"u","10564":"s","10565":":","10566":" ","10567":"4","10568":"p","10569":"x","10570":";","10571":"\\","10572":"r","10573":"\\","10574":"n","10575":" ","10576":" ","10577":" ","10578":" ","10579":"b","10580":"o","10581":"r","10582":"d","10583":"e","10584":"r","10585":"-","10586":"w","10587":"i","10588":"d","10589":"t","10590":"h","10591":":","10592":" ","10593":"0","10594":";","10595":"\\","10596":"r","10597":"\\","10598":"n","10599":" ","10600":" ","10601":" ","10602":" ","10603":"b","10604":"o","10605":"x","10606":"-","10607":"s","10608":"h","10609":"a","10610":"d","10611":"o","10612":"w","10613":":","10614":" ","10615":"r","10616":"g","10617":"b","10618":"a","10619":"(","10620":"4","10621":"5","10622":",","10623":" ","10624":"3","10625":"5","10626":",","10627":" ","10628":"6","10629":"6","10630":",","10631":" ","10632":"0","10633":".","10634":"4","10635":")","10636":" ","10637":"0","10638":" ","10639":"2","10640":"p","10641":"x","10642":" ","10643":"4","10644":"p","10645":"x","10646":",","10647":" ","10648":"r","10649":"g","10650":"b","10651":"a","10652":"(","10653":"4","10654":"5","10655":",","10656":" ","10657":"3","10658":"5","10659":",","10660":" ","10661":"6","10662":"6","10663":",","10664":" ","10665":"0","10666":".","10667":"3","10668":")","10669":" ","10670":"0","10671":" ","10672":"7","10673":"p","10674":"x","10675":" ","10676":"1","10677":"3","10678":"p","10679":"x","10680":" ","10681":"-","10682":"3","10683":"p","10684":"x","10685":",","10686":" ","10687":"#","10688":"D","10689":"6","10690":"D","10691":"6","10692":"E","10693":"7","10694":" ","10695":"0","10696":" ","10697":"-","10698":"3","10699":"p","10700":"x","10701":" ","10702":"0","10703":" ","10704":"i","10705":"n","10706":"s","10707":"e","10708":"t","10709":";","10710":"\\","10711":"r","10712":"\\","10713":"n","10714":" ","10715":" ","10716":" ","10717":" ","10718":"b","10719":"o","10720":"x","10721":"-","10722":"s","10723":"i","10724":"z","10725":"i","10726":"n","10727":"g","10728":":","10729":" ","10730":"b","10731":"o","10732":"r","10733":"d","10734":"e","10735":"r","10736":"-","10737":"b","10738":"o","10739":"x","10740":";","10741":"\\","10742":"r","10743":"\\","10744":"n","10745":" ","10746":" ","10747":" ","10748":" ","10749":"c","10750":"o","10751":"l","10752":"o","10753":"r","10754":":","10755":" ","10756":"#","10757":"3","10758":"6","10759":"3","10760":"9","10761":"5","10762":"A","10763":";","10764":"\\","10765":"r","10766":"\\","10767":"n","10768":" ","10769":" ","10770":" ","10771":" ","10772":"c","10773":"u","10774":"r","10775":"s","10776":"o","10777":"r","10778":":","10779":" ","10780":"p","10781":"o","10782":"i","10783":"n","10784":"t","10785":"e","10786":"r","10787":";","10788":"\\","10789":"r","10790":"\\","10791":"n","10792":" ","10793":" ","10794":" ","10795":" ","10796":"d","10797":"i","10798":"s","10799":"p","10800":"l","10801":"a","10802":"y","10803":":","10804":" ","10805":"i","10806":"n","10807":"l","10808":"i","10809":"n","10810":"e","10811":"-","10812":"f","10813":"l","10814":"e","10815":"x","10816":";","10817":"\\","10818":"r","10819":"\\","10820":"n","10821":" ","10822":" ","10823":" ","10824":" ","10825":"f","10826":"o","10827":"n","10828":"t","10829":"-","10830":"f","10831":"a","10832":"m","10833":"i","10834":"l","10835":"y","10836":":","10837":" ","10838":"\\","10839":"\"","10840":"J","10841":"e","10842":"t","10843":"B","10844":"r","10845":"a","10846":"i","10847":"n","10848":"s","10849":" ","10850":"M","10851":"o","10852":"n","10853":"o","10854":"\\","10855":"\"","10856":",","10857":" ","10858":"m","10859":"o","10860":"n","10861":"o","10862":"s","10863":"p","10864":"a","10865":"c","10866":"e","10867":";","10868":"\\","10869":"r","10870":"\\","10871":"n","10872":" ","10873":" ","10874":" ","10875":" ","10876":"h","10877":"e","10878":"i","10879":"g","10880":"h","10881":"t","10882":":","10883":" ","10884":"4","10885":"8","10886":"p","10887":"x","10888":";","10889":"\\","10890":"r","10891":"\\","10892":"n","10893":" ","10894":" ","10895":" ","10896":" ","10897":"j","10898":"u","10899":"s","10900":"t","10901":"i","10902":"f","10903":"y","10904":"-","10905":"c","10906":"o","10907":"n","10908":"t","10909":"e","10910":"n","10911":"t","10912":":","10913":" ","10914":"c","10915":"e","10916":"n","10917":"t","10918":"e","10919":"r","10920":";","10921":"\\","10922":"r","10923":"\\","10924":"n","10925":" ","10926":" ","10927":" ","10928":" ","10929":"l","10930":"i","10931":"n","10932":"e","10933":"-","10934":"h","10935":"e","10936":"i","10937":"g","10938":"h","10939":"t","10940":":","10941":" ","10942":"1","10943":";","10944":"\\","10945":"r","10946":"\\","10947":"n","10948":" ","10949":" ","10950":" ","10951":" ","10952":"l","10953":"i","10954":"s","10955":"t","10956":"-","10957":"s","10958":"t","10959":"y","10960":"l","10961":"e","10962":":","10963":" ","10964":"n","10965":"o","10966":"n","10967":"e","10968":";","10969":"\\","10970":"r","10971":"\\","10972":"n","10973":" ","10974":" ","10975":" ","10976":" ","10977":"o","10978":"v","10979":"e","10980":"r","10981":"f","10982":"l","10983":"o","10984":"w","10985":":","10986":" ","10987":"h","10988":"i","10989":"d","10990":"d","10991":"e","10992":"n","10993":";","10994":"\\","10995":"r","10996":"\\","10997":"n","10998":" ","10999":" ","11000":" ","11001":" ","11002":"p","11003":"a","11004":"d","11005":"d","11006":"i","11007":"n","11008":"g","11009":"-","11010":"l","11011":"e","11012":"f","11013":"t","11014":":","11015":" ","11016":"1","11017":"6","11018":"p","11019":"x","11020":";","11021":"\\","11022":"r","11023":"\\","11024":"n","11025":" ","11026":" ","11027":" ","11028":" ","11029":"p","11030":"a","11031":"d","11032":"d","11033":"i","11034":"n","11035":"g","11036":"-","11037":"r","11038":"i","11039":"g","11040":"h","11041":"t","11042":":","11043":" ","11044":"1","11045":"6","11046":"p","11047":"x","11048":";","11049":"\\","11050":"r","11051":"\\","11052":"n","11053":" ","11054":" ","11055":" ","11056":" ","11057":"p","11058":"o","11059":"s","11060":"i","11061":"t","11062":"i","11063":"o","11064":"n","11065":":","11066":" ","11067":"r","11068":"e","11069":"l","11070":"a","11071":"t","11072":"i","11073":"v","11074":"e","11075":";","11076":"\\","11077":"r","11078":"\\","11079":"n","11080":" ","11081":" ","11082":" ","11083":" ","11084":"t","11085":"e","11086":"x","11087":"t","11088":"-","11089":"a","11090":"l","11091":"i","11092":"g","11093":"n","11094":":","11095":" ","11096":"l","11097":"e","11098":"f","11099":"t","11100":";","11101":"\\","11102":"r","11103":"\\","11104":"n","11105":" ","11106":" ","11107":" ","11108":" ","11109":"t","11110":"e","11111":"x","11112":"t","11113":"-","11114":"d","11115":"e","11116":"c","11117":"o","11118":"r","11119":"a","11120":"t","11121":"i","11122":"o","11123":"n","11124":":","11125":" ","11126":"n","11127":"o","11128":"n","11129":"e","11130":";","11131":"\\","11132":"r","11133":"\\","11134":"n","11135":" ","11136":" ","11137":" ","11138":" ","11139":"t","11140":"r","11141":"a","11142":"n","11143":"s","11144":"i","11145":"t","11146":"i","11147":"o","11148":"n","11149":":","11150":" ","11151":"b","11152":"o","11153":"x","11154":"-","11155":"s","11156":"h","11157":"a","11158":"d","11159":"o","11160":"w","11161":" ","11162":".","11163":"1","11164":"5","11165":"s","11166":",","11167":" ","11168":"t","11169":"r","11170":"a","11171":"n","11172":"s","11173":"f","11174":"o","11175":"r","11176":"m","11177":" ","11178":".","11179":"1","11180":"5","11181":"s","11182":";","11183":"\\","11184":"r","11185":"\\","11186":"n","11187":" ","11188":" ","11189":" ","11190":" ","11191":"u","11192":"s","11193":"e","11194":"r","11195":"-","11196":"s","11197":"e","11198":"l","11199":"e","11200":"c","11201":"t","11202":":","11203":" ","11204":"n","11205":"o","11206":"n","11207":"e","11208":";","11209":"\\","11210":"r","11211":"\\","11212":"n","11213":" ","11214":" ","11215":" ","11216":" ","11217":"-","11218":"w","11219":"e","11220":"b","11221":"k","11222":"i","11223":"t","11224":"-","11225":"u","11226":"s","11227":"e","11228":"r","11229":"-","11230":"s","11231":"e","11232":"l","11233":"e","11234":"c","11235":"t","11236":":","11237":" ","11238":"n","11239":"o","11240":"n","11241":"e","11242":";","11243":"\\","11244":"r","11245":"\\","11246":"n","11247":" ","11248":" ","11249":" ","11250":" ","11251":"t","11252":"o","11253":"u","11254":"c","11255":"h","11256":"-","11257":"a","11258":"c","11259":"t","11260":"i","11261":"o","11262":"n","11263":":","11264":" ","11265":"m","11266":"a","11267":"n","11268":"i","11269":"p","11270":"u","11271":"l","11272":"a","11273":"t","11274":"i","11275":"o","11276":"n","11277":";","11278":"\\","11279":"r","11280":"\\","11281":"n","11282":" ","11283":" ","11284":" ","11285":" ","11286":"w","11287":"h","11288":"i","11289":"t","11290":"e","11291":"-","11292":"s","11293":"p","11294":"a","11295":"c","11296":"e","11297":":","11298":" ","11299":"n","11300":"o","11301":"w","11302":"r","11303":"a","11304":"p","11305":";","11306":"\\","11307":"r","11308":"\\","11309":"n","11310":" ","11311":" ","11312":" ","11313":" ","11314":"w","11315":"i","11316":"l","11317":"l","11318":"-","11319":"c","11320":"h","11321":"a","11322":"n","11323":"g","11324":"e","11325":":","11326":" ","11327":"b","11328":"o","11329":"x","11330":"-","11331":"s","11332":"h","11333":"a","11334":"d","11335":"o","11336":"w","11337":",","11338":" ","11339":"t","11340":"r","11341":"a","11342":"n","11343":"s","11344":"f","11345":"o","11346":"r","11347":"m","11348":";","11349":"\\","11350":"r","11351":"\\","11352":"n","11353":" ","11354":" ","11355":" ","11356":" ","11357":"f","11358":"o","11359":"n","11360":"t","11361":"-","11362":"s","11363":"i","11364":"z","11365":"e","11366":":","11367":" ","11368":"1","11369":"8","11370":"p","11371":"x","11372":";","11373":"\\","11374":"r","11375":"\\","11376":"n","11377":"}","11378":"\\","11379":"r","11380":"\\","11381":"n","11382":"\\","11383":"r","11384":"\\","11385":"n","11386":".","11387":"b","11388":"u","11389":"t","11390":"t","11391":"o","11392":"n","11393":"-","11394":"3","11395":"0","11396":":","11397":"f","11398":"o","11399":"c","11400":"u","11401":"s","11402":" ","11403":"{","11404":"\\","11405":"r","11406":"\\","11407":"n","11408":" ","11409":" ","11410":" ","11411":" ","11412":"b","11413":"o","11414":"x","11415":"-","11416":"s","11417":"h","11418":"a","11419":"d","11420":"o","11421":"w","11422":":","11423":" ","11424":"#","11425":"D","11426":"6","11427":"D","11428":"6","11429":"E","11430":"7","11431":" ","11432":"0","11433":" ","11434":"0","11435":" ","11436":"0","11437":" ","11438":"1","11439":".","11440":"5","11441":"p","11442":"x","11443":" ","11444":"i","11445":"n","11446":"s","11447":"e","11448":"t","11449":",","11450":" ","11451":"r","11452":"g","11453":"b","11454":"a","11455":"(","11456":"4","11457":"5","11458":",","11459":" ","11460":"3","11461":"5","11462":",","11463":" ","11464":"6","11465":"6","11466":",","11467":" ","11468":"0","11469":".","11470":"4","11471":")","11472":" ","11473":"0","11474":" ","11475":"2","11476":"p","11477":"x","11478":" ","11479":"4","11480":"p","11481":"x","11482":",","11483":" ","11484":"r","11485":"g","11486":"b","11487":"a","11488":"(","11489":"4","11490":"5","11491":",","11492":" ","11493":"3","11494":"5","11495":",","11496":" ","11497":"6","11498":"6","11499":",","11500":" ","11501":"0","11502":".","11503":"3","11504":")","11505":" ","11506":"0","11507":" ","11508":"7","11509":"p","11510":"x","11511":" ","11512":"1","11513":"3","11514":"p","11515":"x","11516":" ","11517":"-","11518":"3","11519":"p","11520":"x","11521":",","11522":" ","11523":"#","11524":"D","11525":"6","11526":"D","11527":"6","11528":"E","11529":"7","11530":" ","11531":"0","11532":" ","11533":"-","11534":"3","11535":"p","11536":"x","11537":" ","11538":"0","11539":" ","11540":"i","11541":"n","11542":"s","11543":"e","11544":"t","11545":";","11546":"\\","11547":"r","11548":"\\","11549":"n","11550":"}","11551":"\\","11552":"r","11553":"\\","11554":"n","11555":"\\","11556":"r","11557":"\\","11558":"n","11559":".","11560":"b","11561":"u","11562":"t","11563":"t","11564":"o","11565":"n","11566":"-","11567":"3","11568":"0","11569":":","11570":"h","11571":"o","11572":"v","11573":"e","11574":"r","11575":" ","11576":"{","11577":"\\","11578":"r","11579":"\\","11580":"n","11581":" ","11582":" ","11583":" ","11584":" ","11585":"b","11586":"o","11587":"x","11588":"-","11589":"s","11590":"h","11591":"a","11592":"d","11593":"o","11594":"w","11595":":","11596":" ","11597":"r","11598":"g","11599":"b","11600":"a","11601":"(","11602":"4","11603":"5","11604":",","11605":" ","11606":"3","11607":"5","11608":",","11609":" ","11610":"6","11611":"6","11612":",","11613":" ","11614":"0","11615":".","11616":"4","11617":")","11618":" ","11619":"0","11620":" ","11621":"4","11622":"p","11623":"x","11624":" ","11625":"8","11626":"p","11627":"x","11628":",","11629":" ","11630":"r","11631":"g","11632":"b","11633":"a","11634":"(","11635":"4","11636":"5","11637":",","11638":" ","11639":"3","11640":"5","11641":",","11642":" ","11643":"6","11644":"6","11645":",","11646":" ","11647":"0","11648":".","11649":"3","11650":")","11651":" ","11652":"0","11653":" ","11654":"7","11655":"p","11656":"x","11657":" ","11658":"1","11659":"3","11660":"p","11661":"x","11662":" ","11663":"-","11664":"3","11665":"p","11666":"x","11667":",","11668":" ","11669":"#","11670":"D","11671":"6","11672":"D","11673":"6","11674":"E","11675":"7","11676":" ","11677":"0","11678":" ","11679":"-","11680":"3","11681":"p","11682":"x","11683":" ","11684":"0","11685":" ","11686":"i","11687":"n","11688":"s","11689":"e","11690":"t","11691":";","11692":"\\","11693":"r","11694":"\\","11695":"n","11696":" ","11697":" ","11698":" ","11699":" ","11700":"t","11701":"r","11702":"a","11703":"n","11704":"s","11705":"f","11706":"o","11707":"r","11708":"m","11709":":","11710":" ","11711":"t","11712":"r","11713":"a","11714":"n","11715":"s","11716":"l","11717":"a","11718":"t","11719":"e","11720":"Y","11721":"(","11722":"-","11723":"2","11724":"p","11725":"x","11726":")","11727":";","11728":"\\","11729":"r","11730":"\\","11731":"n","11732":"}","11733":"\\","11734":"r","11735":"\\","11736":"n","11737":"\\","11738":"r","11739":"\\","11740":"n","11741":".","11742":"b","11743":"u","11744":"t","11745":"t","11746":"o","11747":"n","11748":"-","11749":"3","11750":"0","11751":":","11752":"a","11753":"c","11754":"t","11755":"i","11756":"v","11757":"e","11758":" ","11759":"{","11760":"\\","11761":"r","11762":"\\","11763":"n","11764":" ","11765":" ","11766":" ","11767":" ","11768":"b","11769":"o","11770":"x","11771":"-","11772":"s","11773":"h","11774":"a","11775":"d","11776":"o","11777":"w","11778":":","11779":" ","11780":"#","11781":"D","11782":"6","11783":"D","11784":"6","11785":"E","11786":"7","11787":" ","11788":"0","11789":" ","11790":"3","11791":"p","11792":"x","11793":" ","11794":"7","11795":"p","11796":"x","11797":" ","11798":"i","11799":"n","11800":"s","11801":"e","11802":"t","11803":";","11804":"\\","11805":"r","11806":"\\","11807":"n","11808":" ","11809":" ","11810":" ","11811":" ","11812":"t","11813":"r","11814":"a","11815":"n","11816":"s","11817":"f","11818":"o","11819":"r","11820":"m","11821":":","11822":" ","11823":"t","11824":"r","11825":"a","11826":"n","11827":"s","11828":"l","11829":"a","11830":"t","11831":"e","11832":"Y","11833":"(","11834":"2","11835":"p","11836":"x","11837":")","11838":";","11839":"\\","11840":"r","11841":"\\","11842":"n","11843":"}","11844":"\\","11845":"r","11846":"\\","11847":"n","11848":"\\","11849":"r","11850":"\\","11851":"n","11852":".","11853":"i","11854":"m","11855":"p","11856":"o","11857":"r","11858":"t","11859":"a","11860":"n","11861":"t","11862":"M","11863":"e","11864":"s","11865":"s","11866":"a","11867":"g","11868":"e","11869":" ","11870":"{","11871":"\\","11872":"r","11873":"\\","11874":"n","11875":" ","11876":" ","11877":" ","11878":" ","11879":"c","11880":"o","11881":"l","11882":"o","11883":"r","11884":":","11885":" ","11886":"r","11887":"e","11888":"d","11889":";","11890":"\\","11891":"r","11892":"\\","11893":"n","11894":" ","11895":" ","11896":" ","11897":" ","11898":"f","11899":"o","11900":"n","11901":"t","11902":"-","11903":"s","11904":"i","11905":"z","11906":"e","11907":":","11908":" ","11909":"2","11910":"0","11911":"p","11912":"x","11913":";","11914":"\\","11915":"r","11916":"\\","11917":"n","11918":" ","11919":" ","11920":" ","11921":" ","11922":"f","11923":"o","11924":"n","11925":"t","11926":"-","11927":"f","11928":"a","11929":"m","11930":"i","11931":"l","11932":"y","11933":":","11934":" ","11935":"\\","11936":"\"","11937":"C","11938":"o","11939":"m","11940":"i","11941":"c","11942":" ","11943":"S","11944":"a","11945":"n","11946":"s","11947":" ","11948":"M","11949":"S","11950":"\\","11951":"\"","11952":",","11953":" ","11954":"\\","11955":"\"","11956":"C","11957":"o","11958":"m","11959":"i","11960":"c","11961":" ","11962":"S","11963":"a","11964":"n","11965":"s","11966":"\\","11967":"\"","11968":",","11969":" ","11970":"c","11971":"u","11972":"r","11973":"s","11974":"i","11975":"v","11976":"e","11977":";","11978":"\\","11979":"r","11980":"\\","11981":"n","11982":"\\","11983":"r","11984":"\\","11985":"n","11986":"}","11987":"\\","11988":"r","11989":"\\","11990":"n","11991":"<","11992":"/","11993":"s","11994":"t","11995":"y","11996":"l","11997":"e","11998":">","11999":"\\","12000":"r","12001":"\\","12002":"n","12003":"\\","12004":"r","12005":"\\","12006":"n","12007":"\"","12008":"]","12009":"}"},"_coverageSchema":"1a1c01bbd47fc00a2c39e90264f33305004495a9","hash":"45bc9096aa5093d7a3ab12579e196e5e99438c8b"}
}
