{"C:\\Users\\mauze\\Documents\\GitHub\\progetto-risiko-1-risikiamo\\frontend\\progetto-risiko-risikiamo-frontend\\src\\assets\\img\\RiskLogo.png": {"path":"C:\\Users\\mauze\\Documents\\GitHub\\progetto-risiko-1-risikiamo\\frontend\\progetto-risiko-risikiamo-frontend\\src\\assets\\img\\RiskLogo.png","statementMap":{"0":{"start":{"line":1,"column":0},"end":{"line":1,"column":19}}},"fnMap":{},"branchMap":{},"s":{"0":1},"f":{},"b":{},"_coverageSchema":"1a1c01bbd47fc00a2c39e90264f33305004495a9","hash":"942be58281eaa17987c7d9f72577dcb83667e2a8"}
,"C:\\Users\\mauze\\Documents\\GitHub\\progetto-risiko-1-risikiamo\\frontend\\progetto-risiko-risikiamo-frontend\\src\\components\\HomeComponent.vue": {"path":"C:\\Users\\mauze\\Documents\\GitHub\\progetto-risiko-1-risikiamo\\frontend\\progetto-risiko-risikiamo-frontend\\src\\components\\HomeComponent.vue","statementMap":{"0":{"start":{"line":4,"column":29},"end":{"line":4,"column":212}},"1":{"start":{"line":5,"column":0},"end":{"line":7,"column":3}},"2":{"start":{"line":8,"column":0},"end":{"line":8,"column":25}},"3":{"start":{"line":9,"column":0},"end":{"line":9,"column":44}},"4":{"start":{"line":289,"column":0},"end":{"line":293,"column":39}},"5":{"start":{"line":296,"column":0},"end":{"line":300,"column":8}},"6":{"start":{"line":302,"column":2},"end":{"line":312,"column":3}},"7":{"start":{"line":303,"column":16},"end":{"line":303,"column":45}},"8":{"start":{"line":304,"column":20},"end":{"line":304,"column":79}},"9":{"start":{"line":305,"column":4},"end":{"line":308,"column":5}},"10":{"start":{"line":306,"column":6},"end":{"line":306,"column":31}},"11":{"start":{"line":307,"column":6},"end":{"line":307,"column":29}},"12":{"start":{"line":310,"column":4},"end":{"line":310,"column":51}},"13":{"start":{"line":311,"column":4},"end":{"line":311,"column":20}},"14":{"start":{"line":315,"column":19},"end":{"line":315,"column":24}},"15":{"start":{"line":317,"column":2},"end":{"line":324,"column":3}},"16":{"start":{"line":317,"column":15},"end":{"line":317,"column":16}},"17":{"start":{"line":318,"column":20},"end":{"line":318,"column":43}},"18":{"start":{"line":319,"column":4},"end":{"line":323,"column":5}},"19":{"start":{"line":319,"column":17},"end":{"line":319,"column":18}},"20":{"start":{"line":320,"column":6},"end":{"line":322,"column":7}},"21":{"start":{"line":321,"column":8},"end":{"line":321,"column":33}},"22":{"start":{"line":325,"column":2},"end":{"line":325,"column":30}},"23":{"start":{"line":328,"column":22},"end":{"line":328,"column":71}},"24":{"start":{"line":329,"column":2},"end":{"line":331,"column":5}},"25":{"start":{"line":330,"column":4},"end":{"line":330,"column":50}},"26":{"start":{"line":334,"column":2},"end":{"line":334,"column":100}},"27":{"start":{"line":334,"column":36},"end":{"line":334,"column":63}},"28":{"start":{"line":334,"column":68},"end":{"line":334,"column":100}},"29":{"start":{"line":337,"column":22},"end":{"line":337,"column":71}},"30":{"start":{"line":338,"column":2},"end":{"line":338,"column":48}},"31":{"start":{"line":341,"column":14},"end":{"line":341,"column":69}},"32":{"start":{"line":341,"column":46},"end":{"line":341,"column":68}},"33":{"start":{"line":342,"column":2},"end":{"line":346,"column":3}},"34":{"start":{"line":343,"column":4},"end":{"line":343,"column":23}},"35":{"start":{"line":345,"column":4},"end":{"line":345,"column":19}},"36":{"start":{"line":348,"column":0},"end":{"line":348,"column":13}},"37":{"start":{"line":350,"column":29},"end":{"line":350,"column":212}},"38":{"start":{"line":351,"column":0},"end":{"line":353,"column":3}},"39":{"start":{"line":354,"column":0},"end":{"line":354,"column":24}},"40":{"start":{"line":355,"column":11},"end":{"line":355,"column":25}},"41":{"start":{"line":356,"column":16},"end":{"line":356,"column":77}},"42":{"start":{"line":357,"column":32},"end":{"line":357,"column":96}},"43":{"start":{"line":358,"column":32},"end":{"line":358,"column":96}},"44":{"start":{"line":359,"column":32},"end":{"line":363,"column":103}},"45":{"start":{"line":364,"column":32},"end":{"line":364,"column":96}},"46":{"start":{"line":365,"column":32},"end":{"line":365,"column":96}},"47":{"start":{"line":366,"column":32},"end":{"line":366,"column":96}},"48":{"start":{"line":367,"column":32},"end":{"line":367,"column":96}},"49":{"start":{"line":368,"column":32},"end":{"line":368,"column":96}},"50":{"start":{"line":369,"column":32},"end":{"line":369,"column":96}},"51":{"start":{"line":370,"column":20},"end":{"line":372,"column":1}},"52":{"start":{"line":373,"column":33},"end":{"line":373,"column":197}},"53":{"start":{"line":374,"column":33},"end":{"line":376,"column":30}},"54":{"start":{"line":377,"column":33},"end":{"line":379,"column":31}},"55":{"start":{"line":380,"column":33},"end":{"line":382,"column":30}},"56":{"start":{"line":383,"column":33},"end":{"line":383,"column":167}},"57":{"start":{"line":384,"column":33},"end":{"line":384,"column":167}},"58":{"start":{"line":385,"column":33},"end":{"line":385,"column":159}},"59":{"start":{"line":386,"column":33},"end":{"line":386,"column":97}},"60":{"start":{"line":387,"column":20},"end":{"line":389,"column":1}},"61":{"start":{"line":390,"column":33},"end":{"line":390,"column":97}},"62":{"start":{"line":391,"column":20},"end":{"line":391,"column":33}},"63":{"start":{"line":392,"column":33},"end":{"line":392,"column":97}},"64":{"start":{"line":393,"column":20},"end":{"line":395,"column":1}},"65":{"start":{"line":396,"column":33},"end":{"line":396,"column":97}},"66":{"start":{"line":397,"column":20},"end":{"line":399,"column":1}},"67":{"start":{"line":400,"column":20},"end":{"line":402,"column":1}},"68":{"start":{"line":403,"column":33},"end":{"line":407,"column":26}},"69":{"start":{"line":408,"column":20},"end":{"line":410,"column":1}},"70":{"start":{"line":411,"column":20},"end":{"line":413,"column":1}},"71":{"start":{"line":414,"column":20},"end":{"line":414,"column":27}},"72":{"start":{"line":415,"column":33},"end":{"line":415,"column":97}},"73":{"start":{"line":416,"column":20},"end":{"line":418,"column":1}},"74":{"start":{"line":419,"column":33},"end":{"line":419,"column":132}},"75":{"start":{"line":420,"column":33},"end":{"line":420,"column":96}},"76":{"start":{"line":421,"column":33},"end":{"line":421,"column":96}},"77":{"start":{"line":422,"column":33},"end":{"line":422,"column":96}},"78":{"start":{"line":425,"column":2},"end":{"line":522,"column":41}},"79":{"start":{"line":432,"column":6},"end":{"line":432,"column":62}},"80":{"start":{"line":437,"column":6},"end":{"line":437,"column":56}},"81":{"start":{"line":442,"column":6},"end":{"line":442,"column":50}},"82":{"start":{"line":448,"column":63},"end":{"line":448,"column":91}},"83":{"start":{"line":454,"column":63},"end":{"line":454,"column":91}},"84":{"start":{"line":460,"column":63},"end":{"line":460,"column":91}},"85":{"start":{"line":465,"column":63},"end":{"line":465,"column":90}},"86":{"start":{"line":469,"column":63},"end":{"line":469,"column":88}},"87":{"start":{"line":474,"column":63},"end":{"line":474,"column":87}},"88":{"start":{"line":478,"column":6},"end":{"line":478,"column":62}},"89":{"start":{"line":484,"column":4},"end":{"line":494,"column":39}},"90":{"start":{"line":487,"column":6},"end":{"line":493,"column":127}},"91":{"start":{"line":496,"column":4},"end":{"line":504,"column":62}},"92":{"start":{"line":508,"column":65},"end":{"line":508,"column":84}},"93":{"start":{"line":512,"column":65},"end":{"line":512,"column":84}},"94":{"start":{"line":516,"column":65},"end":{"line":516,"column":84}},"95":{"start":{"line":520,"column":6},"end":{"line":520,"column":64}},"96":{"start":{"line":523,"column":2},"end":{"line":523,"column":49}}},"fnMap":{"0":{"name":"changeHoverValue","decl":{"start":{"line":301,"column":9},"end":{"line":301,"column":25}},"loc":{"start":{"line":301,"column":33},"end":{"line":313,"column":1}},"line":301},"1":{"name":"findNameTerritory","decl":{"start":{"line":314,"column":9},"end":{"line":314,"column":26}},"loc":{"start":{"line":314,"column":40},"end":{"line":326,"column":1}},"line":314},"2":{"name":"showWindow","decl":{"start":{"line":327,"column":9},"end":{"line":327,"column":19}},"loc":{"start":{"line":327,"column":29},"end":{"line":332,"column":1}},"line":327},"3":{"name":"(anonymous_3)","decl":{"start":{"line":329,"column":15},"end":{"line":329,"column":16}},"loc":{"start":{"line":329,"column":26},"end":{"line":331,"column":3}},"line":329},"4":{"name":"returnError","decl":{"start":{"line":333,"column":9},"end":{"line":333,"column":20}},"loc":{"start":{"line":333,"column":28},"end":{"line":335,"column":1}},"line":333},"5":{"name":"showMessage","decl":{"start":{"line":336,"column":9},"end":{"line":336,"column":20}},"loc":{"start":{"line":336,"column":30},"end":{"line":339,"column":1}},"line":336},"6":{"name":"colorSet","decl":{"start":{"line":340,"column":9},"end":{"line":340,"column":17}},"loc":{"start":{"line":340,"column":25},"end":{"line":347,"column":1}},"line":340},"7":{"name":"(anonymous_7)","decl":{"start":{"line":341,"column":35},"end":{"line":341,"column":36}},"loc":{"start":{"line":341,"column":46},"end":{"line":341,"column":68}},"line":341},"8":{"name":"render","decl":{"start":{"line":424,"column":9},"end":{"line":424,"column":15}},"loc":{"start":{"line":424,"column":30},"end":{"line":523,"column":1}},"line":424},"9":{"name":"(anonymous_9)","decl":{"start":{"line":431,"column":39},"end":{"line":431,"column":40}},"loc":{"start":{"line":431,"column":51},"end":{"line":433,"column":5}},"line":431},"10":{"name":"(anonymous_10)","decl":{"start":{"line":436,"column":39},"end":{"line":436,"column":40}},"loc":{"start":{"line":436,"column":51},"end":{"line":438,"column":5}},"line":436},"11":{"name":"(anonymous_11)","decl":{"start":{"line":441,"column":39},"end":{"line":441,"column":40}},"loc":{"start":{"line":441,"column":51},"end":{"line":443,"column":5}},"line":441},"12":{"name":"(anonymous_12)","decl":{"start":{"line":448,"column":53},"end":{"line":448,"column":54}},"loc":{"start":{"line":448,"column":63},"end":{"line":448,"column":91}},"line":448},"13":{"name":"(anonymous_13)","decl":{"start":{"line":454,"column":53},"end":{"line":454,"column":54}},"loc":{"start":{"line":454,"column":63},"end":{"line":454,"column":91}},"line":454},"14":{"name":"(anonymous_14)","decl":{"start":{"line":460,"column":53},"end":{"line":460,"column":54}},"loc":{"start":{"line":460,"column":63},"end":{"line":460,"column":91}},"line":460},"15":{"name":"(anonymous_15)","decl":{"start":{"line":465,"column":53},"end":{"line":465,"column":54}},"loc":{"start":{"line":465,"column":63},"end":{"line":465,"column":90}},"line":465},"16":{"name":"(anonymous_16)","decl":{"start":{"line":469,"column":53},"end":{"line":469,"column":54}},"loc":{"start":{"line":469,"column":63},"end":{"line":469,"column":88}},"line":469},"17":{"name":"(anonymous_17)","decl":{"start":{"line":474,"column":53},"end":{"line":474,"column":54}},"loc":{"start":{"line":474,"column":63},"end":{"line":474,"column":87}},"line":474},"18":{"name":"(anonymous_18)","decl":{"start":{"line":477,"column":39},"end":{"line":477,"column":40}},"loc":{"start":{"line":477,"column":51},"end":{"line":479,"column":5}},"line":477},"19":{"name":"(anonymous_19)","decl":{"start":{"line":483,"column":263},"end":{"line":483,"column":264}},"loc":{"start":{"line":483,"column":276},"end":{"line":495,"column":3}},"line":483},"20":{"name":"(anonymous_20)","decl":{"start":{"line":486,"column":270},"end":{"line":486,"column":271}},"loc":{"start":{"line":486,"column":283},"end":{"line":494,"column":5}},"line":486},"21":{"name":"(anonymous_21)","decl":{"start":{"line":495,"column":215},"end":{"line":495,"column":216}},"loc":{"start":{"line":495,"column":223},"end":{"line":505,"column":3}},"line":495},"22":{"name":"(anonymous_22)","decl":{"start":{"line":508,"column":55},"end":{"line":508,"column":56}},"loc":{"start":{"line":508,"column":65},"end":{"line":508,"column":84}},"line":508},"23":{"name":"(anonymous_23)","decl":{"start":{"line":512,"column":55},"end":{"line":512,"column":56}},"loc":{"start":{"line":512,"column":65},"end":{"line":512,"column":84}},"line":512},"24":{"name":"(anonymous_24)","decl":{"start":{"line":516,"column":55},"end":{"line":516,"column":56}},"loc":{"start":{"line":516,"column":65},"end":{"line":516,"column":84}},"line":516},"25":{"name":"(anonymous_25)","decl":{"start":{"line":519,"column":41},"end":{"line":519,"column":42}},"loc":{"start":{"line":519,"column":53},"end":{"line":521,"column":5}},"line":519}},"branchMap":{"0":{"loc":{"start":{"line":302,"column":2},"end":{"line":312,"column":3}},"type":"if","locations":[{"start":{"line":302,"column":2},"end":{"line":312,"column":3}},{"start":{"line":309,"column":9},"end":{"line":312,"column":3}}],"line":302},"1":{"loc":{"start":{"line":302,"column":6},"end":{"line":302,"column":43}},"type":"binary-expr","locations":[{"start":{"line":302,"column":6},"end":{"line":302,"column":19}},{"start":{"line":302,"column":23},"end":{"line":302,"column":43}}],"line":302},"2":{"loc":{"start":{"line":305,"column":4},"end":{"line":308,"column":5}},"type":"if","locations":[{"start":{"line":305,"column":4},"end":{"line":308,"column":5}},{"start":{},"end":{}}],"line":305},"3":{"loc":{"start":{"line":320,"column":6},"end":{"line":322,"column":7}},"type":"if","locations":[{"start":{"line":320,"column":6},"end":{"line":322,"column":7}},{"start":{},"end":{}}],"line":320},"4":{"loc":{"start":{"line":334,"column":2},"end":{"line":334,"column":100}},"type":"if","locations":[{"start":{"line":334,"column":2},"end":{"line":334,"column":100}},{"start":{"line":334,"column":68},"end":{"line":334,"column":100}}],"line":334},"5":{"loc":{"start":{"line":342,"column":2},"end":{"line":346,"column":3}},"type":"if","locations":[{"start":{"line":342,"column":2},"end":{"line":346,"column":3}},{"start":{"line":344,"column":9},"end":{"line":346,"column":3}}],"line":342},"6":{"loc":{"start":{"line":342,"column":6},"end":{"line":342,"column":41}},"type":"binary-expr","locations":[{"start":{"line":342,"column":6},"end":{"line":342,"column":19}},{"start":{"line":342,"column":23},"end":{"line":342,"column":41}}],"line":342},"7":{"loc":{"start":{"line":431,"column":13},"end":{"line":433,"column":6}},"type":"binary-expr","locations":[{"start":{"line":431,"column":13},"end":{"line":431,"column":22}},{"start":{"line":431,"column":27},"end":{"line":433,"column":5}}],"line":431},"8":{"loc":{"start":{"line":432,"column":13},"end":{"line":432,"column":61}},"type":"binary-expr","locations":[{"start":{"line":432,"column":13},"end":{"line":432,"column":28}},{"start":{"line":432,"column":32},"end":{"line":432,"column":61}}],"line":432},"9":{"loc":{"start":{"line":436,"column":13},"end":{"line":438,"column":6}},"type":"binary-expr","locations":[{"start":{"line":436,"column":13},"end":{"line":436,"column":22}},{"start":{"line":436,"column":27},"end":{"line":438,"column":5}}],"line":436},"10":{"loc":{"start":{"line":437,"column":13},"end":{"line":437,"column":55}},"type":"binary-expr","locations":[{"start":{"line":437,"column":13},"end":{"line":437,"column":25}},{"start":{"line":437,"column":29},"end":{"line":437,"column":55}}],"line":437},"11":{"loc":{"start":{"line":441,"column":13},"end":{"line":443,"column":6}},"type":"binary-expr","locations":[{"start":{"line":441,"column":13},"end":{"line":441,"column":22}},{"start":{"line":441,"column":27},"end":{"line":443,"column":5}}],"line":441},"12":{"loc":{"start":{"line":442,"column":13},"end":{"line":442,"column":49}},"type":"binary-expr","locations":[{"start":{"line":442,"column":13},"end":{"line":442,"column":22}},{"start":{"line":442,"column":26},"end":{"line":442,"column":49}}],"line":442},"13":{"loc":{"start":{"line":448,"column":27},"end":{"line":448,"column":92}},"type":"binary-expr","locations":[{"start":{"line":448,"column":27},"end":{"line":448,"column":36}},{"start":{"line":448,"column":41},"end":{"line":448,"column":91}}],"line":448},"14":{"loc":{"start":{"line":454,"column":27},"end":{"line":454,"column":92}},"type":"binary-expr","locations":[{"start":{"line":454,"column":27},"end":{"line":454,"column":36}},{"start":{"line":454,"column":41},"end":{"line":454,"column":91}}],"line":454},"15":{"loc":{"start":{"line":460,"column":27},"end":{"line":460,"column":92}},"type":"binary-expr","locations":[{"start":{"line":460,"column":27},"end":{"line":460,"column":36}},{"start":{"line":460,"column":41},"end":{"line":460,"column":91}}],"line":460},"16":{"loc":{"start":{"line":465,"column":27},"end":{"line":465,"column":91}},"type":"binary-expr","locations":[{"start":{"line":465,"column":27},"end":{"line":465,"column":36}},{"start":{"line":465,"column":41},"end":{"line":465,"column":90}}],"line":465},"17":{"loc":{"start":{"line":469,"column":27},"end":{"line":469,"column":89}},"type":"binary-expr","locations":[{"start":{"line":469,"column":27},"end":{"line":469,"column":36}},{"start":{"line":469,"column":41},"end":{"line":469,"column":88}}],"line":469},"18":{"loc":{"start":{"line":474,"column":27},"end":{"line":474,"column":88}},"type":"binary-expr","locations":[{"start":{"line":474,"column":27},"end":{"line":474,"column":36}},{"start":{"line":474,"column":41},"end":{"line":474,"column":87}}],"line":474},"19":{"loc":{"start":{"line":477,"column":13},"end":{"line":479,"column":6}},"type":"binary-expr","locations":[{"start":{"line":477,"column":13},"end":{"line":477,"column":22}},{"start":{"line":477,"column":27},"end":{"line":479,"column":5}}],"line":477},"20":{"loc":{"start":{"line":478,"column":13},"end":{"line":478,"column":61}},"type":"binary-expr","locations":[{"start":{"line":478,"column":13},"end":{"line":478,"column":28}},{"start":{"line":478,"column":32},"end":{"line":478,"column":61}}],"line":478},"21":{"loc":{"start":{"line":508,"column":27},"end":{"line":508,"column":85}},"type":"binary-expr","locations":[{"start":{"line":508,"column":27},"end":{"line":508,"column":37}},{"start":{"line":508,"column":42},"end":{"line":508,"column":84}}],"line":508},"22":{"loc":{"start":{"line":512,"column":27},"end":{"line":512,"column":85}},"type":"binary-expr","locations":[{"start":{"line":512,"column":27},"end":{"line":512,"column":37}},{"start":{"line":512,"column":42},"end":{"line":512,"column":84}}],"line":512},"23":{"loc":{"start":{"line":516,"column":27},"end":{"line":516,"column":85}},"type":"binary-expr","locations":[{"start":{"line":516,"column":27},"end":{"line":516,"column":37}},{"start":{"line":516,"column":42},"end":{"line":516,"column":84}}],"line":516},"24":{"loc":{"start":{"line":519,"column":13},"end":{"line":521,"column":6}},"type":"binary-expr","locations":[{"start":{"line":519,"column":13},"end":{"line":519,"column":23}},{"start":{"line":519,"column":28},"end":{"line":521,"column":5}}],"line":519},"25":{"loc":{"start":{"line":520,"column":13},"end":{"line":520,"column":63}},"type":"binary-expr","locations":[{"start":{"line":520,"column":13},"end":{"line":520,"column":29}},{"start":{"line":520,"column":33},"end":{"line":520,"column":63}}],"line":520}},"s":{"0":1,"1":1,"2":1,"3":1,"4":1,"5":1,"6":1,"7":0,"8":0,"9":0,"10":0,"11":0,"12":1,"13":1,"14":1,"15":1,"16":1,"17":2,"18":2,"19":2,"20":3,"21":1,"22":1,"23":3,"24":3,"25":3,"26":2,"27":1,"28":1,"29":1,"30":1,"31":23,"32":0,"33":23,"34":0,"35":23,"36":1,"37":1,"38":1,"39":1,"40":1,"41":1,"42":1,"43":1,"44":1,"45":1,"46":1,"47":1,"48":1,"49":1,"50":1,"51":1,"52":1,"53":1,"54":1,"55":1,"56":1,"57":1,"58":1,"59":1,"60":1,"61":1,"62":1,"63":1,"64":1,"65":1,"66":1,"67":1,"68":1,"69":1,"70":1,"71":1,"72":1,"73":1,"74":1,"75":1,"76":1,"77":1,"78":22,"79":1,"80":1,"81":1,"82":0,"83":0,"84":0,"85":0,"86":0,"87":0,"88":3,"89":0,"90":0,"91":0,"92":0,"93":0,"94":0,"95":1,"96":1},"f":{"0":1,"1":1,"2":3,"3":3,"4":2,"5":1,"6":23,"7":0,"8":22,"9":1,"10":1,"11":1,"12":0,"13":0,"14":0,"15":0,"16":0,"17":0,"18":3,"19":0,"20":0,"21":0,"22":0,"23":0,"24":0,"25":1},"b":{"0":[0,1],"1":[1,1],"2":[0,0],"3":[1,2],"4":[1,1],"5":[0,23],"6":[23,0],"7":[22,17],"8":[1,1],"9":[22,17],"10":[1,1],"11":[22,17],"12":[1,1],"13":[22,17],"14":[22,17],"15":[22,17],"16":[22,17],"17":[22,17],"18":[22,17],"19":[22,17],"20":[3,3],"21":[22,17],"22":[22,17],"23":[22,17],"24":[22,17],"25":[1,1]},"inputSourceMap":{"0":"{","1":"\"","2":"v","3":"e","4":"r","5":"s","6":"i","7":"o","8":"n","9":"\"","10":":","11":"3","12":",","13":"\"","14":"s","15":"o","16":"u","17":"r","18":"c","19":"e","20":"s","21":"\"","22":":","23":"[","24":"\"","25":"C","26":":","27":"\\","28":"\\","29":"U","30":"s","31":"e","32":"r","33":"s","34":"\\","35":"\\","36":"m","37":"a","38":"u","39":"z","40":"e","41":"\\","42":"\\","43":"D","44":"o","45":"c","46":"u","47":"m","48":"e","49":"n","50":"t","51":"s","52":"\\","53":"\\","54":"G","55":"i","56":"t","57":"H","58":"u","59":"b","60":"\\","61":"\\","62":"p","63":"r","64":"o","65":"g","66":"e","67":"t","68":"t","69":"o","70":"-","71":"r","72":"i","73":"s","74":"i","75":"k","76":"o","77":"-","78":"1","79":"-","80":"r","81":"i","82":"s","83":"i","84":"k","85":"i","86":"a","87":"m","88":"o","89":"\\","90":"\\","91":"f","92":"r","93":"o","94":"n","95":"t","96":"e","97":"n","98":"d","99":"\\","100":"\\","101":"p","102":"r","103":"o","104":"g","105":"e","106":"t","107":"t","108":"o","109":"-","110":"r","111":"i","112":"s","113":"i","114":"k","115":"o","116":"-","117":"r","118":"i","119":"s","120":"i","121":"k","122":"i","123":"a","124":"m","125":"o","126":"-","127":"f","128":"r","129":"o","130":"n","131":"t","132":"e","133":"n","134":"d","135":"\\","136":"\\","137":"s","138":"r","139":"c","140":"\\","141":"\\","142":"c","143":"o","144":"m","145":"p","146":"o","147":"n","148":"e","149":"n","150":"t","151":"s","152":"\\","153":"\\","154":"H","155":"o","156":"m","157":"e","158":"C","159":"o","160":"m","161":"p","162":"o","163":"n","164":"e","165":"n","166":"t","167":".","168":"v","169":"u","170":"e","171":"\"","172":"]","173":",","174":"\"","175":"n","176":"a","177":"m","178":"e","179":"s","180":"\"","181":":","182":"[","183":"]","184":",","185":"\"","186":"m","187":"a","188":"p","189":"p","190":"i","191":"n","192":"g","193":"s","194":"\"","195":":","196":"\"","197":";","198":";","199":";","200":";","201":";","202":";","203":";","204":";","205":";","206":"A","207":"A","208":"C","209":"A","210":";","211":"A","212":"A","213":"A","214":"A","215":";","216":"A","217":"A","218":"A","219":"A","220":";","221":"A","222":"A","223":"C","224":"A","225":";","226":"A","227":"A","228":"A","229":"A","230":";","231":"A","232":"A","233":"A","234":"A","235":";","236":"A","237":"A","238":"A","239":"0","240":"B","241":";","242":"A","243":"A","244":"A","245":"A","246":",","247":"e","248":"A","249":"C","250":"X","251":";","252":"E","253":"A","254":"G","255":"X","256":",","257":"I","258":"A","259":"A","260":"I","261":",","262":"E","263":"A","264":"A","265":"E","266":",","267":"e","268":"A","269":"A","270":"e","271":";","272":"E","273":"A","274":"C","275":"r","276":"B","277":",","278":"I","279":"A","280":"A","281":"I","282":",","283":"G","284":"A","285":"A","286":"G","287":";","288":"I","289":"A","290":"C","291":"H","292":",","293":"O","294":"A","295":"A","296":"O","297":";","298":"M","299":"A","300":"C","301":"H","302":",","303":"O","304":"A","305":"A","306":"O","307":",","308":"E","309":"A","310":"A","311":"E","312":",","313":"E","314":"A","315":"A","316":"E","317":";","318":"M","319":"A","320":"C","321":"X","322":",","323":"Q","324":"A","325":"A","326":"Q","327":",","328":"E","329":"A","330":"A","331":"E","332":",","333":"E","334":"A","335":"A","336":"E","337":";","338":"M","339":"A","340":"C","341":"Z","342":",","343":"c","344":"A","345":"A","346":"c","347":",","348":"E","349":"A","350":"A","351":"E","352":",","353":"E","354":"A","355":"A","356":"E","357":";","358":"M","359":"A","360":"C","361":"l","362":"B","363":",","364":"a","365":"A","366":"A","367":"a","368":",","369":"E","370":"A","371":"A","372":"E","373":",","374":"E","375":"A","376":"A","377":"E","378":";","379":"M","380":"A","381":"C","382":"j","383":"B","384":",","385":"W","386":"A","387":"A","388":"W","389":",","390":"E","391":"A","392":"A","393":"E","394":",","395":"E","396":"A","397":"A","398":"E","399":";","400":"M","401":"A","402":"C","403":"f","404":",","405":"U","406":"A","407":"A","408":"U","409":",","410":"E","411":"A","412":"A","413":"E","414":",","415":"C","416":"A","417":"A","418":"C","419":";","420":"M","421":"A","422":"C","423":"b","424":",","425":"W","426":"A","427":"A","428":"W","429":",","430":"E","431":"A","432":"A","433":"E","434":",","435":"K","436":"A","437":"A","438":"K","439":";","440":"M","441":"A","442":"C","443":"l","444":"B","445":",","446":"O","447":"A","448":"A","449":"O","450":",","451":"E","452":"A","453":"A","454":"E","455":",","456":"I","457":"A","458":"A","459":"I","460":",","461":"C","462":"A","463":"A","464":"C","465":",","466":"M","467":"A","468":"A","469":"M","470":",","471":"C","472":"A","473":"A","474":"C","475":",","476":"K","477":"A","478":"A","479":"K","480":",","481":"C","482":"A","483":"A","484":"C","485":",","486":"E","487":"A","488":"A","489":"E","490":";","491":"M","492":"A","493":"C","494":"7","495":"B","496":",","497":"U","498":"A","499":"A","500":"U","501":",","502":"E","503":"A","504":"A","505":"E","506":",","507":"I","508":"A","509":"A","510":"I","511":",","512":"C","513":"A","514":"A","515":"C","516":",","517":"M","518":"A","519":"A","520":"M","521":",","522":"C","523":"A","524":"A","525":"C","526":",","527":"K","528":"A","529":"A","530":"K","531":",","532":"C","533":"A","534":"A","535":"C","536":",","537":"I","538":"A","539":"A","540":"I","541":";","542":"M","543":"A","544":"C","545":"l","546":"C","547":",","548":"a","549":"A","550":"A","551":"a","552":",","553":"E","554":"A","555":"A","556":"E","557":",","558":"C","559":"A","560":"A","561":"C","562":";","563":"M","564":"A","565":"C","566":"h","567":"B","568":",","569":"G","570":"A","571":"A","572":"G","573":",","574":"E","575":"A","576":"A","577":"E","578":",","579":"I","580":"A","581":"A","582":"I","583":";","584":"M","585":"A","586":"C","587":"T","588":",","589":"K","590":"A","591":"A","592":"K","593":",","594":"E","595":"A","596":"A","597":"E","598":",","599":"E","600":"A","601":"A","602":"E","603":";","604":"M","605":"A","606":"C","607":"T","608":",","609":"Q","610":"A","611":"A","612":"Q","613":",","614":"E","615":"A","616":"A","617":"E","618":",","619":"E","620":"A","621":"A","622":"E","623":";","624":"M","625":"A","626":"C","627":"Z","628":",","629":"U","630":"A","631":"A","632":"U","633":",","634":"E","635":"A","636":"A","637":"E","638":",","639":"E","640":"A","641":"A","642":"E","643":";","644":"M","645":"A","646":"C","647":"d","648":",","649":"M","650":"A","651":"A","652":"M","653":",","654":"E","655":"A","656":"A","657":"E","658":",","659":"E","660":"A","661":"A","662":"E","663":";","664":"M","665":"A","666":"C","667":"V","668":",","669":"a","670":"A","671":"A","672":"a","673":",","674":"E","675":"A","676":"A","677":"E","678":",","679":"I","680":"A","681":"A","682":"I","683":";","684":"M","685":"A","686":"C","687":"n","688":"B","689":",","690":"O","691":"A","692":"A","693":"O","694":",","695":"E","696":"A","697":"A","698":"E","699":",","700":"E","701":"A","702":"A","703":"E","704":";","705":"M","706":"A","707":"C","708":"X","709":",","710":"U","711":"A","712":"A","713":"U","714":",","715":"E","716":"A","717":"A","718":"E","719":",","720":"I","721":"A","722":"A","723":"I","724":";","725":"M","726":"A","727":"C","728":"h","729":"B","730":",","731":"W","732":"A","733":"A","734":"W","735":",","736":"E","737":"A","738":"A","739":"E","740":",","741":"I","742":"A","743":"A","744":"I","745":";","746":"M","747":"A","748":"C","749":"j","750":"B","751":",","752":"I","753":"A","754":"A","755":"I","756":",","757":"E","758":"A","759":"A","760":"E","761":",","762":"C","763":"A","764":"A","765":"C","766":";","767":"M","768":"A","769":"C","770":"P","771":",","772":"U","773":"A","774":"A","775":"U","776":",","777":"E","778":"A","779":"A","780":"E","781":",","782":"K","783":"A","784":"A","785":"K","786":";","787":"M","788":"A","789":"C","790":"j","791":"B","792":",","793":"e","794":"A","795":"A","796":"e","797":",","798":"E","799":"A","800":"A","801":"E","802":";","803":"Q","804":"A","805":"A","806":"E","807":",","808":"E","809":"A","810":"A","811":"E","812":",","813":"E","814":"A","815":"A","816":"E","817":",","818":"C","819":"A","820":"A","821":"C","822":";","823":"Q","824":"A","825":"A","826":"E","827":",","828":"E","829":"A","830":"A","831":"E","832":",","833":"E","834":"A","835":"A","836":"E","837":";","838":"M","839":"A","840":"A","841":"E","842":",","843":"C","844":"A","845":"A","846":"C","847":";","848":"M","849":"A","850":"C","851":"j","852":"C","853":",","854":"e","855":"A","856":"A","857":"e","858":",","859":"E","860":"A","861":"A","862":"E","863":";","864":"Q","865":"A","866":"A","867":"E","868":",","869":"E","870":"A","871":"A","872":"E","873":",","874":"E","875":"A","876":"A","877":"E","878":",","879":"C","880":"A","881":"A","882":"C","883":";","884":"Q","885":"A","886":"A","887":"E","888":",","889":"E","890":"A","891":"A","892":"E","893":",","894":"E","895":"A","896":"A","897":"E","898":";","899":"M","900":"A","901":"A","902":"E","903":",","904":"C","905":"A","906":"A","907":"C","908":";","909":"M","910":"A","911":"C","912":"j","913":"C","914":",","915":"M","916":"A","917":"A","918":"M","919":",","920":"E","921":"A","922":"A","923":"E","924":",","925":"G","926":"A","927":"A","928":"G","929":";","930":"M","931":"A","932":"C","933":"X","934":",","935":"K","936":"A","937":"A","938":"K","939":",","940":"E","941":"A","942":"A","943":"E","944":",","945":"I","946":"A","947":"A","948":"I","949":";","950":"M","951":"A","952":"C","953":"X","954":",","955":"C","956":"A","957":"A","958":"C","959":",","960":"E","961":"A","962":"A","963":"E","964":",","965":"C","966":"A","967":"A","968":"C","969":";","970":"M","971":"A","972":"C","973":"J","974":",","975":"C","976":"A","977":"A","978":"C","979":",","980":"E","981":"A","982":"A","983":"E","984":",","985":"C","986":"A","987":"A","988":"C","989":";","990":"M","991":"A","992":"C","993":"J","994":",","995":"K","996":"A","997":"A","998":"K","999":",","1000":"E","1001":"A","1002":"A","1003":"E","1004":",","1005":"C","1006":"A","1007":"A","1008":"C","1009":";","1010":"M","1011":"A","1012":"C","1013":"R","1014":",","1015":"K","1016":"A","1017":"A","1018":"K","1019":",","1020":"E","1021":"A","1022":"A","1023":"E","1024":",","1025":"C","1026":"A","1027":"A","1028":"C","1029":";","1030":"M","1031":"A","1032":"C","1033":"R","1034":",","1035":"a","1036":"A","1037":"A","1038":"a","1039":",","1040":"E","1041":"A","1042":"A","1043":"E","1044":",","1045":"E","1046":"A","1047":"A","1048":"E","1049":";","1050":"M","1051":"A","1052":"C","1053":"j","1054":"B","1055":",","1056":"M","1057":"A","1058":"A","1059":"M","1060":",","1061":"E","1062":"A","1063":"A","1064":"E","1065":",","1066":"I","1067":"A","1068":"A","1069":"I","1070":";","1071":"M","1072":"A","1073":"C","1074":"Z","1075":",","1076":"K","1077":"A","1078":"A","1079":"K","1080":",","1081":"E","1082":"A","1083":"A","1084":"E","1085":",","1086":"E","1087":"A","1088":"A","1089":"E","1090":";","1091":"M","1092":"A","1093":"C","1094":"T","1095":",","1096":"S","1097":"A","1098":"A","1099":"S","1100":",","1101":"E","1102":"A","1103":"A","1104":"E","1105":",","1106":"E","1107":"A","1108":"A","1109":"E","1110":";","1111":"M","1112":"A","1113":"C","1114":"b","1115":",","1116":"U","1117":"A","1118":"A","1119":"U","1120":",","1121":"E","1122":"A","1123":"A","1124":"E","1125":",","1126":"E","1127":"A","1128":"A","1129":"E","1130":";","1131":"M","1132":"A","1133":"C","1134":"d","1135":",","1136":"S","1137":"A","1138":"A","1139":"S","1140":",","1141":"E","1142":"A","1143":"A","1144":"E","1145":",","1146":"I","1147":"A","1148":"A","1149":"I","1150":";","1151":"M","1152":"A","1153":"C","1154":"f","1155":",","1156":"U","1157":"A","1158":"A","1159":"U","1160":",","1161":"E","1162":"A","1163":"A","1164":"E","1165":";","1166":"I","1167":"A","1168":"E","1169":"h","1170":"B","1171":",","1172":"C","1173":"A","1174":"A","1175":"C","1176":";","1177":"E","1178":"A","1179":"E","1180":"L","1181":",","1182":"C","1183":"A","1184":"A","1185":"C","1186":";","1187":"E","1188":"A","1189":"E","1190":"D","1191":",","1192":"O","1193":"A","1194":"A","1195":"O","1196":",","1197":"E","1198":"A","1199":"A","1200":"E","1201":";","1202":"I","1203":"A","1204":"C","1205":"L","1206":",","1207":"Q","1208":"A","1209":"A","1210":"Q","1211":",","1212":"E","1213":"A","1214":"A","1215":"E","1216":",","1217":"Q","1218":"A","1219":"A","1220":"Q","1221":";","1222":"I","1223":"A","1224":"C","1225":"l","1226":"B","1227":",","1228":"W","1229":"A","1230":"A","1231":"W","1232":",","1233":"E","1234":"A","1235":"A","1236":"E","1237":",","1238":"W","1239":"A","1240":"A","1241":"W","1242":";","1243":"I","1244":"A","1245":"C","1246":"x","1247":"B","1248":",","1249":"W","1250":"A","1251":"A","1252":"W","1253":",","1254":"E","1255":"A","1256":"A","1257":"E","1258":",","1259":"W","1260":"A","1261":"A","1262":"W","1263":";","1264":"I","1265":"A","1266":"C","1267":"x","1268":"B","1269":",","1270":"U","1271":"A","1272":"A","1273":"U","1274":",","1275":"E","1276":"A","1277":"A","1278":"E","1279":",","1280":"U","1281":"A","1282":"A","1283":"U","1284":";","1285":"I","1286":"A","1287":"C","1288":"t","1289":"B","1290":",","1291":"i","1292":"B","1293":"A","1294":"A","1295":"i","1296":"B","1297":",","1298":"E","1299":"A","1300":"A","1301":"E","1302":",","1303":"i","1304":"B","1305":"A","1306":"A","1307":"i","1308":"B","1309":";","1310":"I","1311":"A","1312":"C","1313":"p","1314":"C","1315":",","1316":"g","1317":"B","1318":"A","1319":"A","1320":"g","1321":"B","1322":",","1323":"E","1324":"A","1325":"A","1326":"E","1327":",","1328":"g","1329":"B","1330":"A","1331":"A","1332":"g","1333":"B","1334":";","1335":"I","1336":"A","1337":"C","1338":"l","1339":"C","1340":",","1341":"U","1342":"A","1343":"A","1344":"U","1345":",","1346":"G","1347":"A","1348":"A","1349":"G","1350":";","1351":"M","1352":"A","1353":"C","1354":"T","1355":";","1356":"M","1357":"A","1358":"A","1359":"A","1360":";","1361":"M","1362":"A","1363":"A","1364":"A","1365":";","1366":"M","1367":"A","1368":"A","1369":"A","1370":",","1371":"O","1372":"A","1373":"A","1374":"K","1375":",","1376":"C","1377":"A","1378":"A","1379":"C","1380":",","1381":"G","1382":"A","1383":"A","1384":"G","1385":",","1386":"C","1387":"A","1388":"A","1389":"C","1390":",","1391":"o","1392":"C","1393":"A","1394":"A","1395":"o","1396":"C","1397":",","1398":"G","1399":"A","1400":"A","1401":"G","1402":",","1403":"I","1404":"A","1405":"A","1406":"I","1407":",","1408":"C","1409":"A","1410":"A","1411":"C","1412":",","1413":"O","1414":"A","1415":"A","1416":"O","1417":",","1418":"G","1419":"A","1420":"A","1421":"G","1422":",","1423":"Q","1424":"A","1425":"A","1426":"Q","1427":",","1428":"C","1429":"A","1430":"A","1431":"C","1432":",","1433":"C","1434":"A","1435":"C","1436":"p","1437":"E","1438":",","1439":"I","1440":"A","1441":"A","1442":"I","1443":",","1444":"C","1445":"A","1446":"A","1447":"C","1448":",","1449":"Q","1450":"A","1451":"A","1452":"Q","1453":",","1454":"I","1455":"A","1456":"A","1457":"I","1458":";","1459":"Q","1460":"A","1461":"C","1462":"d","1463":",","1464":"I","1465":"A","1466":"A","1467":"I","1468":",","1469":"C","1470":"A","1471":"A","1472":"C","1473":",","1474":"W","1475":"A","1476":"A","1477":"W","1478":",","1479":"G","1480":"A","1481":"A","1482":"G","1483":",","1484":"Q","1485":"A","1486":"A","1487":"Q","1488":",","1489":"C","1490":"A","1491":"A","1492":"C","1493":",","1494":"I","1495":"A","1496":"A","1497":"I","1498":",","1499":"C","1500":"A","1501":"A","1502":"C","1503":",","1504":"W","1505":"A","1506":"A","1507":"W","1508":";","1509":"Q","1510":"A","1511":"C","1512":"5","1513":"C","1514":",","1515":"I","1516":"A","1517":"A","1518":"I","1519":",","1520":"C","1521":"A","1522":"A","1523":"C","1524":",","1525":"O","1526":"A","1527":"A","1528":"O","1529":",","1530":"G","1531":"A","1532":"A","1533":"G","1534":",","1535":"Q","1536":"A","1537":"A","1538":"Q","1539":",","1540":"C","1541":"A","1542":"A","1543":"C","1544":",","1545":"I","1546":"A","1547":"A","1548":"I","1549":";","1550":"Q","1551":"A","1552":"C","1553":"5","1554":"B","1555":",","1556":"I","1557":"A","1558":"A","1559":"I","1560":",","1561":"C","1562":"A","1563":"A","1564":"C","1565":",","1566":"U","1567":"A","1568":"A","1569":"U","1570":",","1571":"G","1572":"A","1573":"A","1574":"G","1575":",","1576":"Q","1577":"A","1578":"A","1579":"Q","1580":",","1581":"C","1582":"A","1583":"A","1584":"C","1585":",","1586":"I","1587":"A","1588":"A","1589":"I","1590":",","1591":"C","1592":"A","1593":"A","1594":"C","1595":",","1596":"O","1597":"A","1598":"A","1599":"O","1600":";","1601":"Q","1602":"A","1603":"C","1604":"v","1605":"C","1606":",","1607":"K","1608":"A","1609":"A","1610":"K","1611":",","1612":"I","1613":"A","1614":"A","1615":"I","1616":",","1617":"C","1618":"A","1619":"A","1620":"C","1621":",","1622":"G","1623":"A","1624":"A","1625":"G","1626":",","1627":"C","1628":"A","1629":"A","1630":"C","1631":",","1632":"E","1633":"A","1634":"A","1635":"E","1636":",","1637":"C","1638":"A","1639":"A","1640":"C","1641":",","1642":"G","1643":"A","1644":"A","1645":"G","1646":",","1647":"Q","1648":"A","1649":"A","1650":"Q","1651":",","1652":"C","1653":"A","1654":"A","1655":"C","1656":",","1657":"I","1658":"A","1659":"A","1660":"I","1661":",","1662":"C","1663":"A","1664":"A","1665":"C","1666":",","1667":"O","1668":"A","1669":"A","1670":"O","1671":",","1672":"C","1673":"A","1674":"A","1675":"C","1676":",","1677":"M","1678":"A","1679":"A","1680":"M","1681":",","1682":"E","1683":"A","1684":"A","1685":"E","1686":",","1687":"C","1688":"A","1689":"A","1690":"C","1691":",","1692":"E","1693":"A","1694":"A","1695":"E","1696":",","1697":"E","1698":"A","1699":"A","1700":"E","1701":";","1702":"U","1703":"A","1704":"C","1705":"n","1706":"D","1707":",","1708":"I","1709":"A","1710":"A","1711":"I","1712":",","1713":"Q","1714":"A","1715":"A","1716":"Q","1717":",","1718":"C","1719":"A","1720":"A","1721":"C","1722":",","1723":"I","1724":"A","1725":"A","1726":"I","1727":",","1728":"C","1729":"A","1730":"A","1731":"C","1732":",","1733":"O","1734":"A","1735":"A","1736":"O","1737":",","1738":"C","1739":"A","1740":"A","1741":"C","1742":",","1743":"C","1744":"A","1745":"A","1746":"C","1747":",","1748":"C","1749":"A","1750":"A","1751":"C","1752":",","1753":"C","1754":"A","1755":"A","1756":"C","1757":",","1758":"I","1759":"A","1760":"A","1761":"I","1762":",","1763":"I","1764":"A","1765":"A","1766":"I","1767":",","1768":"I","1769":"A","1770":"A","1771":"I","1772":",","1773":"C","1774":"A","1775":"A","1776":"C","1777":",","1778":"U","1779":"A","1780":"A","1781":"U","1782":",","1783":"E","1784":"A","1785":"A","1786":"E","1787":";","1788":"Y","1789":"A","1790":"C","1791":"l","1792":"D","1793":",","1794":"I","1795":"A","1796":"A","1797":"I","1798":",","1799":"C","1800":"A","1801":"A","1802":"C","1803":",","1804":"M","1805":"A","1806":"A","1807":"M","1808":",","1809":"G","1810":"A","1811":"A","1812":"G","1813":",","1814":"Q","1815":"A","1816":"A","1817":"Q","1818":",","1819":"C","1820":"A","1821":"A","1822":"C","1823":",","1824":"I","1825":"A","1826":"A","1827":"I","1828":",","1829":"C","1830":"A","1831":"A","1832":"C","1833":",","1834":"O","1835":"A","1836":"A","1837":"O","1838":",","1839":"C","1840":"A","1841":"A","1842":"C","1843":",","1844":"C","1845":"A","1846":"A","1847":"C","1848":",","1849":"C","1850":"A","1851":"A","1852":"C","1853":";","1854":"U","1855":"A","1856":"E","1857":"1","1858":"C","1859":";","1860":"Q","1861":"A","1862":"C","1863":"J","1864":";","1865":"Q","1866":"A","1867":"C","1868":"A","1869":",","1870":"I","1871":"A","1872":"A","1873":"I","1874":",","1875":"C","1876":"A","1877":"A","1878":"C","1879":",","1880":"a","1881":"A","1882":"A","1883":"a","1884":",","1885":"G","1886":"A","1887":"A","1888":"G","1889":",","1890":"Q","1891":"A","1892":"A","1893":"Q","1894":",","1895":"C","1896":"A","1897":"A","1898":"C","1899":",","1900":"I","1901":"A","1902":"A","1903":"I","1904":",","1905":"C","1906":"A","1907":"A","1908":"C","1909":",","1910":"a","1911":"A","1912":"A","1913":"a","1914":";","1915":"Q","1916":"A","1917":"C","1918":"h","1919":"D","1920":",","1921":"I","1922":"A","1923":"A","1924":"I","1925":",","1926":"C","1927":"A","1928":"A","1929":"C","1930":",","1931":"U","1932":"A","1933":"A","1934":"U","1935":",","1936":"G","1937":"A","1938":"A","1939":"G","1940":",","1941":"Q","1942":"A","1943":"A","1944":"Q","1945":",","1946":"C","1947":"A","1948":"A","1949":"C","1950":",","1951":"I","1952":"A","1953":"A","1954":"I","1955":",","1956":"C","1957":"A","1958":"A","1959":"C","1960":",","1961":"G","1962":"A","1963":"A","1964":"G","1965":",","1966":"C","1967":"A","1968":"A","1969":"C","1970":",","1971":"U","1972":"A","1973":"A","1974":"U","1975":";","1976":"Q","1977":"A","1978":"C","1979":"9","1980":"C","1981":",","1982":"I","1983":"A","1984":"A","1985":"I","1986":",","1987":"C","1988":"A","1989":"A","1990":"C","1991":",","1992":"M","1993":"A","1994":"A","1995":"M","1996":",","1997":"G","1998":"A","1999":"A","2000":"G","2001":",","2002":"Q","2003":"A","2004":"A","2005":"Q","2006":",","2007":"C","2008":"A","2009":"A","2010":"C","2011":",","2012":"I","2013":"A","2014":"A","2015":"I","2016":",","2017":"C","2018":"A","2019":"A","2020":"C","2021":",","2022":"M","2023":"A","2024":"A","2025":"M","2026":";","2027":"M","2028":"A","2029":"E","2030":"t","2031":"C","2032":",","2033":"C","2034":"A","2035":"A","2036":"C","2037":",","2038":"C","2039":"A","2040":"A","2041":"C","2042":";","2043":"I","2044":"A","2045":"E","2046":"V","2047":",","2048":"C","2049":"A","2050":"A","2051":"C","2052":";","2053":"I","2054":"A","2055":"C","2056":"D","2057":",","2058":"M","2059":"A","2060":"A","2061":"M","2062":",","2063":"K","2064":"A","2065":"A","2066":"K","2067":",","2068":"C","2069":"A","2070":"A","2071":"C","2072":",","2073":"K","2074":"A","2075":"A","2076":"K","2077":",","2078":"E","2079":"A","2080":"A","2081":"E","2082":",","2083":"I","2084":"A","2085":"A","2086":"I","2087":",","2088":"E","2089":"A","2090":"A","2091":"E","2092":";","2093":"M","2094":"A","2095":"C","2096":"r","2097":"B","2098":",","2099":"I","2100":"A","2101":"A","2102":"I","2103":",","2104":"Q","2105":"A","2106":"A","2107":"Q","2108":",","2109":"G","2110":"A","2111":"A","2112":"G","2113":",","2114":"M","2115":"A","2116":"A","2117":"M","2118":";","2119":"Q","2120":"A","2121":"A","2122":"A","2123":";","2124":"Q","2125":"A","2126":"A","2127":"A","2128":";","2129":"Q","2130":"A","2131":"A","2132":"A","2133":";","2134":"Q","2135":"A","2136":"A","2137":"A","2138":",","2139":"O","2140":"A","2141":"A","2142":"K","2143":",","2144":"C","2145":"A","2146":"A","2147":"C","2148":",","2149":"G","2150":"A","2151":"A","2152":"G","2153":",","2154":"C","2155":"A","2156":"A","2157":"C","2158":",","2159":"o","2160":"C","2161":"A","2162":"A","2163":"o","2164":"C","2165":",","2166":"G","2167":"A","2168":"A","2169":"G","2170":",","2171":"I","2172":"A","2173":"A","2174":"I","2175":",","2176":"C","2177":"A","2178":"A","2179":"C","2180":",","2181":"O","2182":"A","2183":"A","2184":"O","2185":",","2186":"G","2187":"A","2188":"A","2189":"G","2190":",","2191":"Q","2192":"A","2193":"A","2194":"Q","2195":",","2196":"G","2197":"A","2198":"A","2199":"G","2200":",","2201":"I","2202":"A","2203":"A","2204":"I","2205":",","2206":"C","2207":"A","2208":"A","2209":"C","2210":",","2211":"U","2212":"A","2213":"A","2214":"U","2215":",","2216":"G","2217":"A","2218":"A","2219":"G","2220":",","2221":"e","2222":"A","2223":"A","2224":"e","2225":",","2226":"G","2227":"A","2228":"A","2229":"G","2230":",","2231":"I","2232":"A","2233":"A","2234":"I","2235":",","2236":"G","2237":"A","2238":"A","2239":"G","2240":",","2241":"Q","2242":"A","2243":"A","2244":"Q","2245":",","2246":"G","2247":"A","2248":"A","2249":"G","2250":",","2251":"K","2252":"A","2253":"A","2254":"K","2255":",","2256":"C","2257":"A","2258":"A","2259":"C","2260":",","2261":"C","2262":"A","2263":"C","2264":"v","2265":"J","2266":",","2267":"I","2268":"A","2269":"A","2270":"I","2271":",","2272":"C","2273":"A","2274":"A","2275":"C","2276":",","2277":"Q","2278":"A","2279":"A","2280":"Q","2281":",","2282":"I","2283":"A","2284":"A","2285":"I","2286":";","2287":"U","2288":"A","2289":"C","2290":"d","2291":",","2292":"O","2293":"A","2294":"A","2295":"O","2296":",","2297":"Q","2298":"A","2299":"A","2300":"Q","2301":",","2302":"C","2303":"A","2304":"A","2305":"C","2306":",","2307":"I","2308":"A","2309":"A","2310":"I","2311":";","2312":"Q","2313":"A","2314":"E","2315":"x","2316":"B","2317":",","2318":"C","2319":"A","2320":"A","2321":"C","2322":",","2323":"C","2324":"A","2325":"A","2326":"C","2327":",","2328":"C","2329":"A","2330":"C","2331":"D","2332":",","2333":"K","2334":"A","2335":"A","2336":"K","2337":",","2338":"C","2339":"A","2340":"A","2341":"C","2342":",","2343":"K","2344":"A","2345":"A","2346":"K","2347":",","2348":"I","2349":"A","2350":"A","2351":"I","2352":";","2353":"U","2354":"A","2355":"C","2356":"Z","2357":",","2358":"O","2359":"A","2360":"A","2361":"O","2362":",","2363":"W","2364":"A","2365":"A","2366":"W","2367":",","2368":"C","2369":"A","2370":"A","2371":"C","2372":",","2373":"K","2374":"A","2375":"A","2376":"K","2377":",","2378":"C","2379":"A","2380":"A","2381":"C","2382":";","2383":"Q","2384":"A","2385":"C","2386":"7","2387":"B","2388":",","2389":"C","2390":"A","2391":"A","2392":"C","2393":";","2394":"M","2395":"A","2396":"A","2397":"C","2398":";","2399":"M","2400":"A","2401":"C","2402":"N","2403":",","2404":"O","2405":"A","2406":"A","2407":"O","2408":",","2409":"Q","2410":"A","2411":"A","2412":"Q","2413":";","2414":"I","2415":"A","2416":"C","2417":"n","2418":"B","2419":",","2420":"C","2421":"A","2422":"A","2423":"C","2424":";","2425":"I","2426":"A","2427":"C","2428":"D","2429":",","2430":"M","2431":"A","2432":"A","2433":"M","2434":",","2435":"U","2436":"A","2437":"A","2438":"U","2439":",","2440":"G","2441":"A","2442":"A","2443":"G","2444":";","2445":"M","2446":"A","2447":"C","2448":"f","2449":",","2450":"I","2451":"A","2452":"A","2453":"I","2454":",","2455":"Q","2456":"A","2457":"A","2458":"Q","2459":",","2460":"G","2461":"A","2462":"A","2463":"G","2464":",","2465":"M","2466":"A","2467":"A","2468":"M","2469":";","2470":"Q","2471":"A","2472":"A","2473":"A","2474":";","2475":"Q","2476":"A","2477":"A","2478":"A","2479":";","2480":"Q","2481":"A","2482":"A","2483":"A","2484":";","2485":"Q","2486":"A","2487":"A","2488":"A","2489":",","2490":"O","2491":"A","2492":"A","2493":"K","2494":",","2495":"C","2496":"A","2497":"A","2498":"C","2499":",","2500":"G","2501":"A","2502":"A","2503":"G","2504":",","2505":"C","2506":"A","2507":"A","2508":"C","2509":",","2510":"o","2511":"C","2512":"A","2513":"A","2514":"o","2515":"C","2516":",","2517":"G","2518":"A","2519":"A","2520":"G","2521":",","2522":"I","2523":"A","2524":"A","2525":"I","2526":",","2527":"C","2528":"A","2529":"A","2530":"C","2531":",","2532":"O","2533":"A","2534":"A","2535":"O","2536":",","2537":"G","2538":"A","2539":"A","2540":"G","2541":",","2542":"Q","2543":"A","2544":"A","2545":"Q","2546":",","2547":"C","2548":"A","2549":"A","2550":"C","2551":",","2552":"C","2553":"A","2554":"C","2555":"z","2556":"F","2557":",","2558":"I","2559":"A","2560":"A","2561":"I","2562":",","2563":"C","2564":"A","2565":"A","2566":"C","2567":",","2568":"Q","2569":"A","2570":"A","2571":"Q","2572":",","2573":"I","2574":"A","2575":"A","2576":"I","2577":";","2578":"U","2579":"A","2580":"E","2581":"d","2582":",","2583":"I","2584":"A","2585":"A","2586":"I","2587":",","2588":"C","2589":"A","2590":"A","2591":"C","2592":",","2593":"W","2594":"A","2595":"A","2596":"W","2597":",","2598":"G","2599":"A","2600":"A","2601":"G","2602":",","2603":"I","2604":"A","2605":"A","2606":"I","2607":";","2608":"U","2609":"A","2610":"C","2611":"v","2612":"B","2613":",","2614":"O","2615":"A","2616":"A","2617":"O","2618":",","2619":"Q","2620":"A","2621":"A","2622":"Q","2623":",","2624":"C","2625":"A","2626":"A","2627":"C","2628":",","2629":"I","2630":"A","2631":"A","2632":"I","2633":";","2634":"Q","2635":"A","2636":"C","2637":"x","2638":"B","2639":",","2640":"C","2641":"A","2642":"A","2643":"C","2644":",","2645":"C","2646":"A","2647":"A","2648":"C","2649":",","2650":"C","2651":"A","2652":"C","2653":"D","2654":",","2655":"K","2656":"A","2657":"A","2658":"K","2659":",","2660":"C","2661":"A","2662":"A","2663":"C","2664":",","2665":"K","2666":"A","2667":"A","2668":"K","2669":",","2670":"I","2671":"A","2672":"A","2673":"I","2674":";","2675":"U","2676":"A","2677":"C","2678":"Z","2679":",","2680":"O","2681":"A","2682":"A","2683":"O","2684":",","2685":"W","2686":"A","2687":"A","2688":"W","2689":",","2690":"C","2691":"A","2692":"A","2693":"C","2694":",","2695":"K","2696":"A","2697":"A","2698":"K","2699":",","2700":"C","2701":"A","2702":"A","2703":"C","2704":";","2705":"Q","2706":"A","2707":"C","2708":"7","2709":"B","2710":",","2711":"C","2712":"A","2713":"A","2714":"C","2715":";","2716":"M","2717":"A","2718":"A","2719":"C","2720":";","2721":"M","2722":"A","2723":"C","2724":"N","2725":",","2726":"O","2727":"A","2728":"A","2729":"O","2730":",","2731":"Q","2732":"A","2733":"A","2734":"Q","2735":";","2736":"I","2737":"A","2738":"C","2739":"n","2740":"B","2741":",","2742":"C","2743":"A","2744":"A","2745":"C","2746":";","2747":"I","2748":"A","2749":"C","2750":"D","2751":",","2752":"M","2753":"A","2754":"A","2755":"M","2756":",","2757":"G","2758":"A","2759":"A","2760":"G","2761":";","2762":"M","2763":"A","2764":"C","2765":"L","2766":";","2767":"M","2768":"A","2769":"A","2770":"A","2771":";","2772":"M","2773":"A","2774":"A","2775":"A","2776":";","2777":"M","2778":"A","2779":"A","2780":"A","2781":",","2782":"O","2783":"A","2784":"A","2785":"K","2786":",","2787":"C","2788":"A","2789":"A","2790":"C","2791":",","2792":"G","2793":"A","2794":"A","2795":"G","2796":",","2797":"C","2798":"A","2799":"A","2800":"C","2801":",","2802":"o","2803":"C","2804":"A","2805":"A","2806":"o","2807":"C","2808":",","2809":"G","2810":"A","2811":"A","2812":"G","2813":",","2814":"I","2815":"A","2816":"A","2817":"I","2818":",","2819":"C","2820":"A","2821":"A","2822":"C","2823":",","2824":"O","2825":"A","2826":"A","2827":"O","2828":",","2829":"G","2830":"A","2831":"A","2832":"G","2833":",","2834":"M","2835":"A","2836":"A","2837":"M","2838":",","2839":"C","2840":"A","2841":"A","2842":"C","2843":",","2844":"C","2845":"A","2846":"C","2847":"l","2848":"E","2849":",","2850":"I","2851":"A","2852":"A","2853":"I","2854":",","2855":"C","2856":"A","2857":"A","2858":"C","2859":",","2860":"Q","2861":"A","2862":"A","2863":"Q","2864":",","2865":"I","2866":"A","2867":"A","2868":"I","2869":";","2870":"Q","2871":"A","2872":"E","2873":"d","2874":",","2875":"I","2876":"A","2877":"A","2878":"I","2879":",","2880":"C","2881":"A","2882":"A","2883":"C","2884":",","2885":"G","2886":"A","2887":"A","2888":"G","2889":",","2890":"G","2891":"A","2892":"A","2893":"G","2894":",","2895":"Q","2896":"A","2897":"A","2898":"Q","2899":",","2900":"C","2901":"A","2902":"A","2903":"C","2904":",","2905":"I","2906":"A","2907":"A","2908":"I","2909":";","2910":"M","2911":"A","2912":"E","2913":"5","2914":"B","2915":",","2916":"C","2917":"A","2918":"A","2919":"C","2920":",","2921":"C","2922":"A","2923":"A","2924":"C","2925":";","2926":"I","2927":"A","2928":"C","2929":"V","2930":",","2931":"C","2932":"A","2933":"A","2934":"C","2935":";","2936":"I","2937":"A","2938":"C","2939":"D","2940":",","2941":"Q","2942":"A","2943":"A","2944":"Q","2945":",","2946":"G","2947":"A","2948":"A","2949":"G","2950":";","2951":"M","2952":"A","2953":"C","2954":"P","2955":";","2956":"M","2957":"A","2958":"A","2959":"A","2960":";","2961":"M","2962":"A","2963":"A","2964":"A","2965":";","2966":"M","2967":"A","2968":"A","2969":"A","2970":",","2971":"O","2972":"A","2973":"A","2974":"K","2975":",","2976":"C","2977":"A","2978":"A","2979":"C","2980":",","2981":"G","2982":"A","2983":"A","2984":"G","2985":",","2986":"C","2987":"A","2988":"A","2989":"C","2990":",","2991":"o","2992":"C","2993":"A","2994":"A","2995":"o","2996":"C","2997":",","2998":"G","2999":"A","3000":"A","3001":"G","3002":",","3003":"I","3004":"A","3005":"A","3006":"I","3007":",","3008":"C","3009":"A","3010":"A","3011":"C","3012":",","3013":"O","3014":"A","3015":"A","3016":"O","3017":",","3018":"G","3019":"A","3020":"A","3021":"G","3022":",","3023":"Q","3024":"A","3025":"A","3026":"Q","3027":",","3028":"G","3029":"A","3030":"A","3031":"G","3032":",","3033":"I","3034":"A","3035":"A","3036":"I","3037":",","3038":"C","3039":"A","3040":"A","3041":"C","3042":",","3043":"U","3044":"A","3045":"A","3046":"U","3047":",","3048":"G","3049":"A","3050":"A","3051":"G","3052":",","3053":"G","3054":"A","3055":"A","3056":"G","3057":",","3058":"C","3059":"A","3060":"A","3061":"C","3062":",","3063":"C","3064":"A","3065":"C","3066":"5","3067":"F","3068":",","3069":"I","3070":"A","3071":"A","3072":"I","3073":",","3074":"C","3075":"A","3076":"A","3077":"C","3078":",","3079":"Q","3080":"A","3081":"A","3082":"Q","3083":",","3084":"I","3085":"A","3086":"A","3087":"I","3088":";","3089":"Q","3090":"A","3091":"E","3092":"d","3093":",","3094":"I","3095":"A","3096":"A","3097":"I","3098":",","3099":"C","3100":"A","3101":"A","3102":"C","3103":",","3104":"K","3105":"A","3106":"A","3107":"K","3108":",","3109":"G","3110":"A","3111":"A","3112":"G","3113":",","3114":"Q","3115":"A","3116":"A","3117":"Q","3118":",","3119":"C","3120":"A","3121":"A","3122":"C","3123":",","3124":"I","3125":"A","3126":"A","3127":"I","3128":",","3129":"C","3130":"A","3131":"A","3132":"C","3133":",","3134":"K","3135":"A","3136":"A","3137":"K","3138":";","3139":"M","3140":"A","3141":"C","3142":"p","3143":"C","3144":",","3145":"C","3146":"A","3147":"A","3148":"C","3149":",","3150":"C","3151":"A","3152":"A","3153":"C","3154":";","3155":"I","3156":"A","3157":"E","3158":"V","3159":",","3160":"C","3161":"A","3162":"A","3163":"C","3164":";","3165":"I","3166":"A","3167":"C","3168":"D","3169":",","3170":"M","3171":"A","3172":"A","3173":"M","3174":",","3175":"O","3176":"A","3177":"A","3178":"O","3179":",","3180":"G","3181":"A","3182":"A","3183":"G","3184":";","3185":"M","3186":"A","3187":"C","3188":"Z","3189":",","3190":"I","3191":"A","3192":"A","3193":"I","3194":",","3195":"Q","3196":"A","3197":"A","3198":"Q","3199":",","3200":"G","3201":"A","3202":"A","3203":"G","3204":",","3205":"M","3206":"A","3207":"A","3208":"M","3209":";","3210":"Q","3211":"A","3212":"A","3213":"A","3214":";","3215":"Q","3216":"A","3217":"A","3218":"A","3219":";","3220":"Q","3221":"A","3222":"A","3223":"A","3224":";","3225":"Q","3226":"A","3227":"A","3228":"A","3229":",","3230":"O","3231":"A","3232":"A","3233":"K","3234":",","3235":"C","3236":"A","3237":"A","3238":"C","3239":",","3240":"G","3241":"A","3242":"A","3243":"G","3244":",","3245":"C","3246":"A","3247":"A","3248":"C","3249":",","3250":"o","3251":"C","3252":"A","3253":"A","3254":"o","3255":"C","3256":",","3257":"G","3258":"A","3259":"A","3260":"G","3261":",","3262":"I","3263":"A","3264":"A","3265":"I","3266":",","3267":"C","3268":"A","3269":"A","3270":"C","3271":",","3272":"O","3273":"A","3274":"A","3275":"O","3276":",","3277":"G","3278":"A","3279":"A","3280":"G","3281":",","3282":"Q","3283":"A","3284":"A","3285":"Q","3286":",","3287":"G","3288":"A","3289":"A","3290":"G","3291":",","3292":"I","3293":"A","3294":"A","3295":"I","3296":",","3297":"C","3298":"A","3299":"A","3300":"C","3301":",","3302":"U","3303":"A","3304":"A","3305":"U","3306":",","3307":"G","3308":"A","3309":"A","3310":"G","3311":",","3312":"U","3313":"A","3314":"A","3315":"U","3316":",","3317":"C","3318":"A","3319":"A","3320":"C","3321":",","3322":"C","3323":"A","3324":"C","3325":"x","3326":"H","3327":",","3328":"I","3329":"A","3330":"A","3331":"I","3332":",","3333":"C","3334":"A","3335":"A","3336":"C","3337":",","3338":"Q","3339":"A","3340":"A","3341":"Q","3342":",","3343":"I","3344":"A","3345":"A","3346":"I","3347":";","3348":"U","3349":"A","3350":"E","3351":"d","3352":",","3353":"O","3354":"A","3355":"A","3356":"O","3357":",","3358":"s","3359":"B","3360":"A","3361":"A","3362":"s","3363":"B","3364":";","3365":"Q","3366":"A","3367":"C","3368":"j","3369":"C","3370":",","3371":"C","3372":"A","3373":"A","3374":"C","3375":",","3376":"C","3377":"A","3378":"A","3379":"C","3380":",","3381":"C","3382":"A","3383":"C","3384":"D","3385":",","3386":"K","3387":"A","3388":"A","3389":"K","3390":",","3391":"C","3392":"A","3393":"A","3394":"C","3395":",","3396":"K","3397":"A","3398":"A","3399":"K","3400":",","3401":"I","3402":"A","3403":"A","3404":"I","3405":";","3406":"U","3407":"A","3408":"E","3409":"Z","3410":",","3411":"O","3412":"A","3413":"A","3414":"O","3415":",","3416":"W","3417":"A","3418":"A","3419":"W","3420":",","3421":"C","3422":"A","3423":"A","3424":"C","3425":",","3426":"K","3427":"A","3428":"A","3429":"K","3430":",","3431":"C","3432":"A","3433":"A","3434":"C","3435":";","3436":"Q","3437":"A","3438":"C","3439":"7","3440":"B","3441":",","3442":"C","3443":"A","3444":"A","3445":"C","3446":";","3447":"M","3448":"A","3449":"A","3450":"C","3451":";","3452":"M","3453":"A","3454":"C","3455":"N","3456":",","3457":"W","3458":"A","3459":"A","3460":"W","3461":",","3462":"C","3463":"A","3464":"A","3465":"C","3466":",","3467":"Q","3468":"A","3469":"A","3470":"Q","3471":",","3472":"C","3473":"A","3474":"A","3475":"C","3476":";","3477":"I","3478":"A","3479":"C","3480":"z","3481":"B","3482":",","3483":"C","3484":"A","3485":"A","3486":"C","3487":";","3488":"I","3489":"A","3490":"C","3491":"D","3492":",","3493":"M","3494":"A","3495":"A","3496":"M","3497":",","3498":"I","3499":"A","3500":"A","3501":"I","3502":",","3503":"G","3504":"A","3505":"A","3506":"G","3507":";","3508":"M","3509":"A","3510":"C","3511":"T","3512":",","3513":"I","3514":"A","3515":"A","3516":"I","3517":",","3518":"Q","3519":"A","3520":"A","3521":"Q","3522":",","3523":"G","3524":"A","3525":"A","3526":"G","3527":",","3528":"M","3529":"A","3530":"A","3531":"M","3532":";","3533":"Q","3534":"A","3535":"A","3536":"A","3537":";","3538":"Q","3539":"A","3540":"A","3541":"A","3542":";","3543":"Q","3544":"A","3545":"A","3546":"A","3547":";","3548":"Q","3549":"A","3550":"A","3551":"A","3552":",","3553":"O","3554":"A","3555":"A","3556":"K","3557":",","3558":"C","3559":"A","3560":"A","3561":"C","3562":",","3563":"G","3564":"A","3565":"A","3566":"G","3567":",","3568":"C","3569":"A","3570":"A","3571":"C","3572":",","3573":"o","3574":"C","3575":"A","3576":"A","3577":"o","3578":"C","3579":",","3580":"G","3581":"A","3582":"A","3583":"G","3584":",","3585":"I","3586":"A","3587":"A","3588":"I","3589":",","3590":"C","3591":"A","3592":"A","3593":"C","3594":",","3595":"O","3596":"A","3597":"A","3598":"O","3599":",","3600":"G","3601":"A","3602":"A","3603":"G","3604":",","3605":"Q","3606":"A","3607":"A","3608":"Q","3609":",","3610":"G","3611":"A","3612":"A","3613":"G","3614":",","3615":"I","3616":"A","3617":"A","3618":"I","3619":",","3620":"C","3621":"A","3622":"A","3623":"C","3624":",","3625":"U","3626":"A","3627":"A","3628":"U","3629":",","3630":"G","3631":"A","3632":"A","3633":"G","3634":",","3635":"O","3636":"A","3637":"A","3638":"O","3639":",","3640":"C","3641":"A","3642":"A","3643":"C","3644":",","3645":"C","3646":"A","3647":"C","3648":"r","3649":"H","3650":",","3651":"I","3652":"A","3653":"A","3654":"I","3655":",","3656":"C","3657":"A","3658":"A","3659":"C","3660":",","3661":"Q","3662":"A","3663":"A","3664":"Q","3665":",","3666":"I","3667":"A","3668":"A","3669":"I","3670":";","3671":"U","3672":"A","3673":"E","3674":"d","3675":",","3676":"O","3677":"A","3678":"A","3679":"O","3680":",","3681":"4","3682":"B","3683":"A","3684":"A","3685":"4","3686":"B","3687":";","3688":"Q","3689":"A","3690":"C","3691":"v","3692":"C","3693":",","3694":"C","3695":"A","3696":"A","3697":"C","3698":",","3699":"C","3700":"A","3701":"A","3702":"C","3703":",","3704":"C","3705":"A","3706":"C","3707":"D","3708":",","3709":"K","3710":"A","3711":"A","3712":"K","3713":",","3714":"C","3715":"A","3716":"A","3717":"C","3718":",","3719":"K","3720":"A","3721":"A","3722":"K","3723":",","3724":"I","3725":"A","3726":"A","3727":"I","3728":";","3729":"U","3730":"A","3731":"E","3732":"Z","3733":",","3734":"O","3735":"A","3736":"A","3737":"O","3738":",","3739":"W","3740":"A","3741":"A","3742":"W","3743":",","3744":"C","3745":"A","3746":"A","3747":"C","3748":",","3749":"K","3750":"A","3751":"A","3752":"K","3753":",","3754":"C","3755":"A","3756":"A","3757":"C","3758":";","3759":"Q","3760":"A","3761":"C","3762":"7","3763":"B","3764":",","3765":"C","3766":"A","3767":"A","3768":"C","3769":";","3770":"M","3771":"A","3772":"A","3773":"C","3774":";","3775":"M","3776":"A","3777":"C","3778":"N","3779":",","3780":"W","3781":"A","3782":"A","3783":"W","3784":",","3785":"C","3786":"A","3787":"A","3788":"C","3789":",","3790":"Q","3791":"A","3792":"A","3793":"Q","3794":",","3795":"C","3796":"A","3797":"A","3798":"C","3799":";","3800":"I","3801":"A","3802":"C","3803":"z","3804":"B","3805":",","3806":"C","3807":"A","3808":"A","3809":"C","3810":";","3811":"I","3812":"A","3813":"C","3814":"D","3815":",","3816":"M","3817":"A","3818":"A","3819":"M","3820":",","3821":"M","3822":"A","3823":"A","3824":"M","3825":",","3826":"C","3827":"A","3828":"A","3829":"C","3830":",","3831":"K","3832":"A","3833":"A","3834":"K","3835":",","3836":"E","3837":"A","3838":"A","3839":"E","3840":",","3841":"K","3842":"A","3843":"A","3844":"K","3845":",","3846":"E","3847":"A","3848":"A","3849":"E","3850":",","3851":"K","3852":"A","3853":"A","3854":"K","3855":",","3856":"E","3857":"A","3858":"A","3859":"E","3860":";","3861":"M","3862":"A","3863":"C","3864":"9","3865":"B","3866":",","3867":"I","3868":"A","3869":"A","3870":"I","3871":",","3872":"Q","3873":"A","3874":"A","3875":"Q","3876":",","3877":"G","3878":"A","3879":"A","3880":"G","3881":",","3882":"M","3883":"A","3884":"A","3885":"M","3886":";","3887":"Q","3888":"A","3889":"A","3890":"A","3891":";","3892":"Q","3893":"A","3894":"A","3895":"A","3896":";","3897":"Q","3898":"A","3899":"A","3900":"A","3901":";","3902":"Q","3903":"A","3904":"A","3905":"A","3906":",","3907":"O","3908":"A","3909":"A","3910":"K","3911":",","3912":"C","3913":"A","3914":"A","3915":"C","3916":",","3917":"G","3918":"A","3919":"A","3920":"G","3921":",","3922":"C","3923":"A","3924":"A","3925":"C","3926":",","3927":"o","3928":"C","3929":"A","3930":"A","3931":"o","3932":"C","3933":",","3934":"G","3935":"A","3936":"A","3937":"G","3938":",","3939":"I","3940":"A","3941":"A","3942":"I","3943":",","3944":"C","3945":"A","3946":"A","3947":"C","3948":",","3949":"O","3950":"A","3951":"A","3952":"O","3953":",","3954":"G","3955":"A","3956":"A","3957":"G","3958":",","3959":"Q","3960":"A","3961":"A","3962":"Q","3963":",","3964":"G","3965":"A","3966":"A","3967":"G","3968":",","3969":"I","3970":"A","3971":"A","3972":"I","3973":",","3974":"C","3975":"A","3976":"A","3977":"C","3978":",","3979":"U","3980":"A","3981":"A","3982":"U","3983":",","3984":"G","3985":"A","3986":"A","3987":"G","3988":",","3989":"g","3990":"B","3991":"A","3992":"A","3993":"g","3994":"B","3995":",","3996":"G","3997":"A","3998":"A","3999":"G","4000":",","4001":"K","4002":"A","4003":"A","4004":"K","4005":",","4006":"G","4007":"A","4008":"A","4009":"G","4010":",","4011":"Q","4012":"A","4013":"A","4014":"Q","4015":",","4016":"G","4017":"A","4018":"A","4019":"G","4020":",","4021":"K","4022":"A","4023":"A","4024":"K","4025":",","4026":"G","4027":"A","4028":"A","4029":"G","4030":",","4031":"Y","4032":"A","4033":"A","4034":"Y","4035":",","4036":"G","4037":"A","4038":"A","4039":"G","4040":",","4041":"K","4042":"A","4043":"A","4044":"K","4045":",","4046":"C","4047":"A","4048":"A","4049":"C","4050":",","4051":"C","4052":"A","4053":"C","4054":"h","4055":"L","4056":",","4057":"I","4058":"A","4059":"A","4060":"I","4061":",","4062":"C","4063":"A","4064":"A","4065":"C","4066":",","4067":"Q","4068":"A","4069":"A","4070":"Q","4071":",","4072":"I","4073":"A","4074":"A","4075":"I","4076":";","4077":"U","4078":"A","4079":"E","4080":"d","4081":",","4082":"O","4083":"A","4084":"A","4085":"O","4086":",","4087":"Q","4088":"A","4089":"A","4090":"Q","4091":",","4092":"C","4093":"A","4094":"A","4095":"C","4096":",","4097":"I","4098":"A","4099":"A","4100":"I","4101":";","4102":"Q","4103":"A","4104":"C","4105":"x","4106":"B","4107":",","4108":"C","4109":"A","4110":"A","4111":"C","4112":",","4113":"C","4114":"A","4115":"A","4116":"C","4117":",","4118":"C","4119":"A","4120":"C","4121":"D","4122":",","4123":"K","4124":"A","4125":"A","4126":"K","4127":",","4128":"C","4129":"A","4130":"A","4131":"C","4132":",","4133":"K","4134":"A","4135":"A","4136":"K","4137":",","4138":"I","4139":"A","4140":"A","4141":"I","4142":";","4143":"U","4144":"A","4145":"E","4146":"Z","4147":",","4148":"O","4149":"A","4150":"A","4151":"O","4152":",","4153":"W","4154":"A","4155":"A","4156":"W","4157":",","4158":"C","4159":"A","4160":"A","4161":"C","4162":",","4163":"K","4164":"A","4165":"A","4166":"K","4167":",","4168":"C","4169":"A","4170":"A","4171":"C","4172":";","4173":"Q","4174":"A","4175":"C","4176":"7","4177":"B","4178":",","4179":"C","4180":"A","4181":"A","4182":"C","4183":";","4184":"M","4185":"A","4186":"A","4187":"C","4188":";","4189":"M","4190":"A","4191":"C","4192":"N","4193":",","4194":"O","4195":"A","4196":"A","4197":"O","4198":",","4199":"Q","4200":"A","4201":"A","4202":"Q","4203":";","4204":"I","4205":"A","4206":"C","4207":"n","4208":"B","4209":",","4210":"C","4211":"A","4212":"A","4213":"C","4214":";","4215":"I","4216":"A","4217":"C","4218":"D","4219":",","4220":"M","4221":"A","4222":"A","4223":"M","4224":",","4225":"I","4226":"A","4227":"A","4228":"I","4229":",","4230":"C","4231":"A","4232":"A","4233":"C","4234":",","4235":"K","4236":"A","4237":"A","4238":"K","4239":",","4240":"E","4241":"A","4242":"A","4243":"E","4244":",","4245":"K","4246":"A","4247":"A","4248":"K","4249":",","4250":"E","4251":"A","4252":"A","4253":"E","4254":",","4255":"K","4256":"A","4257":"A","4258":"K","4259":",","4260":"E","4261":"A","4262":"A","4263":"E","4264":";","4265":"M","4266":"A","4267":"C","4268":"5","4269":"B","4270":",","4271":"I","4272":"A","4273":"A","4274":"I","4275":",","4276":"Q","4277":"A","4278":"A","4279":"Q","4280":",","4281":"G","4282":"A","4283":"A","4284":"G","4285":",","4286":"M","4287":"A","4288":"A","4289":"M","4290":";","4291":"Q","4292":"A","4293":"A","4294":"A","4295":";","4296":"Q","4297":"A","4298":"A","4299":"A","4300":";","4301":"Q","4302":"A","4303":"A","4304":"A","4305":";","4306":"Q","4307":"A","4308":"A","4309":"A","4310":",","4311":"O","4312":"A","4313":"A","4314":"K","4315":",","4316":"C","4317":"A","4318":"A","4319":"C","4320":",","4321":"G","4322":"A","4323":"A","4324":"G","4325":",","4326":"C","4327":"A","4328":"A","4329":"C","4330":",","4331":"o","4332":"C","4333":"A","4334":"A","4335":"o","4336":"C","4337":",","4338":"G","4339":"A","4340":"A","4341":"G","4342":",","4343":"I","4344":"A","4345":"A","4346":"I","4347":",","4348":"C","4349":"A","4350":"A","4351":"C","4352":",","4353":"O","4354":"A","4355":"A","4356":"O","4357":",","4358":"G","4359":"A","4360":"A","4361":"G","4362":",","4363":"Q","4364":"A","4365":"A","4366":"Q","4367":",","4368":"G","4369":"A","4370":"A","4371":"G","4372":",","4373":"I","4374":"A","4375":"A","4376":"I","4377":",","4378":"C","4379":"A","4380":"A","4381":"C","4382":",","4383":"U","4384":"A","4385":"A","4386":"U","4387":",","4388":"G","4389":"A","4390":"A","4391":"G","4392":",","4393":"c","4394":"A","4395":"A","4396":"c","4397":",","4398":"G","4399":"A","4400":"A","4401":"G","4402":",","4403":"K","4404":"A","4405":"A","4406":"K","4407":",","4408":"G","4409":"A","4410":"A","4411":"G","4412":",","4413":"Q","4414":"A","4415":"A","4416":"Q","4417":",","4418":"G","4419":"A","4420":"A","4421":"G","4422":",","4423":"K","4424":"A","4425":"A","4426":"K","4427":",","4428":"G","4429":"A","4430":"A","4431":"G","4432":",","4433":"Y","4434":"A","4435":"A","4436":"Y","4437":",","4438":"G","4439":"A","4440":"A","4441":"G","4442":",","4443":"K","4444":"A","4445":"A","4446":"K","4447":",","4448":"C","4449":"A","4450":"A","4451":"C","4452":",","4453":"C","4454":"A","4455":"C","4456":"9","4457":"K","4458":",","4459":"I","4460":"A","4461":"A","4462":"I","4463":",","4464":"C","4465":"A","4466":"A","4467":"C","4468":",","4469":"Q","4470":"A","4471":"A","4472":"Q","4473":",","4474":"I","4475":"A","4476":"A","4477":"I","4478":";","4479":"U","4480":"A","4481":"E","4482":"d","4483":",","4484":"O","4485":"A","4486":"A","4487":"O","4488":",","4489":"Q","4490":"A","4491":"A","4492":"Q","4493":",","4494":"C","4495":"A","4496":"A","4497":"C","4498":",","4499":"I","4500":"A","4501":"A","4502":"I","4503":";","4504":"Q","4505":"A","4506":"C","4507":"x","4508":"B","4509":",","4510":"C","4511":"A","4512":"A","4513":"C","4514":",","4515":"C","4516":"A","4517":"A","4518":"C","4519":",","4520":"C","4521":"A","4522":"C","4523":"D","4524":",","4525":"K","4526":"A","4527":"A","4528":"K","4529":",","4530":"C","4531":"A","4532":"A","4533":"C","4534":",","4535":"K","4536":"A","4537":"A","4538":"K","4539":",","4540":"I","4541":"A","4542":"A","4543":"I","4544":";","4545":"U","4546":"A","4547":"E","4548":"Z","4549":",","4550":"O","4551":"A","4552":"A","4553":"O","4554":",","4555":"W","4556":"A","4557":"A","4558":"W","4559":",","4560":"C","4561":"A","4562":"A","4563":"C","4564":",","4565":"K","4566":"A","4567":"A","4568":"K","4569":",","4570":"C","4571":"A","4572":"A","4573":"C","4574":";","4575":"Q","4576":"A","4577":"C","4578":"7","4579":"B","4580":",","4581":"C","4582":"A","4583":"A","4584":"C","4585":";","4586":"M","4587":"A","4588":"A","4589":"C","4590":";","4591":"M","4592":"A","4593":"C","4594":"N","4595":",","4596":"O","4597":"A","4598":"A","4599":"O","4600":",","4601":"Q","4602":"A","4603":"A","4604":"Q","4605":";","4606":"I","4607":"A","4608":"C","4609":"n","4610":"B","4611":",","4612":"C","4613":"A","4614":"A","4615":"C","4616":";","4617":"I","4618":"A","4619":"C","4620":"D","4621":",","4622":"Y","4623":"A","4624":"A","4625":"Y","4626":",","4627":"G","4628":"A","4629":"A","4630":"G","4631":";","4632":"M","4633":"A","4634":"C","4635":"X","4636":";","4637":"M","4638":"A","4639":"A","4640":"A","4641":";","4642":"M","4643":"A","4644":"A","4645":"A","4646":";","4647":"M","4648":"A","4649":"A","4650":"A","4651":",","4652":"O","4653":"A","4654":"A","4655":"K","4656":",","4657":"C","4658":"A","4659":"A","4660":"C","4661":",","4662":"G","4663":"A","4664":"A","4665":"G","4666":",","4667":"C","4668":"A","4669":"A","4670":"C","4671":",","4672":"o","4673":"C","4674":"A","4675":"A","4676":"o","4677":"C","4678":",","4679":"G","4680":"A","4681":"A","4682":"G","4683":",","4684":"I","4685":"A","4686":"A","4687":"I","4688":",","4689":"C","4690":"A","4691":"A","4692":"C","4693":",","4694":"O","4695":"A","4696":"A","4697":"O","4698":",","4699":"G","4700":"A","4701":"A","4702":"G","4703":",","4704":"Q","4705":"A","4706":"A","4707":"Q","4708":",","4709":"G","4710":"A","4711":"A","4712":"G","4713":",","4714":"I","4715":"A","4716":"A","4717":"I","4718":",","4719":"C","4720":"A","4721":"A","4722":"C","4723":",","4724":"U","4725":"A","4726":"A","4727":"U","4728":",","4729":"G","4730":"A","4731":"A","4732":"G","4733":",","4734":"G","4735":"A","4736":"A","4737":"G","4738":",","4739":"C","4740":"A","4741":"A","4742":"C","4743":",","4744":"C","4745":"A","4746":"C","4747":"5","4748":"F","4749":",","4750":"I","4751":"A","4752":"A","4753":"I","4754":",","4755":"C","4756":"A","4757":"A","4758":"C","4759":",","4760":"Q","4761":"A","4762":"A","4763":"Q","4764":",","4765":"I","4766":"A","4767":"A","4768":"I","4769":";","4770":"Q","4771":"A","4772":"E","4773":"d","4774":",","4775":"I","4776":"A","4777":"A","4778":"I","4779":",","4780":"C","4781":"A","4782":"A","4783":"C","4784":",","4785":"S","4786":"A","4787":"A","4788":"S","4789":",","4790":"G","4791":"A","4792":"A","4793":"G","4794":",","4795":"Q","4796":"A","4797":"A","4798":"Q","4799":",","4800":"C","4801":"A","4802":"A","4803":"C","4804":",","4805":"I","4806":"A","4807":"A","4808":"I","4809":",","4810":"C","4811":"A","4812":"A","4813":"C","4814":",","4815":"U","4816":"A","4817":"A","4818":"U","4819":",","4820":"C","4821":"A","4822":"A","4823":"C","4824":",","4825":"C","4826":"A","4827":"A","4828":"C","4829":",","4830":"C","4831":"A","4832":"A","4833":"C","4834":";","4835":"M","4836":"A","4837":"C","4838":"h","4839":"D","4840":",","4841":"C","4842":"A","4843":"A","4844":"C","4845":",","4846":"C","4847":"A","4848":"A","4849":"C","4850":";","4851":"I","4852":"A","4853":"C","4854":"V","4855":",","4856":"C","4857":"A","4858":"A","4859":"C","4860":";","4861":"I","4862":"A","4863":"C","4864":"D","4865":",","4866":"g","4867":"B","4868":"A","4869":"A","4870":"g","4871":"B","4872":",","4873":"G","4874":"A","4875":"A","4876":"G","4877":";","4878":"M","4879":"A","4880":"C","4881":"f","4882":";","4883":"M","4884":"A","4885":"A","4886":"A","4887":";","4888":"M","4889":"A","4890":"A","4891":"A","4892":";","4893":"M","4894":"A","4895":"A","4896":"A","4897":",","4898":"O","4899":"A","4900":"A","4901":"K","4902":",","4903":"C","4904":"A","4905":"A","4906":"C","4907":",","4908":"G","4909":"A","4910":"A","4911":"G","4912":",","4913":"C","4914":"A","4915":"A","4916":"C","4917":",","4918":"o","4919":"C","4920":"A","4921":"A","4922":"o","4923":"C","4924":",","4925":"G","4926":"A","4927":"A","4928":"G","4929":",","4930":"I","4931":"A","4932":"A","4933":"I","4934":",","4935":"C","4936":"A","4937":"A","4938":"C","4939":",","4940":"O","4941":"A","4942":"A","4943":"O","4944":",","4945":"G","4946":"A","4947":"A","4948":"G","4949":",","4950":"Q","4951":"A","4952":"A","4953":"Q","4954":",","4955":"G","4956":"A","4957":"A","4958":"G","4959":",","4960":"I","4961":"A","4962":"A","4963":"I","4964":",","4965":"C","4966":"A","4967":"A","4968":"C","4969":",","4970":"U","4971":"A","4972":"A","4973":"U","4974":",","4975":"G","4976":"A","4977":"A","4978":"G","4979":",","4980":"G","4981":"A","4982":"A","4983":"G","4984":",","4985":"C","4986":"A","4987":"A","4988":"C","4989":",","4990":"C","4991":"A","4992":"C","4993":"5","4994":"F","4995":",","4996":"I","4997":"A","4998":"A","4999":"I","5000":",","5001":"C","5002":"A","5003":"A","5004":"C","5005":",","5006":"Q","5007":"A","5008":"A","5009":"Q","5010":",","5011":"I","5012":"A","5013":"A","5014":"I","5015":";","5016":"Q","5017":"A","5018":"E","5019":"d","5020":",","5021":"I","5022":"A","5023":"A","5024":"I","5025":",","5026":"C","5027":"A","5028":"A","5029":"C","5030":",","5031":"a","5032":"A","5033":"A","5034":"a","5035":",","5036":"G","5037":"A","5038":"A","5039":"G","5040":",","5041":"Q","5042":"A","5043":"A","5044":"Q","5045":",","5046":"C","5047":"A","5048":"A","5049":"C","5050":",","5051":"I","5052":"A","5053":"A","5054":"I","5055":",","5056":"C","5057":"A","5058":"A","5059":"C","5060":",","5061":"a","5062":"A","5063":"A","5064":"a","5065":";","5066":"M","5067":"A","5068":"E","5069":"p","5070":"D","5071":",","5072":"C","5073":"A","5074":"A","5075":"C","5076":",","5077":"C","5078":"A","5079":"A","5080":"C","5081":";","5082":"I","5083":"A","5084":"C","5085":"V","5086":",","5087":"C","5088":"A","5089":"A","5090":"C","5091":";","5092":"I","5093":"A","5094":"C","5095":"D","5096":",","5097":"W","5098":"A","5099":"A","5100":"W","5101":",","5102":"C","5103":"A","5104":"A","5105":"C","5106":",","5107":"K","5108":"A","5109":"A","5110":"K","5111":",","5112":"E","5113":"A","5114":"A","5115":"E","5116":",","5117":"K","5118":"A","5119":"A","5120":"K","5121":",","5122":"E","5123":"A","5124":"A","5125":"E","5126":",","5127":"K","5128":"A","5129":"A","5130":"K","5131":",","5132":"E","5133":"A","5134":"A","5135":"E","5136":";","5137":"M","5138":"A","5139":"C","5140":"7","5141":"B","5142":";","5143":"M","5144":"A","5145":"A","5146":"A","5147":";","5148":"M","5149":"A","5150":"A","5151":"A","5152":";","5153":"M","5154":"A","5155":"A","5156":"A","5157":",","5158":"O","5159":"A","5160":"A","5161":"K","5162":",","5163":"C","5164":"A","5165":"A","5166":"C","5167":",","5168":"G","5169":"A","5170":"A","5171":"G","5172":",","5173":"C","5174":"A","5175":"A","5176":"C","5177":",","5178":"o","5179":"C","5180":"A","5181":"A","5182":"o","5183":"C","5184":",","5185":"G","5186":"A","5187":"A","5188":"G","5189":",","5190":"I","5191":"A","5192":"A","5193":"I","5194":",","5195":"C","5196":"A","5197":"A","5198":"C","5199":",","5200":"O","5201":"A","5202":"A","5203":"O","5204":",","5205":"G","5206":"A","5207":"A","5208":"G","5209":",","5210":"Q","5211":"A","5212":"A","5213":"Q","5214":",","5215":"G","5216":"A","5217":"A","5218":"G","5219":",","5220":"I","5221":"A","5222":"A","5223":"I","5224":",","5225":"C","5226":"A","5227":"A","5228":"C","5229":",","5230":"U","5231":"A","5232":"A","5233":"U","5234":",","5235":"G","5236":"A","5237":"A","5238":"G","5239":",","5240":"e","5241":"A","5242":"A","5243":"e","5244":",","5245":"G","5246":"A","5247":"A","5248":"G","5249":",","5250":"K","5251":"A","5252":"A","5253":"K","5254":",","5255":"G","5256":"A","5257":"A","5258":"G","5259":",","5260":"M","5261":"A","5262":"A","5263":"M","5264":",","5265":"G","5266":"A","5267":"A","5268":"G","5269":",","5270":"K","5271":"A","5272":"A","5273":"K","5274":",","5275":"G","5276":"A","5277":"A","5278":"G","5279":",","5280":"M","5281":"A","5282":"A","5283":"M","5284":",","5285":"G","5286":"A","5287":"A","5288":"G","5289":",","5290":"K","5291":"A","5292":"A","5293":"K","5294":",","5295":"C","5296":"A","5297":"A","5298":"C","5299":",","5300":"C","5301":"A","5302":"C","5303":"l","5304":"J","5305":",","5306":"I","5307":"A","5308":"A","5309":"I","5310":",","5311":"C","5312":"A","5313":"A","5314":"C","5315":",","5316":"Q","5317":"A","5318":"A","5319":"Q","5320":",","5321":"I","5322":"A","5323":"A","5324":"I","5325":";","5326":"Q","5327":"A","5328":"E","5329":"d","5330":",","5331":"W","5332":"A","5333":"A","5334":"W","5335":",","5336":"C","5337":"A","5338":"A","5339":"C","5340":",","5341":"g","5342":"B","5343":"A","5344":"A","5345":"g","5346":"B","5347":",","5348":"C","5349":"A","5350":"A","5351":"C","5352":";","5353":"M","5354":"A","5355":"C","5356":"j","5357":"C","5358":",","5359":"C","5360":"A","5361":"A","5362":"C","5363":",","5364":"C","5365":"A","5366":"A","5367":"C","5368":",","5369":"C","5370":"A","5371":"C","5372":"D","5373":",","5374":"K","5375":"A","5376":"A","5377":"K","5378":",","5379":"C","5380":"A","5381":"A","5382":"C","5383":",","5384":"K","5385":"A","5386":"A","5387":"K","5388":",","5389":"I","5390":"A","5391":"A","5392":"I","5393":";","5394":"Q","5395":"A","5396":"E","5397":"Z","5398":",","5399":"W","5400":"A","5401":"A","5402":"W","5403":",","5404":"C","5405":"A","5406":"A","5407":"C","5408":",","5409":"W","5410":"A","5411":"A","5412":"W","5413":",","5414":"C","5415":"A","5416":"A","5417":"C","5418":",","5419":"K","5420":"A","5421":"A","5422":"K","5423":",","5424":"C","5425":"A","5426":"A","5427":"C","5428":",","5429":"C","5430":"A","5431":"A","5432":"C","5433":";","5434":"M","5435":"A","5436":"C","5437":"n","5438":"C","5439":",","5440":"C","5441":"A","5442":"A","5443":"C","5444":",","5445":"C","5446":"A","5447":"A","5448":"C","5449":";","5450":"I","5451":"A","5452":"C","5453":"V","5454":",","5455":"C","5456":"A","5457":"A","5458":"C","5459":";","5460":"I","5461":"A","5462":"C","5463":"D","5464":",","5465":"W","5466":"A","5467":"A","5468":"W","5469":",","5470":"G","5471":"A","5472":"A","5473":"G","5474":";","5475":"M","5476":"A","5477":"C","5478":"V","5479":",","5480":"I","5481":"A","5482":"A","5483":"I","5484":",","5485":"C","5486":"A","5487":"A","5488":"C","5489":",","5490":"W","5491":"A","5492":"A","5493":"W","5494":",","5495":"C","5496":"A","5497":"A","5498":"C","5499":",","5500":"I","5501":"A","5502":"A","5503":"I","5504":",","5505":"C","5506":"A","5507":"A","5508":"C","5509":",","5510":"K","5511":"A","5512":"A","5513":"K","5514":",","5515":"E","5516":"A","5517":"A","5518":"E","5519":",","5520":"I","5521":"A","5522":"A","5523":"I","5524":",","5525":"C","5526":"A","5527":"A","5528":"C","5529":",","5530":"K","5531":"A","55
[...]
":"-","10301":"w","10302":"e","10303":"b","10304":"k","10305":"i","10306":"t","10307":"-","10308":"b","10309":"a","10310":"c","10311":"k","10312":"g","10313":"r","10314":"o","10315":"u","10316":"n","10317":"d","10318":"-","10319":"c","10320":"l","10321":"i","10322":"p","10323":":","10324":" ","10325":"t","10326":"e","10327":"x","10328":"t","10329":";","10330":"\\","10331":"r","10332":"\\","10333":"n","10334":" ","10335":" ","10336":" ","10337":" ","10338":"t","10339":"r","10340":"a","10341":"n","10342":"s","10343":"f","10344":"o","10345":"r","10346":"m","10347":":","10348":" ","10349":"t","10350":"r","10351":"a","10352":"n","10353":"s","10354":"l","10355":"a","10356":"t","10357":"e","10358":"X","10359":"(","10360":"-","10361":"0","10362":".","10363":"0","10364":"2","10365":"e","10366":"m","10367":")","10368":";","10369":"\\","10370":"r","10371":"\\","10372":"n","10373":"}","10374":"\\","10375":"r","10376":"\\","10377":"n","10378":"\\","10379":"r","10380":"\\","10381":"n","10382":".","10383":"b","10384":"u","10385":"t","10386":"t","10387":"o","10388":"n","10389":"-","10390":"3","10391":"0","10392":" ","10393":"{","10394":"\\","10395":"r","10396":"\\","10397":"n","10398":" ","10399":" ","10400":" ","10401":" ","10402":"a","10403":"l","10404":"i","10405":"g","10406":"n","10407":"-","10408":"i","10409":"t","10410":"e","10411":"m","10412":"s","10413":":","10414":" ","10415":"c","10416":"e","10417":"n","10418":"t","10419":"e","10420":"r","10421":";","10422":"\\","10423":"r","10424":"\\","10425":"n","10426":" ","10427":" ","10428":" ","10429":" ","10430":"a","10431":"p","10432":"p","10433":"e","10434":"a","10435":"r","10436":"a","10437":"n","10438":"c","10439":"e","10440":":","10441":" ","10442":"n","10443":"o","10444":"n","10445":"e","10446":";","10447":"\\","10448":"r","10449":"\\","10450":"n","10451":" ","10452":" ","10453":" ","10454":" ","10455":"b","10456":"a","10457":"c","10458":"k","10459":"g","10460":"r","10461":"o","10462":"u","10463":"n","10464":"d","10465":"-","10466":"c","10467":"o","10468":"l","10469":"o","10470":"r","10471":":","10472":" ","10473":"#","10474":"F","10475":"C","10476":"F","10477":"C","10478":"F","10479":"D","10480":";","10481":"\\","10482":"r","10483":"\\","10484":"n","10485":" ","10486":" ","10487":" ","10488":" ","10489":"b","10490":"o","10491":"r","10492":"d","10493":"e","10494":"r","10495":"-","10496":"r","10497":"a","10498":"d","10499":"i","10500":"u","10501":"s","10502":":","10503":" ","10504":"4","10505":"p","10506":"x","10507":";","10508":"\\","10509":"r","10510":"\\","10511":"n","10512":" ","10513":" ","10514":" ","10515":" ","10516":"b","10517":"o","10518":"r","10519":"d","10520":"e","10521":"r","10522":"-","10523":"w","10524":"i","10525":"d","10526":"t","10527":"h","10528":":","10529":" ","10530":"0","10531":";","10532":"\\","10533":"r","10534":"\\","10535":"n","10536":" ","10537":" ","10538":" ","10539":" ","10540":"b","10541":"o","10542":"x","10543":"-","10544":"s","10545":"h","10546":"a","10547":"d","10548":"o","10549":"w","10550":":","10551":" ","10552":"r","10553":"g","10554":"b","10555":"a","10556":"(","10557":"4","10558":"5","10559":",","10560":" ","10561":"3","10562":"5","10563":",","10564":" ","10565":"6","10566":"6","10567":",","10568":" ","10569":"0","10570":".","10571":"4","10572":")","10573":" ","10574":"0","10575":" ","10576":"2","10577":"p","10578":"x","10579":" ","10580":"4","10581":"p","10582":"x","10583":",","10584":" ","10585":"r","10586":"g","10587":"b","10588":"a","10589":"(","10590":"4","10591":"5","10592":",","10593":" ","10594":"3","10595":"5","10596":",","10597":" ","10598":"6","10599":"6","10600":",","10601":" ","10602":"0","10603":".","10604":"3","10605":")","10606":" ","10607":"0","10608":" ","10609":"7","10610":"p","10611":"x","10612":" ","10613":"1","10614":"3","10615":"p","10616":"x","10617":" ","10618":"-","10619":"3","10620":"p","10621":"x","10622":",","10623":" ","10624":"#","10625":"D","10626":"6","10627":"D","10628":"6","10629":"E","10630":"7","10631":" ","10632":"0","10633":" ","10634":"-","10635":"3","10636":"p","10637":"x","10638":" ","10639":"0","10640":" ","10641":"i","10642":"n","10643":"s","10644":"e","10645":"t","10646":";","10647":"\\","10648":"r","10649":"\\","10650":"n","10651":" ","10652":" ","10653":" ","10654":" ","10655":"b","10656":"o","10657":"x","10658":"-","10659":"s","10660":"i","10661":"z","10662":"i","10663":"n","10664":"g","10665":":","10666":" ","10667":"b","10668":"o","10669":"r","10670":"d","10671":"e","10672":"r","10673":"-","10674":"b","10675":"o","10676":"x","10677":";","10678":"\\","10679":"r","10680":"\\","10681":"n","10682":" ","10683":" ","10684":" ","10685":" ","10686":"c","10687":"o","10688":"l","10689":"o","10690":"r","10691":":","10692":" ","10693":"#","10694":"3","10695":"6","10696":"3","10697":"9","10698":"5","10699":"A","10700":";","10701":"\\","10702":"r","10703":"\\","10704":"n","10705":" ","10706":" ","10707":" ","10708":" ","10709":"c","10710":"u","10711":"r","10712":"s","10713":"o","10714":"r","10715":":","10716":" ","10717":"p","10718":"o","10719":"i","10720":"n","10721":"t","10722":"e","10723":"r","10724":";","10725":"\\","10726":"r","10727":"\\","10728":"n","10729":" ","10730":" ","10731":" ","10732":" ","10733":"d","10734":"i","10735":"s","10736":"p","10737":"l","10738":"a","10739":"y","10740":":","10741":" ","10742":"i","10743":"n","10744":"l","10745":"i","10746":"n","10747":"e","10748":"-","10749":"f","10750":"l","10751":"e","10752":"x","10753":";","10754":"\\","10755":"r","10756":"\\","10757":"n","10758":" ","10759":" ","10760":" ","10761":" ","10762":"f","10763":"o","10764":"n","10765":"t","10766":"-","10767":"f","10768":"a","10769":"m","10770":"i","10771":"l","10772":"y","10773":":","10774":" ","10775":"\\","10776":"\"","10777":"J","10778":"e","10779":"t","10780":"B","10781":"r","10782":"a","10783":"i","10784":"n","10785":"s","10786":" ","10787":"M","10788":"o","10789":"n","10790":"o","10791":"\\","10792":"\"","10793":",","10794":" ","10795":"m","10796":"o","10797":"n","10798":"o","10799":"s","10800":"p","10801":"a","10802":"c","10803":"e","10804":";","10805":"\\","10806":"r","10807":"\\","10808":"n","10809":" ","10810":" ","10811":" ","10812":" ","10813":"h","10814":"e","10815":"i","10816":"g","10817":"h","10818":"t","10819":":","10820":" ","10821":"4","10822":"8","10823":"p","10824":"x","10825":";","10826":"\\","10827":"r","10828":"\\","10829":"n","10830":" ","10831":" ","10832":" ","10833":" ","10834":"j","10835":"u","10836":"s","10837":"t","10838":"i","10839":"f","10840":"y","10841":"-","10842":"c","10843":"o","10844":"n","10845":"t","10846":"e","10847":"n","10848":"t","10849":":","10850":" ","10851":"c","10852":"e","10853":"n","10854":"t","10855":"e","10856":"r","10857":";","10858":"\\","10859":"r","10860":"\\","10861":"n","10862":" ","10863":" ","10864":" ","10865":" ","10866":"l","10867":"i","10868":"n","10869":"e","10870":"-","10871":"h","10872":"e","10873":"i","10874":"g","10875":"h","10876":"t","10877":":","10878":" ","10879":"1","10880":";","10881":"\\","10882":"r","10883":"\\","10884":"n","10885":" ","10886":" ","10887":" ","10888":" ","10889":"l","10890":"i","10891":"s","10892":"t","10893":"-","10894":"s","10895":"t","10896":"y","10897":"l","10898":"e","10899":":","10900":" ","10901":"n","10902":"o","10903":"n","10904":"e","10905":";","10906":"\\","10907":"r","10908":"\\","10909":"n","10910":" ","10911":" ","10912":" ","10913":" ","10914":"o","10915":"v","10916":"e","10917":"r","10918":"f","10919":"l","10920":"o","10921":"w","10922":":","10923":" ","10924":"h","10925":"i","10926":"d","10927":"d","10928":"e","10929":"n","10930":";","10931":"\\","10932":"r","10933":"\\","10934":"n","10935":" ","10936":" ","10937":" ","10938":" ","10939":"p","10940":"a","10941":"d","10942":"d","10943":"i","10944":"n","10945":"g","10946":"-","10947":"l","10948":"e","10949":"f","10950":"t","10951":":","10952":" ","10953":"1","10954":"6","10955":"p","10956":"x","10957":";","10958":"\\","10959":"r","10960":"\\","10961":"n","10962":" ","10963":" ","10964":" ","10965":" ","10966":"p","10967":"a","10968":"d","10969":"d","10970":"i","10971":"n","10972":"g","10973":"-","10974":"r","10975":"i","10976":"g","10977":"h","10978":"t","10979":":","10980":" ","10981":"1","10982":"6","10983":"p","10984":"x","10985":";","10986":"\\","10987":"r","10988":"\\","10989":"n","10990":" ","10991":" ","10992":" ","10993":" ","10994":"p","10995":"o","10996":"s","10997":"i","10998":"t","10999":"i","11000":"o","11001":"n","11002":":","11003":" ","11004":"r","11005":"e","11006":"l","11007":"a","11008":"t","11009":"i","11010":"v","11011":"e","11012":";","11013":"\\","11014":"r","11015":"\\","11016":"n","11017":" ","11018":" ","11019":" ","11020":" ","11021":"t","11022":"e","11023":"x","11024":"t","11025":"-","11026":"a","11027":"l","11028":"i","11029":"g","11030":"n","11031":":","11032":" ","11033":"l","11034":"e","11035":"f","11036":"t","11037":";","11038":"\\","11039":"r","11040":"\\","11041":"n","11042":" ","11043":" ","11044":" ","11045":" ","11046":"t","11047":"e","11048":"x","11049":"t","11050":"-","11051":"d","11052":"e","11053":"c","11054":"o","11055":"r","11056":"a","11057":"t","11058":"i","11059":"o","11060":"n","11061":":","11062":" ","11063":"n","11064":"o","11065":"n","11066":"e","11067":";","11068":"\\","11069":"r","11070":"\\","11071":"n","11072":" ","11073":" ","11074":" ","11075":" ","11076":"t","11077":"r","11078":"a","11079":"n","11080":"s","11081":"i","11082":"t","11083":"i","11084":"o","11085":"n","11086":":","11087":" ","11088":"b","11089":"o","11090":"x","11091":"-","11092":"s","11093":"h","11094":"a","11095":"d","11096":"o","11097":"w","11098":" ","11099":".","11100":"1","11101":"5","11102":"s","11103":",","11104":" ","11105":"t","11106":"r","11107":"a","11108":"n","11109":"s","11110":"f","11111":"o","11112":"r","11113":"m","11114":" ","11115":".","11116":"1","11117":"5","11118":"s","11119":";","11120":"\\","11121":"r","11122":"\\","11123":"n","11124":" ","11125":" ","11126":" ","11127":" ","11128":"u","11129":"s","11130":"e","11131":"r","11132":"-","11133":"s","11134":"e","11135":"l","11136":"e","11137":"c","11138":"t","11139":":","11140":" ","11141":"n","11142":"o","11143":"n","11144":"e","11145":";","11146":"\\","11147":"r","11148":"\\","11149":"n","11150":" ","11151":" ","11152":" ","11153":" ","11154":"-","11155":"w","11156":"e","11157":"b","11158":"k","11159":"i","11160":"t","11161":"-","11162":"u","11163":"s","11164":"e","11165":"r","11166":"-","11167":"s","11168":"e","11169":"l","11170":"e","11171":"c","11172":"t","11173":":","11174":" ","11175":"n","11176":"o","11177":"n","11178":"e","11179":";","11180":"\\","11181":"r","11182":"\\","11183":"n","11184":" ","11185":" ","11186":" ","11187":" ","11188":"t","11189":"o","11190":"u","11191":"c","11192":"h","11193":"-","11194":"a","11195":"c","11196":"t","11197":"i","11198":"o","11199":"n","11200":":","11201":" ","11202":"m","11203":"a","11204":"n","11205":"i","11206":"p","11207":"u","11208":"l","11209":"a","11210":"t","11211":"i","11212":"o","11213":"n","11214":";","11215":"\\","11216":"r","11217":"\\","11218":"n","11219":" ","11220":" ","11221":" ","11222":" ","11223":"w","11224":"h","11225":"i","11226":"t","11227":"e","11228":"-","11229":"s","11230":"p","11231":"a","11232":"c","11233":"e","11234":":","11235":" ","11236":"n","11237":"o","11238":"w","11239":"r","11240":"a","11241":"p","11242":";","11243":"\\","11244":"r","11245":"\\","11246":"n","11247":" ","11248":" ","11249":" ","11250":" ","11251":"w","11252":"i","11253":"l","11254":"l","11255":"-","11256":"c","11257":"h","11258":"a","11259":"n","11260":"g","11261":"e","11262":":","11263":" ","11264":"b","11265":"o","11266":"x","11267":"-","11268":"s","11269":"h","11270":"a","11271":"d","11272":"o","11273":"w","11274":",","11275":" ","11276":"t","11277":"r","11278":"a","11279":"n","11280":"s","11281":"f","11282":"o","11283":"r","11284":"m","11285":";","11286":"\\","11287":"r","11288":"\\","11289":"n","11290":" ","11291":" ","11292":" ","11293":" ","11294":"f","11295":"o","11296":"n","11297":"t","11298":"-","11299":"s","11300":"i","11301":"z","11302":"e","11303":":","11304":" ","11305":"1","11306":"8","11307":"p","11308":"x","11309":";","11310":"\\","11311":"r","11312":"\\","11313":"n","11314":"}","11315":"\\","11316":"r","11317":"\\","11318":"n","11319":"\\","11320":"r","11321":"\\","11322":"n","11323":".","11324":"b","11325":"u","11326":"t","11327":"t","11328":"o","11329":"n","11330":"-","11331":"3","11332":"0","11333":":","11334":"f","11335":"o","11336":"c","11337":"u","11338":"s","11339":" ","11340":"{","11341":"\\","11342":"r","11343":"\\","11344":"n","11345":" ","11346":" ","11347":" ","11348":" ","11349":"b","11350":"o","11351":"x","11352":"-","11353":"s","11354":"h","11355":"a","11356":"d","11357":"o","11358":"w","11359":":","11360":" ","11361":"#","11362":"D","11363":"6","11364":"D","11365":"6","11366":"E","11367":"7","11368":" ","11369":"0","11370":" ","11371":"0","11372":" ","11373":"0","11374":" ","11375":"1","11376":".","11377":"5","11378":"p","11379":"x","11380":" ","11381":"i","11382":"n","11383":"s","11384":"e","11385":"t","11386":",","11387":" ","11388":"r","11389":"g","11390":"b","11391":"a","11392":"(","11393":"4","11394":"5","11395":",","11396":" ","11397":"3","11398":"5","11399":",","11400":" ","11401":"6","11402":"6","11403":",","11404":" ","11405":"0","11406":".","11407":"4","11408":")","11409":" ","11410":"0","11411":" ","11412":"2","11413":"p","11414":"x","11415":" ","11416":"4","11417":"p","11418":"x","11419":",","11420":" ","11421":"r","11422":"g","11423":"b","11424":"a","11425":"(","11426":"4","11427":"5","11428":",","11429":" ","11430":"3","11431":"5","11432":",","11433":" ","11434":"6","11435":"6","11436":",","11437":" ","11438":"0","11439":".","11440":"3","11441":")","11442":" ","11443":"0","11444":" ","11445":"7","11446":"p","11447":"x","11448":" ","11449":"1","11450":"3","11451":"p","11452":"x","11453":" ","11454":"-","11455":"3","11456":"p","11457":"x","11458":",","11459":" ","11460":"#","11461":"D","11462":"6","11463":"D","11464":"6","11465":"E","11466":"7","11467":" ","11468":"0","11469":" ","11470":"-","11471":"3","11472":"p","11473":"x","11474":" ","11475":"0","11476":" ","11477":"i","11478":"n","11479":"s","11480":"e","11481":"t","11482":";","11483":"\\","11484":"r","11485":"\\","11486":"n","11487":"}","11488":"\\","11489":"r","11490":"\\","11491":"n","11492":"\\","11493":"r","11494":"\\","11495":"n","11496":".","11497":"b","11498":"u","11499":"t","11500":"t","11501":"o","11502":"n","11503":"-","11504":"3","11505":"0","11506":":","11507":"h","11508":"o","11509":"v","11510":"e","11511":"r","11512":" ","11513":"{","11514":"\\","11515":"r","11516":"\\","11517":"n","11518":" ","11519":" ","11520":" ","11521":" ","11522":"b","11523":"o","11524":"x","11525":"-","11526":"s","11527":"h","11528":"a","11529":"d","11530":"o","11531":"w","11532":":","11533":" ","11534":"r","11535":"g","11536":"b","11537":"a","11538":"(","11539":"4","11540":"5","11541":",","11542":" ","11543":"3","11544":"5","11545":",","11546":" ","11547":"6","11548":"6","11549":",","11550":" ","11551":"0","11552":".","11553":"4","11554":")","11555":" ","11556":"0","11557":" ","11558":"4","11559":"p","11560":"x","11561":" ","11562":"8","11563":"p","11564":"x","11565":",","11566":" ","11567":"r","11568":"g","11569":"b","11570":"a","11571":"(","11572":"4","11573":"5","11574":",","11575":" ","11576":"3","11577":"5","11578":",","11579":" ","11580":"6","11581":"6","11582":",","11583":" ","11584":"0","11585":".","11586":"3","11587":")","11588":" ","11589":"0","11590":" ","11591":"7","11592":"p","11593":"x","11594":" ","11595":"1","11596":"3","11597":"p","11598":"x","11599":" ","11600":"-","11601":"3","11602":"p","11603":"x","11604":",","11605":" ","11606":"#","11607":"D","11608":"6","11609":"D","11610":"6","11611":"E","11612":"7","11613":" ","11614":"0","11615":" ","11616":"-","11617":"3","11618":"p","11619":"x","11620":" ","11621":"0","11622":" ","11623":"i","11624":"n","11625":"s","11626":"e","11627":"t","11628":";","11629":"\\","11630":"r","11631":"\\","11632":"n","11633":" ","11634":" ","11635":" ","11636":" ","11637":"t","11638":"r","11639":"a","11640":"n","11641":"s","11642":"f","11643":"o","11644":"r","11645":"m","11646":":","11647":" ","11648":"t","11649":"r","11650":"a","11651":"n","11652":"s","11653":"l","11654":"a","11655":"t","11656":"e","11657":"Y","11658":"(","11659":"-","11660":"2","11661":"p","11662":"x","11663":")","11664":";","11665":"\\","11666":"r","11667":"\\","11668":"n","11669":"}","11670":"\\","11671":"r","11672":"\\","11673":"n","11674":"\\","11675":"r","11676":"\\","11677":"n","11678":".","11679":"b","11680":"u","11681":"t","11682":"t","11683":"o","11684":"n","11685":"-","11686":"3","11687":"0","11688":":","11689":"a","11690":"c","11691":"t","11692":"i","11693":"v","11694":"e","11695":" ","11696":"{","11697":"\\","11698":"r","11699":"\\","11700":"n","11701":" ","11702":" ","11703":" ","11704":" ","11705":"b","11706":"o","11707":"x","11708":"-","11709":"s","11710":"h","11711":"a","11712":"d","11713":"o","11714":"w","11715":":","11716":" ","11717":"#","11718":"D","11719":"6","11720":"D","11721":"6","11722":"E","11723":"7","11724":" ","11725":"0","11726":" ","11727":"3","11728":"p","11729":"x","11730":" ","11731":"7","11732":"p","11733":"x","11734":" ","11735":"i","11736":"n","11737":"s","11738":"e","11739":"t","11740":";","11741":"\\","11742":"r","11743":"\\","11744":"n","11745":" ","11746":" ","11747":" ","11748":" ","11749":"t","11750":"r","11751":"a","11752":"n","11753":"s","11754":"f","11755":"o","11756":"r","11757":"m","11758":":","11759":" ","11760":"t","11761":"r","11762":"a","11763":"n","11764":"s","11765":"l","11766":"a","11767":"t","11768":"e","11769":"Y","11770":"(","11771":"2","11772":"p","11773":"x","11774":")","11775":";","11776":"\\","11777":"r","11778":"\\","11779":"n","11780":"}","11781":"\\","11782":"r","11783":"\\","11784":"n","11785":"\\","11786":"r","11787":"\\","11788":"n","11789":".","11790":"i","11791":"m","11792":"p","11793":"o","11794":"r","11795":"t","11796":"a","11797":"n","11798":"t","11799":"M","11800":"e","11801":"s","11802":"s","11803":"a","11804":"g","11805":"e","11806":" ","11807":"{","11808":"\\","11809":"r","11810":"\\","11811":"n","11812":" ","11813":" ","11814":" ","11815":" ","11816":"c","11817":"o","11818":"l","11819":"o","11820":"r","11821":":","11822":" ","11823":"r","11824":"e","11825":"d","11826":";","11827":"\\","11828":"r","11829":"\\","11830":"n","11831":" ","11832":" ","11833":" ","11834":" ","11835":"f","11836":"o","11837":"n","11838":"t","11839":"-","11840":"s","11841":"i","11842":"z","11843":"e","11844":":","11845":" ","11846":"2","11847":"0","11848":"p","11849":"x","11850":";","11851":"\\","11852":"r","11853":"\\","11854":"n","11855":" ","11856":" ","11857":" ","11858":" ","11859":"f","11860":"o","11861":"n","11862":"t","11863":"-","11864":"f","11865":"a","11866":"m","11867":"i","11868":"l","11869":"y","11870":":","11871":" ","11872":"\\","11873":"\"","11874":"C","11875":"o","11876":"m","11877":"i","11878":"c","11879":" ","11880":"S","11881":"a","11882":"n","11883":"s","11884":" ","11885":"M","11886":"S","11887":"\\","11888":"\"","11889":",","11890":" ","11891":"\\","11892":"\"","11893":"C","11894":"o","11895":"m","11896":"i","11897":"c","11898":" ","11899":"S","11900":"a","11901":"n","11902":"s","11903":"\\","11904":"\"","11905":",","11906":" ","11907":"c","11908":"u","11909":"r","11910":"s","11911":"i","11912":"v","11913":"e","11914":";","11915":"\\","11916":"r","11917":"\\","11918":"n","11919":"\\","11920":"r","11921":"\\","11922":"n","11923":"}","11924":"\\","11925":"r","11926":"\\","11927":"n","11928":"<","11929":"/","11930":"s","11931":"t","11932":"y","11933":"l","11934":"e","11935":">","11936":"\\","11937":"r","11938":"\\","11939":"n","11940":"\\","11941":"r","11942":"\\","11943":"n","11944":"\"","11945":"]","11946":"}"},"_coverageSchema":"1a1c01bbd47fc00a2c39e90264f33305004495a9","hash":"f9e5fda460cddd3b43aaf90f443fcf3798afbea6"}
}
