TN:
SF:src\App.vue
FN:21,render
FNF:1
FNH:1
FNDA:2,render
DA:4,2
DA:7,2
DA:8,2
DA:14,2
DA:16,2
DA:19,2
DA:20,2
DA:22,2
DA:23,2
DA:24,2
LF:10
LH:10
BRF:0
BRH:0
end_of_record
TN:
SF:src\routers.js
FNF:0
FNH:0
DA:5,1
DA:18,1
LF:2
LH:2
BRF:0
BRH:0
end_of_record
TN:
SF:src\components\HomeComponent.vue
FN:159,impossibleTrade
FN:163,(anonymous_1)
FN:168,openTradeWindow
FN:173,(anonymous_3)
FN:175,(anonymous_4)
FN:177,closeTradeWindow
FN:183,trade
FN:206,changeHoverValue
FN:216,setSelectedPath
FN:229,getAdjacentCountries
FN:248,render
FN:248,(anonymous_11)
FN:248,(anonymous_12)
FN:248,(anonymous_13)
FN:248,(anonymous_14)
FN:248,(anonymous_15)
FNF:16
FNH:4
FNDA:0,impossibleTrade
FNDA:0,(anonymous_1)
FNDA:0,openTradeWindow
FNDA:0,(anonymous_3)
FNDA:0,(anonymous_4)
FNDA:0,closeTradeWindow
FNDA:3,trade
FNDA:3,changeHoverValue
FNDA:2,setSelectedPath
FNDA:1,getAdjacentCountries
FNDA:0,render
FNDA:0,(anonymous_11)
FNDA:0,(anonymous_12)
FNDA:0,(anonymous_13)
FNDA:0,(anonymous_14)
FNDA:0,(anonymous_15)
DA:4,2
DA:7,2
DA:8,2
DA:154,2
DA:160,0
DA:161,0
DA:162,0
DA:163,0
DA:164,0
DA:169,0
DA:170,0
DA:171,0
DA:172,0
DA:173,0
DA:174,0
DA:175,0
DA:178,0
DA:179,0
DA:180,0
DA:181,0
DA:184,3
DA:185,3
DA:186,3
DA:187,3
DA:207,3
DA:208,2
DA:209,2
DA:210,2
DA:213,1
DA:217,2
DA:218,0
DA:219,0
DA:221,0
DA:223,0
DA:225,0
DA:230,1
DA:231,0
DA:232,0
DA:233,0
DA:234,0
DA:235,0
DA:237,0
DA:238,0
DA:239,0
DA:240,0
DA:241,0
DA:242,0
DA:248,2
LF:48
LH:16
BRDA:207,0,0,2
BRDA:207,0,1,1
BRDA:207,1,0,3
BRDA:207,1,1,3
BRDA:209,2,0,2
BRDA:209,2,1,0
BRDA:217,3,0,0
BRDA:217,3,1,2
BRDA:217,4,0,2
BRDA:217,4,1,2
BRDA:217,4,2,0
BRDA:218,5,0,0
BRDA:218,5,1,0
BRDA:230,6,0,0
BRDA:230,6,1,1
BRDA:230,7,0,1
BRDA:230,7,1,1
BRDA:230,7,2,0
BRDA:239,8,0,0
BRDA:239,8,1,0
BRDA:239,9,0,0
BRDA:239,9,1,0
BRDA:239,9,2,0
BRDA:241,10,0,0
BRDA:241,10,1,0
BRDA:241,11,0,0
BRDA:241,11,1,0
BRDA:248,12,0,0
BRDA:248,12,1,0
BRDA:248,13,0,0
BRDA:248,13,1,0
BRDA:248,14,0,0
BRDA:248,14,1,0
BRDA:248,15,0,0
BRDA:248,15,1,0
BRDA:248,16,0,0
BRDA:248,16,1,0
BRDA:248,17,0,0
BRDA:248,17,1,0
BRDA:248,18,0,0
BRDA:248,18,1,0
BRDA:248,19,0,0
BRDA:248,19,1,0
BRDA:248,20,0,0
BRDA:248,20,1,0
BRDA:248,21,0,0
BRDA:248,21,1,0
BRF:47
BRH:11
end_of_record
TN:
SF:src\components\NestedRoute.vue
FN:21,render
FNF:1
FNH:0
FNDA:0,render
DA:4,1
DA:7,1
DA:8,1
DA:14,1
DA:16,1
DA:19,1
DA:20,1
DA:22,0
DA:23,1
LF:9
LH:8
BRF:0
BRH:0
end_of_record
