TN:
SF:src\App.vue
FN:21,render
FNF:1
FNH:1
FNDA:2,render
DA:4,2
DA:7,2
DA:8,2
DA:14,2
DA:16,2
DA:19,2
DA:20,2
DA:22,2
DA:23,2
DA:24,2
LF:10
LH:10
BRF:0
BRH:0
end_of_record
TN:
SF:src\routers.js
FNF:0
FNH:0
DA:5,1
DA:18,1
LF:2
LH:2
BRF:0
BRH:0
end_of_record
TN:
SF:src\components\HomeComponent.vue
FN:155,impossibleTrade
FN:159,(anonymous_1)
FN:164,openTradeWindow
FN:170,(anonymous_3)
FN:176,(anonymous_4)
FN:181,closeTradeWindow
FN:187,trade
FN:204,changeHoverValue
FN:214,setSelectedPath
FN:227,getAdjacentCountries
FN:246,render
FN:246,(anonymous_11)
FN:246,(anonymous_12)
FN:246,(anonymous_13)
FN:246,(anonymous_14)
FN:246,(anonymous_15)
FNF:16
FNH:0
FNDA:0,impossibleTrade
FNDA:0,(anonymous_1)
FNDA:0,openTradeWindow
FNDA:0,(anonymous_3)
FNDA:0,(anonymous_4)
FNDA:0,closeTradeWindow
FNDA:0,trade
FNDA:0,changeHoverValue
FNDA:0,setSelectedPath
FNDA:0,getAdjacentCountries
FNDA:0,render
FNDA:0,(anonymous_11)
FNDA:0,(anonymous_12)
FNDA:0,(anonymous_13)
FNDA:0,(anonymous_14)
FNDA:0,(anonymous_15)
DA:4,2
DA:7,2
DA:8,2
DA:150,2
DA:156,0
DA:157,0
DA:158,0
DA:159,0
DA:160,0
DA:161,0
DA:165,0
DA:166,0
DA:167,0
DA:168,0
DA:169,0
DA:170,0
DA:172,0
DA:174,0
DA:175,0
DA:176,0
DA:178,0
DA:182,0
DA:183,0
DA:184,0
DA:185,0
DA:188,0
DA:189,0
DA:190,0
DA:191,0
DA:193,0
DA:194,0
DA:195,0
DA:196,0
DA:197,0
DA:198,0
DA:199,0
DA:201,0
DA:205,0
DA:206,0
DA:207,0
DA:208,0
DA:211,0
DA:215,0
DA:216,0
DA:217,0
DA:218,0
DA:219,0
DA:221,0
DA:222,0
DA:223,0
DA:228,0
DA:229,0
DA:230,0
DA:231,0
DA:232,0
DA:233,0
DA:235,0
DA:236,0
DA:237,0
DA:238,0
DA:239,0
DA:240,0
DA:243,0
DA:246,2
LF:64
LH:5
BRDA:169,0,0,0
BRDA:169,0,1,0
BRDA:175,1,0,0
BRDA:175,1,1,0
BRDA:191,2,0,0
BRDA:191,2,1,0
BRDA:191,3,0,0
BRDA:191,3,1,0
BRDA:191,3,2,0
BRDA:191,3,3,0
BRDA:191,3,4,0
BRDA:191,3,5,0
BRDA:205,4,0,0
BRDA:205,4,1,0
BRDA:205,5,0,0
BRDA:205,5,1,0
BRDA:207,6,0,0
BRDA:207,6,1,0
BRDA:215,7,0,0
BRDA:215,7,1,0
BRDA:215,8,0,0
BRDA:215,8,1,0
BRDA:215,8,2,0
BRDA:216,9,0,0
BRDA:216,9,1,0
BRDA:228,10,0,0
BRDA:228,10,1,0
BRDA:228,11,0,0
BRDA:228,11,1,0
BRDA:228,11,2,0
BRDA:237,12,0,0
BRDA:237,12,1,0
BRDA:237,13,0,0
BRDA:237,13,1,0
BRDA:237,13,2,0
BRDA:239,14,0,0
BRDA:239,14,1,0
BRDA:239,15,0,0
BRDA:239,15,1,0
BRDA:246,16,0,0
BRDA:246,16,1,0
BRDA:246,17,0,0
BRDA:246,17,1,0
BRDA:246,18,0,0
BRDA:246,18,1,0
BRDA:246,19,0,0
BRDA:246,19,1,0
BRDA:246,20,0,0
BRDA:246,20,1,0
BRDA:246,21,0,0
BRDA:246,21,1,0
BRDA:246,22,0,0
BRDA:246,22,1,0
BRDA:246,23,0,0
BRDA:246,23,1,0
BRDA:246,24,0,0
BRDA:246,24,1,0
BRDA:246,25,0,0
BRDA:246,25,1,0
BRF:59
BRH:0
end_of_record
TN:
SF:src\components\NestedRoute.vue
FN:21,render
FNF:1
FNH:0
FNDA:0,render
DA:4,1
DA:7,1
DA:8,1
DA:14,1
DA:16,1
DA:19,1
DA:20,1
DA:22,0
DA:23,1
LF:9
LH:8
BRF:0
BRH:0
end_of_record
